[Mon Jun 12 07:41:32 2023] PHP 8.2.2 Development Server (http://localhost:2525) started
[Mon Jun 12 07:42:31 2023] [::1]:37062 Accepted
[Mon Jun 12 07:42:31 2023] [::1]:37062 [302]: GET /
[Mon Jun 12 07:42:31 2023] [::1]:37062 Closing
[Mon Jun 12 07:42:31 2023] [::1]:37068 Accepted
[Mon Jun 12 07:42:31 2023] [::1]:37068 [200]: GET /login.php
[Mon Jun 12 07:42:31 2023] [::1]:37068 Closing
[Mon Jun 12 07:42:32 2023] [::1]:37082 Accepted
[Mon Jun 12 07:42:32 2023] [::1]:37082 [200]: GET /assets/css/bootstrap.min.css
[Mon Jun 12 07:42:32 2023] [::1]:37082 Closing
[Mon Jun 12 07:42:32 2023] [::1]:37096 Accepted
[Mon Jun 12 07:42:32 2023] [::1]:37096 [200]: GET /assets/css/style.css
[Mon Jun 12 07:42:32 2023] [::1]:37096 Closing
[Mon Jun 12 07:42:32 2023] [::1]:37106 Accepted
[Mon Jun 12 07:42:32 2023] [::1]:37106 [404]: GET /favicon.ico - No such file or directory
[Mon Jun 12 07:42:32 2023] [::1]:37106 Closing
[Mon Jun 12 07:42:36 2023] [::1]:58700 Accepted
[Mon Jun 12 07:42:36 2023] [::1]:58700 [200]: POST /login.php
[Mon Jun 12 07:42:36 2023] [::1]:58700 Closing
[Mon Jun 12 07:42:36 2023] [::1]:58706 Accepted
[Mon Jun 12 07:42:36 2023] [::1]:58706 [200]: GET /assets/css/style.css
[Mon Jun 12 07:42:36 2023] [::1]:58706 Closing
[Mon Jun 12 07:42:36 2023] [::1]:58720 Accepted
[Mon Jun 12 07:42:36 2023] [::1]:58720 [200]: GET /assets/css/bootstrap.min.css
[Mon Jun 12 07:42:36 2023] [::1]:58720 Closing
[Mon Jun 12 07:42:37 2023] [::1]:58732 Accepted
[Mon Jun 12 07:42:37 2023] [::1]:58732 [200]: GET /panel.php
[Mon Jun 12 07:42:37 2023] [::1]:58732 Closing
[Mon Jun 12 07:42:38 2023] [::1]:58748 Accepted
[Mon Jun 12 07:42:38 2023] [::1]:58764 Accepted
[Mon Jun 12 07:42:38 2023] [::1]:58776 Accepted
[Mon Jun 12 07:42:38 2023] [::1]:58748 [200]: GET /assets/js/script.js
[Mon Jun 12 07:42:38 2023] [::1]:58764 [200]: GET /assets/js/sweetalert2.min.js
[Mon Jun 12 07:42:38 2023] [::1]:58776 [200]: GET /assets/css/bootstrap.min.css
[Mon Jun 12 07:42:38 2023] [::1]:58778 Accepted
[Mon Jun 12 07:42:38 2023] [::1]:58748 Closing
[Mon Jun 12 07:42:38 2023] [::1]:58764 Closing
[Mon Jun 12 07:42:38 2023] [::1]:58776 Closing
[Mon Jun 12 07:42:38 2023] [::1]:58778 [200]: GET /assets/js/growl-notification.min.js
[Mon Jun 12 07:42:38 2023] [::1]:58778 Closing
[Mon Jun 12 07:42:38 2023] [::1]:58796 Accepted
[Mon Jun 12 07:42:38 2023] [::1]:58782 Accepted
[Mon Jun 12 07:42:38 2023] [::1]:58782 [200]: GET /assets/css/light-theme.min.css
[Mon Jun 12 07:42:38 2023] [::1]:58796 [200]: GET /assets/js/jquery.min.js
[Mon Jun 12 07:42:38 2023] [::1]:58782 Closing
[Mon Jun 12 07:42:38 2023] [::1]:58796 Closing
[Mon Jun 12 07:42:40 2023] [::1]:58806 Accepted
[Mon Jun 12 07:42:40 2023] [::1]:58806 [200]: GET /Settings.json
[Mon Jun 12 07:42:40 2023] [::1]:58806 Closing
[Mon Jun 12 07:42:40 2023] [::1]:58822 Accepted
[Mon Jun 12 07:42:40 2023] [::1]:58822 [200]: POST /list_templates.php
[Mon Jun 12 07:42:40 2023] [::1]:58822 Closing
[Mon Jun 12 07:42:43 2023] [::1]:58828 Accepted
[Mon Jun 12 07:42:43 2023] [::1]:58828 [200]: POST /receiver.php
[Mon Jun 12 07:42:43 2023] [::1]:58828 Closing
[Mon Jun 12 07:42:45 2023] [::1]:49148 Accepted
[Mon Jun 12 07:42:45 2023] [::1]:49148 [200]: POST /receiver.php
[Mon Jun 12 07:42:45 2023] [::1]:49148 Closing
[Mon Jun 12 07:42:47 2023] [::1]:49154 Accepted
[Mon Jun 12 07:42:47 2023] [::1]:49154 [200]: POST /receiver.php
[Mon Jun 12 07:42:47 2023] [::1]:49154 Closing
[Mon Jun 12 07:42:49 2023] [::1]:49160 Accepted
[Mon Jun 12 07:42:49 2023] [::1]:49160 [200]: POST /receiver.php
[Mon Jun 12 07:42:49 2023] [::1]:49160 Closing
[Mon Jun 12 07:42:51 2023] [::1]:49162 Accepted
[Mon Jun 12 07:42:51 2023] [::1]:49162 [200]: POST /receiver.php
[Mon Jun 12 07:42:51 2023] [::1]:49162 Closing
[Mon Jun 12 07:42:53 2023] [::1]:49170 Accepted
[Mon Jun 12 07:42:53 2023] [::1]:49170 [200]: POST /receiver.php
[Mon Jun 12 07:42:53 2023] [::1]:49170 Closing
[Mon Jun 12 07:42:55 2023] [::1]:50874 Accepted
[Mon Jun 12 07:42:55 2023] [::1]:50874 [200]: POST /receiver.php
[Mon Jun 12 07:42:55 2023] [::1]:50874 Closing
[Mon Jun 12 07:42:57 2023] [::1]:50888 Accepted
[Mon Jun 12 07:42:57 2023] [::1]:50888 [200]: POST /receiver.php
[Mon Jun 12 07:42:57 2023] [::1]:50888 Closing
[Mon Jun 12 07:42:59 2023] [::1]:50902 Accepted
[Mon Jun 12 07:42:59 2023] [::1]:50902 [200]: POST /receiver.php
[Mon Jun 12 07:42:59 2023] [::1]:50902 Closing
[Mon Jun 12 07:43:01 2023] [::1]:50906 Accepted
[Mon Jun 12 07:43:01 2023] [::1]:50906 [200]: POST /receiver.php
[Mon Jun 12 07:43:01 2023] [::1]:50906 Closing
[Mon Jun 12 07:43:03 2023] [::1]:50916 Accepted
[Mon Jun 12 07:43:03 2023] [::1]:50916 [200]: POST /receiver.php
[Mon Jun 12 07:43:03 2023] [::1]:50916 Closing
[Mon Jun 12 07:43:05 2023] [::1]:54886 Accepted
[Mon Jun 12 07:43:05 2023] [::1]:54886 [200]: POST /receiver.php
[Mon Jun 12 07:43:05 2023] [::1]:54886 Closing
[Mon Jun 12 07:43:07 2023] [::1]:54888 Accepted
[Mon Jun 12 07:43:07 2023] [::1]:54888 [200]: POST /receiver.php
[Mon Jun 12 07:43:07 2023] [::1]:54888 Closing
[Mon Jun 12 07:43:09 2023] [::1]:54890 Accepted
[Mon Jun 12 07:43:09 2023] [::1]:54890 [200]: POST /receiver.php
[Mon Jun 12 07:43:09 2023] [::1]:54890 Closing
[Mon Jun 12 07:43:11 2023] [::1]:54894 Accepted
[Mon Jun 12 07:43:11 2023] [::1]:54894 [200]: POST /receiver.php
[Mon Jun 12 07:43:11 2023] [::1]:54894 Closing
[Mon Jun 12 07:43:13 2023] [::1]:54904 Accepted
[Mon Jun 12 07:43:13 2023] [::1]:54904 [200]: POST /receiver.php
[Mon Jun 12 07:43:13 2023] [::1]:54904 Closing
[Mon Jun 12 07:43:15 2023] [::1]:46168 Accepted
[Mon Jun 12 07:43:15 2023] [::1]:46168 [200]: POST /receiver.php
[Mon Jun 12 07:43:15 2023] [::1]:46168 Closing
[Mon Jun 12 07:43:17 2023] [::1]:46172 Accepted
[Mon Jun 12 07:43:17 2023] [::1]:46172 [200]: POST /receiver.php
[Mon Jun 12 07:43:17 2023] [::1]:46172 Closing
[Mon Jun 12 07:43:19 2023] [::1]:46182 Accepted
[Mon Jun 12 07:43:19 2023] [::1]:46182 [200]: POST /receiver.php
[Mon Jun 12 07:43:19 2023] [::1]:46182 Closing
[Mon Jun 12 07:43:21 2023] [::1]:46192 Accepted
[Mon Jun 12 07:43:21 2023] [::1]:46192 [200]: POST /receiver.php
[Mon Jun 12 07:43:21 2023] [::1]:46192 Closing
[Mon Jun 12 07:43:23 2023] [::1]:46200 Accepted
[Mon Jun 12 07:43:23 2023] [::1]:46200 [200]: POST /receiver.php
[Mon Jun 12 07:43:23 2023] [::1]:46200 Closing
[Mon Jun 12 07:43:25 2023] [::1]:53164 Accepted
[Mon Jun 12 07:43:25 2023] [::1]:53164 [200]: POST /receiver.php
[Mon Jun 12 07:43:25 2023] [::1]:53164 Closing
[Mon Jun 12 07:43:27 2023] [::1]:53174 Accepted
[Mon Jun 12 07:43:27 2023] [::1]:53174 [200]: POST /receiver.php
[Mon Jun 12 07:43:27 2023] [::1]:53174 Closing
[Mon Jun 12 07:43:29 2023] [::1]:53180 Accepted
[Mon Jun 12 07:43:29 2023] [::1]:53180 [200]: POST /receiver.php
[Mon Jun 12 07:43:29 2023] [::1]:53180 Closing
[Mon Jun 12 07:43:31 2023] [::1]:53184 Accepted
[Mon Jun 12 07:43:31 2023] [::1]:53184 [200]: POST /receiver.php
[Mon Jun 12 07:43:31 2023] [::1]:53184 Closing
[Mon Jun 12 07:43:33 2023] [::1]:53196 Accepted
[Mon Jun 12 07:43:33 2023] [::1]:53196 [200]: POST /receiver.php
[Mon Jun 12 07:43:33 2023] [::1]:53196 Closing
[Mon Jun 12 07:43:35 2023] [::1]:60858 Accepted
[Mon Jun 12 07:43:35 2023] [::1]:60858 [200]: POST /receiver.php
[Mon Jun 12 07:43:35 2023] [::1]:60858 Closing
[Mon Jun 12 07:43:37 2023] [::1]:60872 Accepted
[Mon Jun 12 07:43:37 2023] [::1]:60872 [200]: POST /receiver.php
[Mon Jun 12 07:43:37 2023] [::1]:60872 Closing
[Mon Jun 12 07:43:39 2023] [::1]:60884 Accepted
[Mon Jun 12 07:43:39 2023] [::1]:60884 [200]: POST /receiver.php
[Mon Jun 12 07:43:39 2023] [::1]:60884 Closing
[Mon Jun 12 07:43:41 2023] [::1]:60894 Accepted
[Mon Jun 12 07:43:41 2023] [::1]:60894 [200]: POST /receiver.php
[Mon Jun 12 07:43:41 2023] [::1]:60894 Closing
[Mon Jun 12 07:43:43 2023] [::1]:60902 Accepted
[Mon Jun 12 07:43:43 2023] [::1]:60902 [200]: POST /receiver.php
[Mon Jun 12 07:43:43 2023] [::1]:60902 Closing
[Mon Jun 12 07:43:45 2023] [::1]:40376 Accepted
[Mon Jun 12 07:43:45 2023] [::1]:40376 [200]: POST /receiver.php
[Mon Jun 12 07:43:45 2023] [::1]:40376 Closing
[Mon Jun 12 07:43:47 2023] [::1]:40388 Accepted
[Mon Jun 12 07:43:47 2023] [::1]:40388 [200]: POST /receiver.php
[Mon Jun 12 07:43:47 2023] [::1]:40388 Closing
[Mon Jun 12 07:43:49 2023] [::1]:40402 Accepted
[Mon Jun 12 07:43:49 2023] [::1]:40402 [200]: POST /receiver.php
[Mon Jun 12 07:43:49 2023] [::1]:40402 Closing
[Mon Jun 12 07:43:51 2023] [::1]:40404 Accepted
[Mon Jun 12 07:43:51 2023] [::1]:40404 [200]: POST /receiver.php
[Mon Jun 12 07:43:51 2023] [::1]:40404 Closing
[Mon Jun 12 07:43:53 2023] [::1]:40420 Accepted
[Mon Jun 12 07:43:53 2023] [::1]:40420 [200]: POST /receiver.php
[Mon Jun 12 07:43:53 2023] [::1]:40420 Closing
[Mon Jun 12 07:43:55 2023] [::1]:36920 Accepted
[Mon Jun 12 07:43:55 2023] [::1]:36920 [200]: POST /receiver.php
[Mon Jun 12 07:43:55 2023] [::1]:36920 Closing
[Mon Jun 12 07:43:57 2023] [::1]:36928 Accepted
[Mon Jun 12 07:43:57 2023] [::1]:36928 [200]: POST /receiver.php
[Mon Jun 12 07:43:57 2023] [::1]:36928 Closing
[Mon Jun 12 07:43:59 2023] [::1]:36932 Accepted
[Mon Jun 12 07:43:59 2023] [::1]:36932 [200]: POST /receiver.php
[Mon Jun 12 07:43:59 2023] [::1]:36932 Closing
[Mon Jun 12 07:44:01 2023] [::1]:36948 Accepted
[Mon Jun 12 07:44:01 2023] [::1]:36948 [200]: POST /receiver.php
[Mon Jun 12 07:44:01 2023] [::1]:36948 Closing
[Mon Jun 12 07:44:03 2023] [::1]:36950 Accepted
[Mon Jun 12 07:44:03 2023] [::1]:36950 [200]: POST /receiver.php
[Mon Jun 12 07:44:03 2023] [::1]:36950 Closing
[Mon Jun 12 07:44:05 2023] [::1]:59030 Accepted
[Mon Jun 12 07:44:05 2023] [::1]:59030 [200]: POST /receiver.php
[Mon Jun 12 07:44:05 2023] [::1]:59030 Closing
[Mon Jun 12 07:44:07 2023] [::1]:59046 Accepted
[Mon Jun 12 07:44:07 2023] [::1]:59046 [200]: POST /receiver.php
[Mon Jun 12 07:44:07 2023] [::1]:59046 Closing
[Mon Jun 12 07:44:09 2023] [::1]:59062 Accepted
[Mon Jun 12 07:44:09 2023] [::1]:59062 [200]: POST /receiver.php
[Mon Jun 12 07:44:09 2023] [::1]:59062 Closing
[Mon Jun 12 07:44:11 2023] [::1]:59066 Accepted
[Mon Jun 12 07:44:11 2023] [::1]:59066 [200]: POST /receiver.php
[Mon Jun 12 07:44:11 2023] [::1]:59066 Closing
[Mon Jun 12 07:44:13 2023] [::1]:59072 Accepted
[Mon Jun 12 07:44:13 2023] [::1]:59072 [200]: POST /receiver.php
[Mon Jun 12 07:44:13 2023] [::1]:59072 Closing
[Mon Jun 12 07:44:15 2023] [::1]:56666 Accepted
[Mon Jun 12 07:44:15 2023] [::1]:56666 [200]: POST /receiver.php
[Mon Jun 12 07:44:15 2023] [::1]:56666 Closing
[Mon Jun 12 07:44:17 2023] [::1]:56670 Accepted
[Mon Jun 12 07:44:17 2023] [::1]:56670 [200]: POST /receiver.php
[Mon Jun 12 07:44:17 2023] [::1]:56670 Closing
[Mon Jun 12 07:44:19 2023] [::1]:56672 Accepted
[Mon Jun 12 07:44:19 2023] [::1]:56672 [200]: POST /receiver.php
[Mon Jun 12 07:44:19 2023] [::1]:56672 Closing
[Mon Jun 12 07:44:21 2023] [::1]:56678 Accepted
[Mon Jun 12 07:44:21 2023] [::1]:56678 [200]: POST /receiver.php
[Mon Jun 12 07:44:21 2023] [::1]:56678 Closing
[Mon Jun 12 07:44:23 2023] [::1]:56694 Accepted
[Mon Jun 12 07:44:23 2023] [::1]:56694 [200]: POST /receiver.php
[Mon Jun 12 07:44:23 2023] [::1]:56694 Closing
[Mon Jun 12 07:44:25 2023] [::1]:34482 Accepted
[Mon Jun 12 07:44:25 2023] [::1]:34482 [200]: POST /receiver.php
[Mon Jun 12 07:44:25 2023] [::1]:34482 Closing
[Mon Jun 12 07:44:27 2023] [::1]:34486 Accepted
[Mon Jun 12 07:44:27 2023] [::1]:34486 [200]: POST /receiver.php
[Mon Jun 12 07:44:27 2023] [::1]:34486 Closing
[Mon Jun 12 07:44:29 2023] [::1]:34490 Accepted
[Mon Jun 12 07:44:29 2023] [::1]:34490 [200]: POST /receiver.php
[Mon Jun 12 07:44:29 2023] [::1]:34490 Closing
[Mon Jun 12 07:44:31 2023] [::1]:34492 Accepted
[Mon Jun 12 07:44:31 2023] [::1]:34492 [200]: POST /receiver.php
[Mon Jun 12 07:44:31 2023] [::1]:34492 Closing
[Mon Jun 12 07:44:33 2023] [::1]:34506 Accepted
[Mon Jun 12 07:44:33 2023] [::1]:34506 [200]: POST /receiver.php
[Mon Jun 12 07:44:33 2023] [::1]:34506 Closing
[Mon Jun 12 07:44:35 2023] [::1]:57490 Accepted
[Mon Jun 12 07:44:35 2023] [::1]:57490 [200]: POST /receiver.php
[Mon Jun 12 07:44:35 2023] [::1]:57490 Closing
[Mon Jun 12 07:44:37 2023] [::1]:57496 Accepted
[Mon Jun 12 07:44:37 2023] [::1]:57496 [200]: POST /receiver.php
[Mon Jun 12 07:44:37 2023] [::1]:57496 Closing
[Mon Jun 12 07:44:39 2023] [::1]:57498 Accepted
[Mon Jun 12 07:44:39 2023] [::1]:57498 [200]: POST /receiver.php
[Mon Jun 12 07:44:39 2023] [::1]:57498 Closing
[Mon Jun 12 07:44:41 2023] [::1]:57504 Accepted
[Mon Jun 12 07:44:41 2023] [::1]:57504 [200]: POST /receiver.php
[Mon Jun 12 07:44:41 2023] [::1]:57504 Closing
[Mon Jun 12 07:44:43 2023] [::1]:57508 Accepted
[Mon Jun 12 07:44:43 2023] [::1]:57508 [200]: POST /receiver.php
[Mon Jun 12 07:44:43 2023] [::1]:57508 Closing
[Mon Jun 12 07:44:45 2023] [::1]:58622 Accepted
[Mon Jun 12 07:44:45 2023] [::1]:58622 [200]: POST /receiver.php
[Mon Jun 12 07:44:45 2023] [::1]:58622 Closing
[Mon Jun 12 07:44:47 2023] [::1]:58632 Accepted
[Mon Jun 12 07:44:47 2023] [::1]:58632 [200]: POST /receiver.php
[Mon Jun 12 07:44:47 2023] [::1]:58632 Closing
[Mon Jun 12 07:44:49 2023] [::1]:58638 Accepted
[Mon Jun 12 07:44:49 2023] [::1]:58638 [200]: POST /receiver.php
[Mon Jun 12 07:44:49 2023] [::1]:58638 Closing
[Mon Jun 12 07:44:51 2023] [::1]:58644 Accepted
[Mon Jun 12 07:44:51 2023] [::1]:58644 [200]: POST /receiver.php
[Mon Jun 12 07:44:51 2023] [::1]:58644 Closing
[Mon Jun 12 07:44:53 2023] [::1]:58660 Accepted
[Mon Jun 12 07:44:53 2023] [::1]:58660 [200]: POST /receiver.php
[Mon Jun 12 07:44:53 2023] [::1]:58660 Closing
[Mon Jun 12 07:44:55 2023] [::1]:46298 Accepted
[Mon Jun 12 07:44:55 2023] [::1]:46298 [200]: POST /receiver.php
[Mon Jun 12 07:44:55 2023] [::1]:46298 Closing
[Mon Jun 12 07:44:57 2023] [::1]:46308 Accepted
[Mon Jun 12 07:44:57 2023] [::1]:46308 [200]: POST /receiver.php
[Mon Jun 12 07:44:57 2023] [::1]:46308 Closing
[Mon Jun 12 07:44:59 2023] [::1]:46310 Accepted
[Mon Jun 12 07:44:59 2023] [::1]:46310 [200]: POST /receiver.php
[Mon Jun 12 07:44:59 2023] [::1]:46310 Closing
[Mon Jun 12 07:45:01 2023] [::1]:46318 Accepted
[Mon Jun 12 07:45:01 2023] [::1]:46318 [200]: POST /receiver.php
[Mon Jun 12 07:45:01 2023] [::1]:46318 Closing
[Mon Jun 12 07:45:03 2023] [::1]:46330 Accepted
[Mon Jun 12 07:45:03 2023] [::1]:46330 [200]: POST /receiver.php
[Mon Jun 12 07:45:03 2023] [::1]:46330 Closing
[Mon Jun 12 07:45:05 2023] [::1]:43816 Accepted
[Mon Jun 12 07:45:05 2023] [::1]:43816 [200]: POST /receiver.php
[Mon Jun 12 07:45:05 2023] [::1]:43816 Closing
[Mon Jun 12 07:45:07 2023] [::1]:43824 Accepted
[Mon Jun 12 07:45:07 2023] [::1]:43824 [200]: POST /receiver.php
[Mon Jun 12 07:45:07 2023] [::1]:43824 Closing
[Mon Jun 12 07:45:09 2023] [::1]:43826 Accepted
[Mon Jun 12 07:45:09 2023] [::1]:43826 [200]: POST /receiver.php
[Mon Jun 12 07:45:09 2023] [::1]:43826 Closing
[Mon Jun 12 07:45:11 2023] [::1]:43836 Accepted
[Mon Jun 12 07:45:11 2023] [::1]:43836 [200]: POST /receiver.php
[Mon Jun 12 07:45:11 2023] [::1]:43836 Closing
[Mon Jun 12 07:45:13 2023] [::1]:43846 Accepted
[Mon Jun 12 07:45:13 2023] [::1]:43846 [200]: POST /receiver.php
[Mon Jun 12 07:45:13 2023] [::1]:43846 Closing
[Mon Jun 12 07:45:15 2023] [::1]:41192 Accepted
[Mon Jun 12 07:45:15 2023] [::1]:41192 [200]: POST /receiver.php
[Mon Jun 12 07:45:15 2023] [::1]:41192 Closing
[Mon Jun 12 07:45:17 2023] [::1]:41196 Accepted
[Mon Jun 12 07:45:17 2023] [::1]:41196 [200]: POST /receiver.php
[Mon Jun 12 07:45:17 2023] [::1]:41196 Closing
[Mon Jun 12 07:45:19 2023] [::1]:41200 Accepted
[Mon Jun 12 07:45:19 2023] [::1]:41200 [200]: POST /receiver.php
[Mon Jun 12 07:45:19 2023] [::1]:41200 Closing
[Mon Jun 12 07:45:21 2023] [::1]:41208 Accepted
[Mon Jun 12 07:45:21 2023] [::1]:41208 [200]: POST /receiver.php
[Mon Jun 12 07:45:21 2023] [::1]:41208 Closing
[Mon Jun 12 07:45:23 2023] [::1]:41212 Accepted
[Mon Jun 12 07:45:23 2023] [::1]:41212 [200]: POST /receiver.php
[Mon Jun 12 07:45:23 2023] [::1]:41212 Closing
[Mon Jun 12 07:45:25 2023] [::1]:52142 Accepted
[Mon Jun 12 07:45:25 2023] [::1]:52142 [200]: POST /receiver.php
[Mon Jun 12 07:45:25 2023] [::1]:52142 Closing
[Mon Jun 12 07:45:27 2023] [::1]:52158 Accepted
[Mon Jun 12 07:45:27 2023] [::1]:52158 [200]: POST /receiver.php
[Mon Jun 12 07:45:27 2023] [::1]:52158 Closing
[Mon Jun 12 07:45:29 2023] [::1]:52168 Accepted
[Mon Jun 12 07:45:29 2023] [::1]:52168 [200]: POST /receiver.php
[Mon Jun 12 07:45:29 2023] [::1]:52168 Closing
[Mon Jun 12 07:45:31 2023] [::1]:52182 Accepted
[Mon Jun 12 07:45:31 2023] [::1]:52182 [200]: POST /receiver.php
[Mon Jun 12 07:45:31 2023] [::1]:52182 Closing
[Mon Jun 12 07:45:33 2023] [::1]:52186 Accepted
[Mon Jun 12 07:45:33 2023] [::1]:52186 [200]: POST /receiver.php
[Mon Jun 12 07:45:33 2023] [::1]:52186 Closing
[Mon Jun 12 07:45:35 2023] [::1]:53424 Accepted
[Mon Jun 12 07:45:35 2023] [::1]:53424 [200]: POST /receiver.php
[Mon Jun 12 07:45:35 2023] [::1]:53424 Closing
[Mon Jun 12 07:45:37 2023] [::1]:53426 Accepted
[Mon Jun 12 07:45:37 2023] [::1]:53426 [200]: POST /receiver.php
[Mon Jun 12 07:45:37 2023] [::1]:53426 Closing
[Mon Jun 12 07:45:39 2023] [::1]:53428 Accepted
[Mon Jun 12 07:45:39 2023] [::1]:53428 [200]: POST /receiver.php
[Mon Jun 12 07:45:39 2023] [::1]:53428 Closing
[Mon Jun 12 07:45:41 2023] [::1]:53442 Accepted
[Mon Jun 12 07:45:41 2023] [::1]:53442 [200]: POST /receiver.php
[Mon Jun 12 07:45:41 2023] [::1]:53442 Closing
[Mon Jun 12 07:45:43 2023] [::1]:53452 Accepted
[Mon Jun 12 07:45:43 2023] [::1]:53452 [200]: POST /receiver.php
[Mon Jun 12 07:45:43 2023] [::1]:53452 Closing
[Mon Jun 12 07:45:45 2023] [::1]:53560 Accepted
[Mon Jun 12 07:45:45 2023] [::1]:53560 [200]: POST /receiver.php
[Mon Jun 12 07:45:45 2023] [::1]:53560 Closing
[Mon Jun 12 07:45:47 2023] [::1]:53566 Accepted
[Mon Jun 12 07:45:47 2023] [::1]:53566 [200]: POST /receiver.php
[Mon Jun 12 07:45:47 2023] [::1]:53566 Closing
[Mon Jun 12 07:45:49 2023] [::1]:53578 Accepted
[Mon Jun 12 07:45:49 2023] [::1]:53578 [200]: POST /receiver.php
[Mon Jun 12 07:45:49 2023] [::1]:53578 Closing
[Mon Jun 12 07:45:51 2023] [::1]:53588 Accepted
[Mon Jun 12 07:45:51 2023] [::1]:53588 [200]: POST /receiver.php
[Mon Jun 12 07:45:51 2023] [::1]:53588 Closing
[Mon Jun 12 07:45:53 2023] [::1]:53600 Accepted
[Mon Jun 12 07:45:53 2023] [::1]:53600 [200]: POST /receiver.php
[Mon Jun 12 07:45:53 2023] [::1]:53600 Closing
[Mon Jun 12 07:45:55 2023] [::1]:58508 Accepted
[Mon Jun 12 07:45:55 2023] [::1]:58508 [200]: POST /receiver.php
[Mon Jun 12 07:45:55 2023] [::1]:58508 Closing
[Mon Jun 12 07:45:57 2023] [::1]:58518 Accepted
[Mon Jun 12 07:45:57 2023] [::1]:58518 [200]: POST /receiver.php
[Mon Jun 12 07:45:57 2023] [::1]:58518 Closing
[Mon Jun 12 07:45:59 2023] [::1]:58534 Accepted
[Mon Jun 12 07:45:59 2023] [::1]:58534 [200]: POST /receiver.php
[Mon Jun 12 07:45:59 2023] [::1]:58534 Closing
[Mon Jun 12 07:46:01 2023] [::1]:58538 Accepted
[Mon Jun 12 07:46:01 2023] [::1]:58538 [200]: POST /receiver.php
[Mon Jun 12 07:46:01 2023] [::1]:58538 Closing
[Mon Jun 12 07:46:03 2023] [::1]:58544 Accepted
[Mon Jun 12 07:46:03 2023] [::1]:58544 [200]: POST /receiver.php
[Mon Jun 12 07:46:03 2023] [::1]:58544 Closing
[Mon Jun 12 07:46:05 2023] [::1]:38066 Accepted
[Mon Jun 12 07:46:05 2023] [::1]:38066 [200]: POST /receiver.php
[Mon Jun 12 07:46:05 2023] [::1]:38066 Closing
[Mon Jun 12 07:46:07 2023] [::1]:38080 Accepted
[Mon Jun 12 07:46:07 2023] [::1]:38080 [200]: POST /receiver.php
[Mon Jun 12 07:46:07 2023] [::1]:38080 Closing
[Mon Jun 12 07:46:09 2023] [::1]:38082 Accepted
[Mon Jun 12 07:46:09 2023] [::1]:38082 [200]: POST /receiver.php
[Mon Jun 12 07:46:09 2023] [::1]:38082 Closing
[Mon Jun 12 07:46:11 2023] [::1]:38094 Accepted
[Mon Jun 12 07:46:11 2023] [::1]:38094 [200]: POST /receiver.php
[Mon Jun 12 07:46:11 2023] [::1]:38094 Closing
[Mon Jun 12 07:46:13 2023] [::1]:38104 Accepted
[Mon Jun 12 07:46:13 2023] [::1]:38104 [200]: POST /receiver.php
[Mon Jun 12 07:46:13 2023] [::1]:38104 Closing
[Mon Jun 12 07:46:15 2023] [::1]:52724 Accepted
[Mon Jun 12 07:46:15 2023] [::1]:52724 [200]: POST /receiver.php
[Mon Jun 12 07:46:15 2023] [::1]:52724 Closing
[Mon Jun 12 07:46:17 2023] [::1]:52740 Accepted
[Mon Jun 12 07:46:17 2023] [::1]:52740 [200]: POST /receiver.php
[Mon Jun 12 07:46:17 2023] [::1]:52740 Closing
[Mon Jun 12 07:46:19 2023] [::1]:52752 Accepted
[Mon Jun 12 07:46:19 2023] [::1]:52752 [200]: POST /receiver.php
[Mon Jun 12 07:46:19 2023] [::1]:52752 Closing
[Mon Jun 12 07:46:21 2023] [::1]:52756 Accepted
[Mon Jun 12 07:46:21 2023] [::1]:52756 [200]: POST /receiver.php
[Mon Jun 12 07:46:21 2023] [::1]:52756 Closing
[Mon Jun 12 07:46:23 2023] [::1]:52772 Accepted
[Mon Jun 12 07:46:23 2023] [::1]:52772 [200]: POST /receiver.php
[Mon Jun 12 07:46:23 2023] [::1]:52772 Closing
[Mon Jun 12 07:46:25 2023] [::1]:39808 Accepted
[Mon Jun 12 07:46:25 2023] [::1]:39808 [200]: POST /receiver.php
[Mon Jun 12 07:46:25 2023] [::1]:39808 Closing
[Mon Jun 12 07:46:27 2023] [::1]:39822 Accepted
[Mon Jun 12 07:46:27 2023] [::1]:39822 [200]: POST /receiver.php
[Mon Jun 12 07:46:27 2023] [::1]:39822 Closing
[Mon Jun 12 07:46:29 2023] [::1]:39828 Accepted
[Mon Jun 12 07:46:29 2023] [::1]:39828 [200]: POST /receiver.php
[Mon Jun 12 07:46:29 2023] [::1]:39828 Closing
[Mon Jun 12 07:46:31 2023] [::1]:39844 Accepted
[Mon Jun 12 07:46:31 2023] [::1]:39844 [200]: POST /receiver.php
[Mon Jun 12 07:46:31 2023] [::1]:39844 Closing
[Mon Jun 12 07:46:33 2023] [::1]:39856 Accepted
[Mon Jun 12 07:46:33 2023] [::1]:39856 [200]: POST /receiver.php
[Mon Jun 12 07:46:33 2023] [::1]:39856 Closing
[Mon Jun 12 07:46:35 2023] [::1]:54156 Accepted
[Mon Jun 12 07:46:35 2023] [::1]:54156 [200]: POST /receiver.php
[Mon Jun 12 07:46:35 2023] [::1]:54156 Closing
[Mon Jun 12 07:46:37 2023] [::1]:54166 Accepted
[Mon Jun 12 07:46:37 2023] [::1]:54166 [200]: POST /receiver.php
[Mon Jun 12 07:46:37 2023] [::1]:54166 Closing
[Mon Jun 12 07:46:39 2023] [::1]:54170 Accepted
[Mon Jun 12 07:46:39 2023] [::1]:54170 [200]: POST /receiver.php
[Mon Jun 12 07:46:39 2023] [::1]:54170 Closing
[Mon Jun 12 07:46:41 2023] [::1]:54172 Accepted
[Mon Jun 12 07:46:41 2023] [::1]:54172 [200]: POST /receiver.php
[Mon Jun 12 07:46:41 2023] [::1]:54172 Closing
[Mon Jun 12 07:46:43 2023] [::1]:54176 Accepted
[Mon Jun 12 07:46:43 2023] [::1]:54176 [200]: POST /receiver.php
[Mon Jun 12 07:46:43 2023] [::1]:54176 Closing
[Mon Jun 12 07:46:45 2023] [::1]:53098 Accepted
[Mon Jun 12 07:46:45 2023] [::1]:53098 [200]: POST /receiver.php
[Mon Jun 12 07:46:45 2023] [::1]:53098 Closing
[Mon Jun 12 07:46:47 2023] [::1]:53104 Accepted
[Mon Jun 12 07:46:47 2023] [::1]:53104 [200]: POST /receiver.php
[Mon Jun 12 07:46:47 2023] [::1]:53104 Closing
[Mon Jun 12 07:46:49 2023] [::1]:53112 Accepted
[Mon Jun 12 07:46:49 2023] [::1]:53112 [200]: POST /receiver.php
[Mon Jun 12 07:46:49 2023] [::1]:53112 Closing
[Mon Jun 12 07:46:51 2023] [::1]:53118 Accepted
[Mon Jun 12 07:46:51 2023] [::1]:53118 [200]: POST /receiver.php
[Mon Jun 12 07:46:51 2023] [::1]:53118 Closing
[Mon Jun 12 07:46:53 2023] [::1]:53122 Accepted
[Mon Jun 12 07:46:53 2023] [::1]:53122 [200]: POST /receiver.php
[Mon Jun 12 07:46:53 2023] [::1]:53122 Closing
[Mon Jun 12 07:46:55 2023] [::1]:37072 Accepted
[Mon Jun 12 07:46:55 2023] [::1]:37072 [200]: POST /receiver.php
[Mon Jun 12 07:46:55 2023] [::1]:37072 Closing
[Mon Jun 12 07:46:57 2023] [::1]:37078 Accepted
[Mon Jun 12 07:46:57 2023] [::1]:37078 [200]: POST /receiver.php
[Mon Jun 12 07:46:57 2023] [::1]:37078 Closing
[Mon Jun 12 07:46:59 2023] [::1]:37094 Accepted
[Mon Jun 12 07:46:59 2023] [::1]:37094 [200]: POST /receiver.php
[Mon Jun 12 07:46:59 2023] [::1]:37094 Closing
[Mon Jun 12 07:47:01 2023] [::1]:37102 Accepted
[Mon Jun 12 07:47:01 2023] [::1]:37102 [200]: POST /receiver.php
[Mon Jun 12 07:47:01 2023] [::1]:37102 Closing
[Mon Jun 12 07:47:03 2023] [::1]:37118 Accepted
[Mon Jun 12 07:47:03 2023] [::1]:37118 [200]: POST /receiver.php
[Mon Jun 12 07:47:03 2023] [::1]:37118 Closing
[Mon Jun 12 07:47:05 2023] [::1]:32878 Accepted
[Mon Jun 12 07:47:05 2023] [::1]:32878 [200]: POST /receiver.php
[Mon Jun 12 07:47:05 2023] [::1]:32878 Closing
[Mon Jun 12 07:47:07 2023] [::1]:32894 Accepted
[Mon Jun 12 07:47:07 2023] [::1]:32894 [200]: POST /receiver.php
[Mon Jun 12 07:47:07 2023] [::1]:32894 Closing
[Mon Jun 12 07:47:09 2023] [::1]:32902 Accepted
[Mon Jun 12 07:47:09 2023] [::1]:32902 [200]: POST /receiver.php
[Mon Jun 12 07:47:09 2023] [::1]:32902 Closing
[Mon Jun 12 07:47:11 2023] [::1]:32910 Accepted
[Mon Jun 12 07:47:11 2023] [::1]:32910 [200]: POST /receiver.php
[Mon Jun 12 07:47:11 2023] [::1]:32910 Closing
[Mon Jun 12 07:47:13 2023] [::1]:32914 Accepted
[Mon Jun 12 07:47:13 2023] [::1]:32914 [200]: POST /receiver.php
[Mon Jun 12 07:47:13 2023] [::1]:32914 Closing
[Mon Jun 12 07:47:15 2023] [::1]:35938 Accepted
[Mon Jun 12 07:47:15 2023] [::1]:35938 [200]: POST /receiver.php
[Mon Jun 12 07:47:15 2023] [::1]:35938 Closing
[Mon Jun 12 07:47:17 2023] [::1]:35948 Accepted
[Mon Jun 12 07:47:17 2023] [::1]:35948 [200]: POST /receiver.php
[Mon Jun 12 07:47:17 2023] [::1]:35948 Closing
[Mon Jun 12 07:47:19 2023] [::1]:35960 Accepted
[Mon Jun 12 07:47:19 2023] [::1]:35960 [200]: POST /receiver.php
[Mon Jun 12 07:47:19 2023] [::1]:35960 Closing
[Mon Jun 12 07:47:21 2023] [::1]:35974 Accepted
[Mon Jun 12 07:47:21 2023] [::1]:35974 [200]: POST /receiver.php
[Mon Jun 12 07:47:21 2023] [::1]:35974 Closing
[Mon Jun 12 07:47:24 2023] [::1]:35984 Accepted
[Mon Jun 12 07:47:24 2023] [::1]:35984 [200]: GET /login.php
[Mon Jun 12 07:47:24 2023] [::1]:35984 Closing
[Mon Jun 12 07:47:24 2023] [::1]:36000 Accepted
[Mon Jun 12 07:47:24 2023] [::1]:36000 [200]: POST /receiver.php
[Mon Jun 12 07:47:24 2023] [::1]:36000 Closing
[Mon Jun 12 07:47:24 2023] [::1]:33682 Accepted
[Mon Jun 12 07:47:24 2023] [::1]:33682 [200]: GET /assets/css/bootstrap.min.css
[Mon Jun 12 07:47:24 2023] [::1]:33682 Closing
[Mon Jun 12 07:47:24 2023] [::1]:33684 Accepted
[Mon Jun 12 07:47:24 2023] [::1]:33684 [200]: GET /assets/css/style.css
[Mon Jun 12 07:47:24 2023] [::1]:33684 Closing
[Mon Jun 12 07:47:25 2023] [::1]:33690 Accepted
[Mon Jun 12 07:47:25 2023] [::1]:33690 [200]: POST /receiver.php
[Mon Jun 12 07:47:25 2023] [::1]:33690 Closing
[Mon Jun 12 07:47:27 2023] [::1]:33700 Accepted
[Mon Jun 12 07:47:27 2023] [::1]:33700 [200]: POST /receiver.php
[Mon Jun 12 07:47:27 2023] [::1]:33700 Closing
[Mon Jun 12 07:47:30 2023] [::1]:33710 Accepted
[Mon Jun 12 07:47:30 2023] [::1]:33710 [200]: POST /receiver.php
[Mon Jun 12 07:47:30 2023] [::1]:33710 Closing
[Mon Jun 12 07:47:31 2023] [::1]:33714 Accepted
[Mon Jun 12 07:47:31 2023] [::1]:33714 [200]: POST /receiver.php
[Mon Jun 12 07:47:31 2023] [::1]:33714 Closing
[Mon Jun 12 07:47:33 2023] [::1]:33718 Accepted
[Mon Jun 12 07:47:33 2023] [::1]:33718 [200]: POST /receiver.php
[Mon Jun 12 07:47:33 2023] [::1]:33718 Closing
[Mon Jun 12 07:47:35 2023] [::1]:42168 Accepted
[Mon Jun 12 07:47:35 2023] [::1]:42168 [200]: POST /receiver.php
[Mon Jun 12 07:47:35 2023] [::1]:42168 Closing
[Mon Jun 12 07:47:37 2023] [::1]:42172 Accepted
[Mon Jun 12 07:47:37 2023] [::1]:42172 [200]: POST /receiver.php
[Mon Jun 12 07:47:37 2023] [::1]:42172 Closing
[Mon Jun 12 07:47:39 2023] [::1]:42180 Accepted
[Mon Jun 12 07:47:39 2023] [::1]:42180 [200]: POST /receiver.php
[Mon Jun 12 07:47:39 2023] [::1]:42180 Closing
[Mon Jun 12 07:47:41 2023] [::1]:42184 Accepted
[Mon Jun 12 07:47:41 2023] [::1]:42184 [200]: POST /receiver.php
[Mon Jun 12 07:47:41 2023] [::1]:42184 Closing
[Mon Jun 12 07:47:43 2023] [::1]:42186 Accepted
[Mon Jun 12 07:47:43 2023] [::1]:42186 [200]: POST /receiver.php
[Mon Jun 12 07:47:43 2023] [::1]:42186 Closing
[Mon Jun 12 07:47:45 2023] [::1]:33868 Accepted
[Mon Jun 12 07:47:45 2023] [::1]:33868 [200]: POST /receiver.php
[Mon Jun 12 07:47:45 2023] [::1]:33868 Closing
[Mon Jun 12 07:47:47 2023] [::1]:33884 Accepted
[Mon Jun 12 07:47:47 2023] [::1]:33884 [200]: POST /receiver.php
[Mon Jun 12 07:47:47 2023] [::1]:33884 Closing
[Mon Jun 12 07:47:49 2023] [::1]:33894 Accepted
[Mon Jun 12 07:47:49 2023] [::1]:33894 [200]: POST /receiver.php
[Mon Jun 12 07:47:49 2023] [::1]:33894 Closing
[Mon Jun 12 07:47:51 2023] [::1]:33910 Accepted
[Mon Jun 12 07:47:52 2023] [::1]:33910 [200]: POST /receiver.php
[Mon Jun 12 07:47:52 2023] [::1]:33910 Closing
[Mon Jun 12 07:47:54 2023] [::1]:49368 Accepted
[Mon Jun 12 07:47:54 2023] [::1]:49368 [200]: POST /receiver.php
[Mon Jun 12 07:47:54 2023] [::1]:49368 Closing
[Mon Jun 12 07:47:57 2023] [::1]:49374 Accepted
[Mon Jun 12 07:47:57 2023] [::1]:49374 [200]: POST /receiver.php
[Mon Jun 12 07:47:57 2023] [::1]:49374 Closing
[Mon Jun 12 07:48:00 2023] [::1]:49386 Accepted
[Mon Jun 12 07:48:00 2023] [::1]:49386 [200]: POST /receiver.php
[Mon Jun 12 07:48:00 2023] [::1]:49386 Closing
[Mon Jun 12 07:48:04 2023] [::1]:49394 Accepted
[Mon Jun 12 07:48:04 2023] [::1]:49394 [200]: POST /receiver.php
[Mon Jun 12 07:48:04 2023] [::1]:49394 Closing
[Mon Jun 12 07:48:05 2023] [::1]:47334 Accepted
[Mon Jun 12 07:48:05 2023] [::1]:47334 [200]: POST /receiver.php
[Mon Jun 12 07:48:05 2023] [::1]:47334 Closing
[Mon Jun 12 07:48:06 2023] [::1]:47342 Accepted
[Mon Jun 12 07:48:06 2023] [::1]:47342 [200]: POST /receiver.php
[Mon Jun 12 07:48:06 2023] [::1]:47342 Closing
[Mon Jun 12 07:48:18 2023] [::1]:47218 Accepted
[Mon Jun 12 07:48:18 2023] [::1]:47218 [200]: POST /receiver.php
[Mon Jun 12 07:48:18 2023] [::1]:47218 Closing
[Mon Jun 12 07:48:19 2023] [::1]:47230 Accepted
[Mon Jun 12 07:48:19 2023] [::1]:47230 [200]: POST /receiver.php
[Mon Jun 12 07:48:19 2023] [::1]:47230 Closing
[Mon Jun 12 07:48:20 2023] [::1]:47240 Accepted
[Mon Jun 12 07:48:20 2023] [::1]:47240 [200]: POST /receiver.php
[Mon Jun 12 07:48:20 2023] [::1]:47240 Closing
[Mon Jun 12 07:48:25 2023] [::1]:49890 Accepted
[Mon Jun 12 07:48:25 2023] [::1]:49890 [200]: POST /receiver.php
[Mon Jun 12 07:48:25 2023] [::1]:49890 Closing
[Mon Jun 12 07:48:26 2023] [::1]:49894 Accepted
[Mon Jun 12 07:48:26 2023] [::1]:49894 [200]: POST /receiver.php
[Mon Jun 12 07:48:26 2023] [::1]:49894 Closing
[Mon Jun 12 07:48:26 2023] [::1]:49904 Accepted
[Mon Jun 12 07:48:26 2023] [::1]:49904 [200]: POST /receiver.php
[Mon Jun 12 07:48:26 2023] [::1]:49904 Closing
[Mon Jun 12 07:48:28 2023] [::1]:49914 Accepted
[Mon Jun 12 07:48:28 2023] [::1]:49914 [200]: POST /receiver.php
[Mon Jun 12 07:48:28 2023] [::1]:49914 Closing
[Mon Jun 12 07:48:30 2023] [::1]:49916 Accepted
[Mon Jun 12 07:48:30 2023] [::1]:49916 [200]: POST /receiver.php
[Mon Jun 12 07:48:30 2023] [::1]:49916 Closing
[Mon Jun 12 07:48:32 2023] [::1]:49932 Accepted
[Mon Jun 12 07:48:32 2023] [::1]:49932 [200]: POST /receiver.php
[Mon Jun 12 07:48:32 2023] [::1]:49932 Closing
[Mon Jun 12 07:48:34 2023] [::1]:40192 Accepted
[Mon Jun 12 07:48:34 2023] [::1]:40192 [200]: POST /receiver.php
[Mon Jun 12 07:48:34 2023] [::1]:40192 Closing
[Mon Jun 12 07:48:36 2023] [::1]:40198 Accepted
[Mon Jun 12 07:48:36 2023] [::1]:40198 [200]: POST /receiver.php
[Mon Jun 12 07:48:36 2023] [::1]:40198 Closing
[Mon Jun 12 07:48:38 2023] [::1]:40206 Accepted
[Mon Jun 12 07:48:38 2023] [::1]:40206 [200]: POST /receiver.php
[Mon Jun 12 07:48:38 2023] [::1]:40206 Closing
[Mon Jun 12 07:48:40 2023] [::1]:40208 Accepted
[Mon Jun 12 07:48:40 2023] [::1]:40208 [200]: POST /receiver.php
[Mon Jun 12 07:48:40 2023] [::1]:40208 Closing
[Mon Jun 12 07:48:42 2023] [::1]:40214 Accepted
[Mon Jun 12 07:48:42 2023] [::1]:40214 [200]: POST /receiver.php
[Mon Jun 12 07:48:42 2023] [::1]:40214 Closing
[Mon Jun 12 07:48:44 2023] [::1]:40226 Accepted
[Mon Jun 12 07:48:44 2023] [::1]:40226 [200]: POST /receiver.php
[Mon Jun 12 07:48:44 2023] [::1]:40226 Closing
[Mon Jun 12 07:48:46 2023] [::1]:51554 Accepted
[Mon Jun 12 07:48:46 2023] [::1]:51554 [200]: POST /receiver.php
[Mon Jun 12 07:48:46 2023] [::1]:51554 Closing
[Mon Jun 12 07:48:48 2023] [::1]:51560 Accepted
[Mon Jun 12 07:48:48 2023] [::1]:51560 [200]: POST /receiver.php
[Mon Jun 12 07:48:48 2023] [::1]:51560 Closing
[Mon Jun 12 07:48:50 2023] [::1]:51562 Accepted
[Mon Jun 12 07:48:50 2023] [::1]:51562 [200]: POST /receiver.php
[Mon Jun 12 07:48:50 2023] [::1]:51562 Closing
[Mon Jun 12 07:48:52 2023] [::1]:51576 Accepted
[Mon Jun 12 07:48:52 2023] [::1]:51576 [200]: POST /receiver.php
[Mon Jun 12 07:48:52 2023] [::1]:51576 Closing
[Mon Jun 12 07:48:54 2023] [::1]:51588 Accepted
[Mon Jun 12 07:48:54 2023] [::1]:51588 [200]: POST /receiver.php
[Mon Jun 12 07:48:54 2023] [::1]:51588 Closing
[Mon Jun 12 07:48:56 2023] [::1]:45076 Accepted
[Mon Jun 12 07:48:56 2023] [::1]:45076 [200]: POST /receiver.php
[Mon Jun 12 07:48:56 2023] [::1]:45076 Closing
[Mon Jun 12 07:48:58 2023] [::1]:45080 Accepted
[Mon Jun 12 07:48:58 2023] [::1]:45080 [200]: POST /receiver.php
[Mon Jun 12 07:48:58 2023] [::1]:45080 Closing
[Mon Jun 12 07:49:00 2023] [::1]:45084 Accepted
[Mon Jun 12 07:49:00 2023] [::1]:45084 [200]: POST /receiver.php
[Mon Jun 12 07:49:00 2023] [::1]:45084 Closing
[Mon Jun 12 07:49:02 2023] [::1]:45090 Accepted
[Mon Jun 12 07:49:02 2023] [::1]:45090 [200]: POST /receiver.php
[Mon Jun 12 07:49:02 2023] [::1]:45090 Closing
[Mon Jun 12 07:49:04 2023] [::1]:45100 Accepted
[Mon Jun 12 07:49:04 2023] [::1]:45100 [200]: POST /receiver.php
[Mon Jun 12 07:49:04 2023] [::1]:45100 Closing
[Mon Jun 12 07:49:07 2023] [::1]:53304 Accepted
[Mon Jun 12 07:49:07 2023] [::1]:53304 [200]: POST /receiver.php
[Mon Jun 12 07:49:07 2023] [::1]:53304 Closing
[Mon Jun 12 07:49:09 2023] [::1]:53316 Accepted
[Mon Jun 12 07:49:09 2023] [::1]:53316 [200]: POST /receiver.php
[Mon Jun 12 07:49:09 2023] [::1]:53316 Closing
[Mon Jun 12 07:49:11 2023] [::1]:53324 Accepted
[Mon Jun 12 07:49:11 2023] [::1]:53324 [200]: POST /receiver.php
[Mon Jun 12 07:49:11 2023] [::1]:53324 Closing
[Mon Jun 12 07:49:22 2023] [::1]:33554 Accepted
[Mon Jun 12 07:49:22 2023] [::1]:33554 [200]: POST /receiver.php
[Mon Jun 12 07:49:22 2023] [::1]:33554 Closing
[Mon Jun 12 07:49:31 2023] [::1]:34724 Accepted
[Mon Jun 12 07:49:31 2023] [::1]:34724 [200]: POST /receiver.php
[Mon Jun 12 07:49:31 2023] [::1]:34724 Closing
[Mon Jun 12 07:49:31 2023] [::1]:34738 Accepted
[Mon Jun 12 07:49:31 2023] [::1]:34744 Accepted
[Mon Jun 12 07:49:31 2023] [::1]:34756 Accepted
[Mon Jun 12 07:49:31 2023] [::1]:34756 [200]: POST /receiver.php
[Mon Jun 12 07:49:31 2023] [::1]:34756 Closing
[Mon Jun 12 07:49:31 2023] [::1]:34780 Accepted
[Mon Jun 12 07:49:31 2023] [::1]:34738 [200]: POST /receiver.php
[Mon Jun 12 07:49:31 2023] [::1]:34738 Closing
[Mon Jun 12 07:49:31 2023] [::1]:34768 Accepted
[Mon Jun 12 07:49:31 2023] [::1]:34768 [200]: POST /receiver.php
[Mon Jun 12 07:49:31 2023] [::1]:34768 Closing
[Mon Jun 12 07:49:31 2023] [::1]:34782 Accepted
[Mon Jun 12 07:49:31 2023] [::1]:34788 Accepted
[Mon Jun 12 07:49:31 2023] [::1]:34782 [200]: POST /receiver.php
[Mon Jun 12 07:49:31 2023] [::1]:34782 Closing
[Mon Jun 12 07:49:31 2023] [::1]:34744 [200]: POST /receiver.php
[Mon Jun 12 07:49:31 2023] [::1]:34744 Closing
[Mon Jun 12 07:49:31 2023] [::1]:34790 Accepted
[Mon Jun 12 07:49:31 2023] [::1]:34780 [200]: POST /receiver.php
[Mon Jun 12 07:49:31 2023] [::1]:34780 Closing
[Mon Jun 12 07:49:31 2023] [::1]:34788 [200]: POST /receiver.php
[Mon Jun 12 07:49:31 2023] [::1]:34788 Closing
[Mon Jun 12 07:49:31 2023] [::1]:34790 [200]: POST /receiver.php
[Mon Jun 12 07:49:31 2023] [::1]:34790 Closing
[Mon Jun 12 07:49:37 2023] [::1]:51754 Accepted
[Mon Jun 12 07:49:37 2023] [::1]:51754 [200]: POST /receiver.php
[Mon Jun 12 07:49:37 2023] [::1]:51754 Closing
[Mon Jun 12 07:49:37 2023] [::1]:51766 Accepted
[Mon Jun 12 07:49:37 2023] [::1]:51766 [200]: POST /receiver.php
[Mon Jun 12 07:49:37 2023] [::1]:51766 Closing
[Mon Jun 12 07:49:41 2023] [::1]:51768 Accepted
[Mon Jun 12 07:49:41 2023] [::1]:51768 [200]: POST /receiver.php
[Mon Jun 12 07:49:41 2023] [::1]:51768 Closing
[Mon Jun 12 07:49:41 2023] [::1]:51784 Accepted
[Mon Jun 12 07:49:41 2023] [::1]:51784 [200]: POST /receiver.php
[Mon Jun 12 07:49:41 2023] [::1]:51784 Closing
[Mon Jun 12 07:49:42 2023] [::1]:51796 Accepted
[Mon Jun 12 07:49:42 2023] [::1]:51796 [200]: POST /receiver.php
[Mon Jun 12 07:49:42 2023] [::1]:51796 Closing
[Mon Jun 12 07:49:47 2023] [::1]:33260 Accepted
[Mon Jun 12 07:49:47 2023] [::1]:33260 [200]: POST /receiver.php
[Mon Jun 12 07:49:47 2023] [::1]:33260 Closing
[Mon Jun 12 07:49:47 2023] [::1]:33276 Accepted
[Mon Jun 12 07:49:48 2023] [::1]:33276 [200]: POST /receiver.php
[Mon Jun 12 07:49:48 2023] [::1]:33276 Closing
[Mon Jun 12 07:49:48 2023] [::1]:33292 Accepted
[Mon Jun 12 07:49:48 2023] [::1]:33292 [200]: POST /receiver.php
[Mon Jun 12 07:49:48 2023] [::1]:33292 Closing
[Mon Jun 12 07:49:50 2023] [::1]:33304 Accepted
[Mon Jun 12 07:49:50 2023] [::1]:33304 [200]: POST /receiver.php
[Mon Jun 12 07:49:50 2023] [::1]:33304 Closing
[Mon Jun 12 07:49:56 2023] [::1]:51824 Accepted
[Mon Jun 12 07:49:56 2023] [::1]:51824 [200]: POST /receiver.php
[Mon Jun 12 07:49:56 2023] [::1]:51824 Closing
[Mon Jun 12 07:49:56 2023] [::1]:51826 Accepted
[Mon Jun 12 07:49:56 2023] [::1]:51826 [200]: POST /receiver.php
[Mon Jun 12 07:49:56 2023] [::1]:51826 Closing
[Mon Jun 12 07:49:57 2023] [::1]:51834 Accepted
[Mon Jun 12 07:49:57 2023] [::1]:51834 [200]: POST /receiver.php
[Mon Jun 12 07:49:57 2023] [::1]:51834 Closing
[Mon Jun 12 07:49:57 2023] [::1]:51838 Accepted
[Mon Jun 12 07:49:57 2023] [::1]:51838 [200]: POST /receiver.php
[Mon Jun 12 07:49:58 2023] [::1]:51838 Closing
[Mon Jun 12 07:49:59 2023] [::1]:51842 Accepted
[Mon Jun 12 07:49:59 2023] [::1]:51842 [200]: POST /receiver.php
[Mon Jun 12 07:49:59 2023] [::1]:51842 Closing
[Mon Jun 12 07:50:01 2023] [::1]:51858 Accepted
[Mon Jun 12 07:50:01 2023] [::1]:51858 [200]: POST /receiver.php
[Mon Jun 12 07:50:01 2023] [::1]:51858 Closing
[Mon Jun 12 07:50:03 2023] [::1]:51874 Accepted
[Mon Jun 12 07:50:03 2023] [::1]:51874 [200]: POST /receiver.php
[Mon Jun 12 07:50:03 2023] [::1]:51874 Closing
[Mon Jun 12 07:50:05 2023] [::1]:36284 Accepted
[Mon Jun 12 07:50:05 2023] [::1]:36284 [200]: POST /receiver.php
[Mon Jun 12 07:50:05 2023] [::1]:36284 Closing
[Mon Jun 12 07:50:07 2023] [::1]:36292 Accepted
[Mon Jun 12 07:50:07 2023] [::1]:36292 [200]: POST /receiver.php
[Mon Jun 12 07:50:07 2023] [::1]:36292 Closing
[Mon Jun 12 07:50:09 2023] [::1]:36294 Accepted
[Mon Jun 12 07:50:09 2023] [::1]:36294 [200]: POST /receiver.php
[Mon Jun 12 07:50:09 2023] [::1]:36294 Closing
[Mon Jun 12 07:50:11 2023] [::1]:36304 Accepted
[Mon Jun 12 07:50:11 2023] [::1]:36304 [200]: POST /receiver.php
[Mon Jun 12 07:50:11 2023] [::1]:36304 Closing
[Mon Jun 12 07:50:13 2023] [::1]:36316 Accepted
[Mon Jun 12 07:50:13 2023] [::1]:36316 [200]: POST /receiver.php
[Mon Jun 12 07:50:13 2023] [::1]:36316 Closing
[Mon Jun 12 07:50:15 2023] [::1]:52058 Accepted
[Mon Jun 12 07:50:15 2023] [::1]:52058 [200]: POST /receiver.php
[Mon Jun 12 07:50:15 2023] [::1]:52058 Closing
[Mon Jun 12 07:50:17 2023] [::1]:52060 Accepted
[Mon Jun 12 07:50:17 2023] [::1]:52060 [200]: POST /receiver.php
[Mon Jun 12 07:50:17 2023] [::1]:52060 Closing
[Mon Jun 12 07:50:20 2023] [::1]:52070 Accepted
[Mon Jun 12 07:50:20 2023] [::1]:52070 [200]: POST /receiver.php
[Mon Jun 12 07:50:20 2023] [::1]:52070 Closing
[Mon Jun 12 07:50:22 2023] [::1]:52082 Accepted
[Mon Jun 12 07:50:22 2023] [::1]:52082 [200]: POST /receiver.php
[Mon Jun 12 07:50:22 2023] [::1]:52082 Closing
[Mon Jun 12 07:50:24 2023] [::1]:52086 Accepted
[Mon Jun 12 07:50:24 2023] [::1]:52086 [200]: POST /receiver.php
[Mon Jun 12 07:50:24 2023] [::1]:52086 Closing
[Mon Jun 12 07:50:25 2023] [::1]:56288 Accepted
[Mon Jun 12 07:50:25 2023] [::1]:56288 [200]: POST /receiver.php
[Mon Jun 12 07:50:25 2023] [::1]:56288 Closing
[Mon Jun 12 07:50:28 2023] [::1]:56294 Accepted
[Mon Jun 12 07:50:28 2023] [::1]:56294 [200]: POST /receiver.php
[Mon Jun 12 07:50:28 2023] [::1]:56294 Closing
[Mon Jun 12 07:50:29 2023] [::1]:56304 Accepted
[Mon Jun 12 07:50:29 2023] [::1]:56304 [200]: POST /receiver.php
[Mon Jun 12 07:50:29 2023] [::1]:56304 Closing
[Mon Jun 12 07:50:31 2023] [::1]:56318 Accepted
[Mon Jun 12 07:50:31 2023] [::1]:56318 [200]: POST /receiver.php
[Mon Jun 12 07:50:31 2023] [::1]:56318 Closing
[Mon Jun 12 07:50:33 2023] [::1]:56334 Accepted
[Mon Jun 12 07:50:33 2023] [::1]:56334 [200]: POST /receiver.php
[Mon Jun 12 07:50:33 2023] [::1]:56334 Closing
[Mon Jun 12 07:50:35 2023] [::1]:44928 Accepted
[Mon Jun 12 07:50:35 2023] [::1]:44928 [200]: POST /receiver.php
[Mon Jun 12 07:50:35 2023] [::1]:44928 Closing
[Mon Jun 12 07:50:37 2023] [::1]:44930 Accepted
[Mon Jun 12 07:50:37 2023] [::1]:44930 [200]: POST /receiver.php
[Mon Jun 12 07:50:37 2023] [::1]:44930 Closing
[Mon Jun 12 07:50:39 2023] [::1]:44942 Accepted
[Mon Jun 12 07:50:39 2023] [::1]:44942 [200]: POST /receiver.php
[Mon Jun 12 07:50:39 2023] [::1]:44942 Closing
[Mon Jun 12 07:50:41 2023] [::1]:44954 Accepted
[Mon Jun 12 07:50:41 2023] [::1]:44954 [200]: POST /receiver.php
[Mon Jun 12 07:50:41 2023] [::1]:44954 Closing
[Mon Jun 12 07:50:43 2023] [::1]:44962 Accepted
[Mon Jun 12 07:50:43 2023] [::1]:44962 [200]: POST /receiver.php
[Mon Jun 12 07:50:43 2023] [::1]:44962 Closing
[Mon Jun 12 07:50:45 2023] [::1]:46188 Accepted
[Mon Jun 12 07:50:45 2023] [::1]:46188 [200]: POST /receiver.php
[Mon Jun 12 07:50:45 2023] [::1]:46188 Closing
[Mon Jun 12 07:50:47 2023] [::1]:46196 Accepted
[Mon Jun 12 07:50:47 2023] [::1]:46196 [200]: POST /receiver.php
[Mon Jun 12 07:50:47 2023] [::1]:46196 Closing
[Mon Jun 12 07:50:49 2023] [::1]:46206 Accepted
[Mon Jun 12 07:50:49 2023] [::1]:46206 [200]: POST /receiver.php
[Mon Jun 12 07:50:49 2023] [::1]:46206 Closing
[Mon Jun 12 07:50:51 2023] [::1]:46218 Accepted
[Mon Jun 12 07:50:51 2023] [::1]:46218 [200]: POST /receiver.php
[Mon Jun 12 07:50:51 2023] [::1]:46218 Closing
[Mon Jun 12 07:50:53 2023] [::1]:46220 Accepted
[Mon Jun 12 07:50:53 2023] [::1]:46220 [200]: POST /receiver.php
[Mon Jun 12 07:50:53 2023] [::1]:46220 Closing
[Mon Jun 12 07:50:55 2023] [::1]:42940 Accepted
[Mon Jun 12 07:50:55 2023] [::1]:42940 [200]: POST /receiver.php
[Mon Jun 12 07:50:55 2023] [::1]:42940 Closing
[Mon Jun 12 07:50:57 2023] [::1]:42946 Accepted
[Mon Jun 12 07:50:57 2023] [::1]:42946 [200]: POST /receiver.php
[Mon Jun 12 07:50:57 2023] [::1]:42946 Closing
[Mon Jun 12 07:50:59 2023] [::1]:42952 Accepted
[Mon Jun 12 07:50:59 2023] [::1]:42952 [200]: POST /receiver.php
[Mon Jun 12 07:50:59 2023] [::1]:42952 Closing
[Mon Jun 12 07:51:01 2023] [::1]:42968 Accepted
[Mon Jun 12 07:51:01 2023] [::1]:42968 [200]: POST /receiver.php
[Mon Jun 12 07:51:01 2023] [::1]:42968 Closing
[Mon Jun 12 07:51:03 2023] [::1]:42974 Accepted
[Mon Jun 12 07:51:03 2023] [::1]:42974 [200]: POST /receiver.php
[Mon Jun 12 07:51:03 2023] [::1]:42974 Closing
[Mon Jun 12 07:51:05 2023] [::1]:55474 Accepted
[Mon Jun 12 07:51:05 2023] [::1]:55474 [200]: POST /receiver.php
[Mon Jun 12 07:51:05 2023] [::1]:55474 Closing
[Mon Jun 12 07:51:07 2023] [::1]:55476 Accepted
[Mon Jun 12 07:51:07 2023] [::1]:55476 [200]: POST /receiver.php
[Mon Jun 12 07:51:07 2023] [::1]:55476 Closing
[Mon Jun 12 07:51:09 2023] [::1]:55486 Accepted
[Mon Jun 12 07:51:09 2023] [::1]:55486 [200]: POST /receiver.php
[Mon Jun 12 07:51:09 2023] [::1]:55486 Closing
[Mon Jun 12 07:51:11 2023] [::1]:55490 Accepted
[Mon Jun 12 07:51:11 2023] [::1]:55490 [200]: POST /receiver.php
[Mon Jun 12 07:51:11 2023] [::1]:55490 Closing
[Mon Jun 12 07:51:13 2023] [::1]:55500 Accepted
[Mon Jun 12 07:51:13 2023] [::1]:55500 [200]: POST /receiver.php
[Mon Jun 12 07:51:13 2023] [::1]:55500 Closing
[Mon Jun 12 07:51:15 2023] [::1]:47246 Accepted
[Mon Jun 12 07:51:15 2023] [::1]:47246 [200]: POST /receiver.php
[Mon Jun 12 07:51:15 2023] [::1]:47246 Closing
[Mon Jun 12 07:51:17 2023] [::1]:47260 Accepted
[Mon Jun 12 07:51:17 2023] [::1]:47260 [200]: POST /receiver.php
[Mon Jun 12 07:51:17 2023] [::1]:47260 Closing
[Mon Jun 12 07:51:19 2023] [::1]:47272 Accepted
[Mon Jun 12 07:51:19 2023] [::1]:47272 [200]: POST /receiver.php
[Mon Jun 12 07:51:19 2023] [::1]:47272 Closing
[Mon Jun 12 07:51:21 2023] [::1]:47280 Accepted
[Mon Jun 12 07:51:21 2023] [::1]:47280 [200]: POST /receiver.php
[Mon Jun 12 07:51:21 2023] [::1]:47280 Closing
[Mon Jun 12 07:51:23 2023] [::1]:47294 Accepted
[Mon Jun 12 07:51:23 2023] [::1]:47294 [200]: POST /receiver.php
[Mon Jun 12 07:51:23 2023] [::1]:47294 Closing
[Mon Jun 12 07:51:25 2023] [::1]:59004 Accepted
[Mon Jun 12 07:51:25 2023] [::1]:59004 [200]: POST /receiver.php
[Mon Jun 12 07:51:25 2023] [::1]:59004 Closing
[Mon Jun 12 07:51:27 2023] [::1]:59010 Accepted
[Mon Jun 12 07:51:27 2023] [::1]:59010 [200]: POST /receiver.php
[Mon Jun 12 07:51:27 2023] [::1]:59010 Closing
[Mon Jun 12 07:51:30 2023] [::1]:59018 Accepted
[Mon Jun 12 07:51:30 2023] [::1]:59018 [200]: POST /receiver.php
[Mon Jun 12 07:51:30 2023] [::1]:59018 Closing
[Mon Jun 12 07:51:31 2023] [::1]:59020 Accepted
[Mon Jun 12 07:51:31 2023] [::1]:59020 [200]: POST /receiver.php
[Mon Jun 12 07:51:31 2023] [::1]:59020 Closing
[Mon Jun 12 07:51:33 2023] [::1]:59026 Accepted
[Mon Jun 12 07:51:33 2023] [::1]:59026 [200]: POST /receiver.php
[Mon Jun 12 07:51:33 2023] [::1]:59026 Closing
[Mon Jun 12 07:51:35 2023] [::1]:36724 Accepted
[Mon Jun 12 07:51:35 2023] [::1]:36724 [200]: POST /receiver.php
[Mon Jun 12 07:51:35 2023] [::1]:36724 Closing
[Mon Jun 12 07:51:37 2023] [::1]:36736 Accepted
[Mon Jun 12 07:51:37 2023] [::1]:36736 [200]: POST /receiver.php
[Mon Jun 12 07:51:37 2023] [::1]:36736 Closing
[Mon Jun 12 07:51:39 2023] [::1]:36744 Accepted
[Mon Jun 12 07:51:39 2023] [::1]:36744 [200]: POST /receiver.php
[Mon Jun 12 07:51:39 2023] [::1]:36744 Closing
[Mon Jun 12 07:51:42 2023] [::1]:36748 Accepted
[Mon Jun 12 07:51:42 2023] [::1]:36748 [200]: POST /receiver.php
[Mon Jun 12 07:51:42 2023] [::1]:36748 Closing
[Mon Jun 12 07:51:43 2023] [::1]:36762 Accepted
[Mon Jun 12 07:51:43 2023] [::1]:36762 [200]: POST /receiver.php
[Mon Jun 12 07:51:43 2023] [::1]:36762 Closing
[Mon Jun 12 07:51:45 2023] [::1]:58808 Accepted
[Mon Jun 12 07:51:45 2023] [::1]:58808 [200]: POST /receiver.php
[Mon Jun 12 07:51:45 2023] [::1]:58808 Closing
[Mon Jun 12 07:51:47 2023] [::1]:58820 Accepted
[Mon Jun 12 07:51:47 2023] [::1]:58820 [200]: POST /receiver.php
[Mon Jun 12 07:51:47 2023] [::1]:58820 Closing
[Mon Jun 12 07:51:49 2023] [::1]:58822 Accepted
[Mon Jun 12 07:51:49 2023] [::1]:58822 [200]: POST /receiver.php
[Mon Jun 12 07:51:49 2023] [::1]:58822 Closing
[Mon Jun 12 07:51:51 2023] [::1]:58836 Accepted
[Mon Jun 12 07:51:51 2023] [::1]:58836 [200]: POST /receiver.php
[Mon Jun 12 07:51:51 2023] [::1]:58836 Closing
[Mon Jun 12 07:51:53 2023] [::1]:58848 Accepted
[Mon Jun 12 07:51:53 2023] [::1]:58848 [200]: POST /receiver.php
[Mon Jun 12 07:51:53 2023] [::1]:58848 Closing
[Mon Jun 12 07:51:55 2023] [::1]:35164 Accepted
[Mon Jun 12 07:51:55 2023] [::1]:35164 [200]: POST /receiver.php
[Mon Jun 12 07:51:55 2023] [::1]:35164 Closing
[Mon Jun 12 07:51:57 2023] [::1]:35172 Accepted
[Mon Jun 12 07:51:57 2023] [::1]:35172 [200]: POST /receiver.php
[Mon Jun 12 07:51:57 2023] [::1]:35172 Closing
[Mon Jun 12 07:51:59 2023] [::1]:35184 Accepted
[Mon Jun 12 07:51:59 2023] [::1]:35184 [200]: POST /receiver.php
[Mon Jun 12 07:51:59 2023] [::1]:35184 Closing
[Mon Jun 12 07:52:01 2023] [::1]:35192 Accepted
[Mon Jun 12 07:52:01 2023] [::1]:35192 [200]: POST /receiver.php
[Mon Jun 12 07:52:01 2023] [::1]:35192 Closing
[Mon Jun 12 07:52:03 2023] [::1]:35196 Accepted
[Mon Jun 12 07:52:03 2023] [::1]:35196 [200]: POST /receiver.php
[Mon Jun 12 07:52:03 2023] [::1]:35196 Closing
[Mon Jun 12 07:52:05 2023] [::1]:37556 Accepted
[Mon Jun 12 07:52:05 2023] [::1]:37556 [200]: POST /receiver.php
[Mon Jun 12 07:52:05 2023] [::1]:37556 Closing
[Mon Jun 12 07:52:07 2023] [::1]:37572 Accepted
[Mon Jun 12 07:52:07 2023] [::1]:37572 [200]: POST /receiver.php
[Mon Jun 12 07:52:07 2023] [::1]:37572 Closing
[Mon Jun 12 07:52:09 2023] [::1]:37582 Accepted
[Mon Jun 12 07:52:09 2023] [::1]:37582 [200]: POST /receiver.php
[Mon Jun 12 07:52:09 2023] [::1]:37582 Closing
[Mon Jun 12 07:52:11 2023] [::1]:37596 Accepted
[Mon Jun 12 07:52:11 2023] [::1]:37596 [200]: POST /receiver.php
[Mon Jun 12 07:52:11 2023] [::1]:37596 Closing
[Mon Jun 12 07:52:13 2023] [::1]:37600 Accepted
[Mon Jun 12 07:52:13 2023] [::1]:37600 [200]: POST /receiver.php
[Mon Jun 12 07:52:13 2023] [::1]:37600 Closing
[Mon Jun 12 07:52:15 2023] [::1]:40280 Accepted
[Mon Jun 12 07:52:15 2023] [::1]:40280 [200]: POST /receiver.php
[Mon Jun 12 07:52:15 2023] [::1]:40280 Closing
[Mon Jun 12 07:52:17 2023] [::1]:40286 Accepted
[Mon Jun 12 07:52:17 2023] [::1]:40286 [200]: POST /receiver.php
[Mon Jun 12 07:52:17 2023] [::1]:40286 Closing
[Mon Jun 12 07:52:19 2023] [::1]:40298 Accepted
[Mon Jun 12 07:52:19 2023] [::1]:40298 [200]: POST /receiver.php
[Mon Jun 12 07:52:19 2023] [::1]:40298 Closing
[Mon Jun 12 07:52:21 2023] [::1]:40314 Accepted
[Mon Jun 12 07:52:21 2023] [::1]:40314 [200]: POST /receiver.php
[Mon Jun 12 07:52:21 2023] [::1]:40314 Closing
[Mon Jun 12 07:52:23 2023] [::1]:40324 Accepted
[Mon Jun 12 07:52:23 2023] [::1]:40324 [200]: POST /receiver.php
[Mon Jun 12 07:52:23 2023] [::1]:40324 Closing
[Mon Jun 12 07:52:25 2023] [::1]:38874 Accepted
[Mon Jun 12 07:52:25 2023] [::1]:38874 [200]: POST /receiver.php
[Mon Jun 12 07:52:25 2023] [::1]:38874 Closing
[Mon Jun 12 07:52:27 2023] [::1]:38890 Accepted
[Mon Jun 12 07:52:27 2023] [::1]:38890 [200]: POST /receiver.php
[Mon Jun 12 07:52:27 2023] [::1]:38890 Closing
[Mon Jun 12 07:52:29 2023] [::1]:38900 Accepted
[Mon Jun 12 07:52:29 2023] [::1]:38900 [200]: POST /receiver.php
[Mon Jun 12 07:52:29 2023] [::1]:38900 Closing
[Mon Jun 12 07:52:31 2023] [::1]:38906 Accepted
[Mon Jun 12 07:52:31 2023] [::1]:38906 [200]: POST /receiver.php
[Mon Jun 12 07:52:31 2023] [::1]:38906 Closing
[Mon Jun 12 07:52:33 2023] [::1]:38916 Accepted
[Mon Jun 12 07:52:33 2023] [::1]:38916 [200]: POST /receiver.php
[Mon Jun 12 07:52:33 2023] [::1]:38916 Closing
[Mon Jun 12 07:52:35 2023] [::1]:36960 Accepted
[Mon Jun 12 07:52:35 2023] [::1]:36960 [200]: POST /receiver.php
[Mon Jun 12 07:52:35 2023] [::1]:36960 Closing
[Mon Jun 12 07:52:37 2023] [::1]:36972 Accepted
[Mon Jun 12 07:52:37 2023] [::1]:36972 [200]: POST /receiver.php
[Mon Jun 12 07:52:37 2023] [::1]:36972 Closing
[Mon Jun 12 07:52:39 2023] [::1]:36984 Accepted
[Mon Jun 12 07:52:39 2023] [::1]:36984 [200]: POST /receiver.php
[Mon Jun 12 07:52:39 2023] [::1]:36984 Closing
[Mon Jun 12 07:52:41 2023] [::1]:36998 Accepted
[Mon Jun 12 07:52:41 2023] [::1]:36998 [200]: POST /receiver.php
[Mon Jun 12 07:52:41 2023] [::1]:36998 Closing
[Mon Jun 12 07:52:43 2023] [::1]:37000 Accepted
[Mon Jun 12 07:52:43 2023] [::1]:37000 [200]: POST /receiver.php
[Mon Jun 12 07:52:43 2023] [::1]:37000 Closing
[Mon Jun 12 07:52:45 2023] [::1]:54908 Accepted
[Mon Jun 12 07:52:45 2023] [::1]:54908 [200]: POST /receiver.php
[Mon Jun 12 07:52:45 2023] [::1]:54908 Closing
[Mon Jun 12 07:52:47 2023] [::1]:54918 Accepted
[Mon Jun 12 07:52:47 2023] [::1]:54918 [200]: POST /receiver.php
[Mon Jun 12 07:52:47 2023] [::1]:54918 Closing
[Mon Jun 12 07:52:49 2023] [::1]:54934 Accepted
[Mon Jun 12 07:52:49 2023] [::1]:54934 [200]: POST /receiver.php
[Mon Jun 12 07:52:49 2023] [::1]:54934 Closing
[Mon Jun 12 07:52:51 2023] [::1]:54950 Accepted
[Mon Jun 12 07:52:51 2023] [::1]:54950 [200]: POST /receiver.php
[Mon Jun 12 07:52:51 2023] [::1]:54950 Closing
[Mon Jun 12 07:52:53 2023] [::1]:54962 Accepted
[Mon Jun 12 07:52:53 2023] [::1]:54962 [200]: POST /receiver.php
[Mon Jun 12 07:52:53 2023] [::1]:54962 Closing
[Mon Jun 12 07:52:55 2023] [::1]:56108 Accepted
[Mon Jun 12 07:52:55 2023] [::1]:56108 [200]: POST /receiver.php
[Mon Jun 12 07:52:55 2023] [::1]:56108 Closing
[Mon Jun 12 07:52:57 2023] [::1]:56110 Accepted
[Mon Jun 12 07:52:57 2023] [::1]:56110 [200]: POST /receiver.php
[Mon Jun 12 07:52:57 2023] [::1]:56110 Closing
[Mon Jun 12 07:52:59 2023] [::1]:56118 Accepted
[Mon Jun 12 07:52:59 2023] [::1]:56118 [200]: POST /receiver.php
[Mon Jun 12 07:52:59 2023] [::1]:56118 Closing
[Mon Jun 12 07:53:01 2023] [::1]:56122 Accepted
[Mon Jun 12 07:53:01 2023] [::1]:56122 [200]: POST /receiver.php
[Mon Jun 12 07:53:01 2023] [::1]:56122 Closing
[Mon Jun 12 07:53:03 2023] [::1]:56124 Accepted
[Mon Jun 12 07:53:03 2023] [::1]:56124 [200]: POST /receiver.php
[Mon Jun 12 07:53:03 2023] [::1]:56124 Closing
[Mon Jun 12 07:53:05 2023] [::1]:46236 Accepted
[Mon Jun 12 07:53:05 2023] [::1]:46236 [200]: POST /receiver.php
[Mon Jun 12 07:53:05 2023] [::1]:46236 Closing
[Mon Jun 12 07:53:07 2023] [::1]:46242 Accepted
[Mon Jun 12 07:53:07 2023] [::1]:46242 [200]: POST /receiver.php
[Mon Jun 12 07:53:07 2023] [::1]:46242 Closing
[Mon Jun 12 07:53:09 2023] [::1]:46256 Accepted
[Mon Jun 12 07:53:09 2023] [::1]:46256 [200]: POST /receiver.php
[Mon Jun 12 07:53:09 2023] [::1]:46256 Closing
[Mon Jun 12 07:53:11 2023] [::1]:46266 Accepted
[Mon Jun 12 07:53:11 2023] [::1]:46266 [200]: POST /receiver.php
[Mon Jun 12 07:53:11 2023] [::1]:46266 Closing
[Mon Jun 12 07:53:13 2023] [::1]:46274 Accepted
[Mon Jun 12 07:53:13 2023] [::1]:46274 [200]: POST /receiver.php
[Mon Jun 12 07:53:13 2023] [::1]:46274 Closing
[Mon Jun 12 07:53:15 2023] [::1]:44076 Accepted
[Mon Jun 12 07:53:15 2023] [::1]:44076 [200]: POST /receiver.php
[Mon Jun 12 07:53:15 2023] [::1]:44076 Closing
[Mon Jun 12 07:53:17 2023] [::1]:44090 Accepted
[Mon Jun 12 07:53:17 2023] [::1]:44090 [200]: POST /receiver.php
[Mon Jun 12 07:53:17 2023] [::1]:44090 Closing
[Mon Jun 12 07:53:19 2023] [::1]:44100 Accepted
[Mon Jun 12 07:53:19 2023] [::1]:44100 [200]: POST /receiver.php
[Mon Jun 12 07:53:19 2023] [::1]:44100 Closing
[Mon Jun 12 07:53:21 2023] [::1]:44110 Accepted
[Mon Jun 12 07:53:21 2023] [::1]:44110 [200]: POST /receiver.php
[Mon Jun 12 07:53:21 2023] [::1]:44110 Closing
[Mon Jun 12 07:53:23 2023] [::1]:44112 Accepted
[Mon Jun 12 07:53:23 2023] [::1]:44112 [200]: POST /receiver.php
[Mon Jun 12 07:53:23 2023] [::1]:44112 Closing
[Mon Jun 12 07:53:25 2023] [::1]:54236 Accepted
[Mon Jun 12 07:53:25 2023] [::1]:54236 [200]: POST /receiver.php
[Mon Jun 12 07:53:25 2023] [::1]:54236 Closing
[Mon Jun 12 07:53:27 2023] [::1]:54246 Accepted
[Mon Jun 12 07:53:27 2023] [::1]:54246 [200]: POST /receiver.php
[Mon Jun 12 07:53:27 2023] [::1]:54246 Closing
[Mon Jun 12 07:53:29 2023] [::1]:54262 Accepted
[Mon Jun 12 07:53:29 2023] [::1]:54262 [200]: POST /receiver.php
[Mon Jun 12 07:53:29 2023] [::1]:54262 Closing
[Mon Jun 12 07:53:31 2023] [::1]:54272 Accepted
[Mon Jun 12 07:53:31 2023] [::1]:54272 [200]: POST /receiver.php
[Mon Jun 12 07:53:31 2023] [::1]:54272 Closing
[Mon Jun 12 07:53:33 2023] [::1]:54274 Accepted
[Mon Jun 12 07:53:33 2023] [::1]:54274 [200]: POST /receiver.php
[Mon Jun 12 07:53:33 2023] [::1]:54274 Closing
[Mon Jun 12 07:53:35 2023] [::1]:44270 Accepted
[Mon Jun 12 07:53:35 2023] [::1]:44270 [200]: POST /receiver.php
[Mon Jun 12 07:53:35 2023] [::1]:44270 Closing
[Mon Jun 12 07:53:37 2023] [::1]:44272 Accepted
[Mon Jun 12 07:53:37 2023] [::1]:44272 [200]: POST /receiver.php
[Mon Jun 12 07:53:37 2023] [::1]:44272 Closing
[Mon Jun 12 07:53:39 2023] [::1]:44280 Accepted
[Mon Jun 12 07:53:39 2023] [::1]:44280 [200]: POST /receiver.php
[Mon Jun 12 07:53:39 2023] [::1]:44280 Closing
[Mon Jun 12 07:53:41 2023] [::1]:44296 Accepted
[Mon Jun 12 07:53:41 2023] [::1]:44296 [200]: POST /receiver.php
[Mon Jun 12 07:53:41 2023] [::1]:44296 Closing
[Mon Jun 12 07:53:43 2023] [::1]:44302 Accepted
[Mon Jun 12 07:53:43 2023] [::1]:44302 [200]: POST /receiver.php
[Mon Jun 12 07:53:43 2023] [::1]:44302 Closing
[Mon Jun 12 07:53:45 2023] [::1]:52218 Accepted
[Mon Jun 12 07:53:45 2023] [::1]:52218 [200]: POST /receiver.php
[Mon Jun 12 07:53:45 2023] [::1]:52218 Closing
[Mon Jun 12 07:53:47 2023] [::1]:52222 Accepted
[Mon Jun 12 07:53:47 2023] [::1]:52222 [200]: POST /receiver.php
[Mon Jun 12 07:53:47 2023] [::1]:52222 Closing
[Mon Jun 12 07:53:49 2023] [::1]:52234 Accepted
[Mon Jun 12 07:53:49 2023] [::1]:52234 [200]: POST /receiver.php
[Mon Jun 12 07:53:49 2023] [::1]:52234 Closing
[Mon Jun 12 07:53:51 2023] [::1]:52242 Accepted
[Mon Jun 12 07:53:51 2023] [::1]:52242 [200]: POST /receiver.php
[Mon Jun 12 07:53:51 2023] [::1]:52242 Closing
[Mon Jun 12 07:53:53 2023] [::1]:52250 Accepted
[Mon Jun 12 07:53:53 2023] [::1]:52250 [200]: POST /receiver.php
[Mon Jun 12 07:53:53 2023] [::1]:52250 Closing
[Mon Jun 12 07:53:55 2023] [::1]:44674 Accepted
[Mon Jun 12 07:53:55 2023] [::1]:44674 [200]: POST /receiver.php
[Mon Jun 12 07:53:55 2023] [::1]:44674 Closing
[Mon Jun 12 07:53:57 2023] [::1]:44682 Accepted
[Mon Jun 12 07:53:57 2023] [::1]:44682 [200]: POST /receiver.php
[Mon Jun 12 07:53:57 2023] [::1]:44682 Closing
[Mon Jun 12 07:53:59 2023] [::1]:44696 Accepted
[Mon Jun 12 07:53:59 2023] [::1]:44696 [200]: POST /receiver.php
[Mon Jun 12 07:53:59 2023] [::1]:44696 Closing
[Mon Jun 12 07:54:01 2023] [::1]:44704 Accepted
[Mon Jun 12 07:54:01 2023] [::1]:44704 [200]: POST /receiver.php
[Mon Jun 12 07:54:01 2023] [::1]:44704 Closing
[Mon Jun 12 07:54:03 2023] [::1]:44718 Accepted
[Mon Jun 12 07:54:03 2023] [::1]:44718 [200]: POST /receiver.php
[Mon Jun 12 07:54:03 2023] [::1]:44718 Closing
[Mon Jun 12 07:54:05 2023] [::1]:58912 Accepted
[Mon Jun 12 07:54:05 2023] [::1]:58912 [200]: POST /receiver.php
[Mon Jun 12 07:54:05 2023] [::1]:58912 Closing
[Mon Jun 12 07:54:07 2023] [::1]:58928 Accepted
[Mon Jun 12 07:54:07 2023] [::1]:58928 [200]: POST /receiver.php
[Mon Jun 12 07:54:07 2023] [::1]:58928 Closing
[Mon Jun 12 07:54:09 2023] [::1]:58930 Accepted
[Mon Jun 12 07:54:09 2023] [::1]:58930 [200]: POST /receiver.php
[Mon Jun 12 07:54:09 2023] [::1]:58930 Closing
[Mon Jun 12 07:54:11 2023] [::1]:58942 Accepted
[Mon Jun 12 07:54:11 2023] [::1]:58942 [200]: POST /receiver.php
[Mon Jun 12 07:54:11 2023] [::1]:58942 Closing
[Mon Jun 12 07:54:13 2023] [::1]:58950 Accepted
[Mon Jun 12 07:54:13 2023] [::1]:58950 [200]: POST /receiver.php
[Mon Jun 12 07:54:13 2023] [::1]:58950 Closing
[Mon Jun 12 07:54:15 2023] [::1]:59310 Accepted
[Mon Jun 12 07:54:15 2023] [::1]:59310 [200]: POST /receiver.php
[Mon Jun 12 07:54:15 2023] [::1]:59310 Closing
[Mon Jun 12 07:54:17 2023] [::1]:59314 Accepted
[Mon Jun 12 07:54:17 2023] [::1]:59314 [200]: POST /receiver.php
[Mon Jun 12 07:54:17 2023] [::1]:59314 Closing
[Mon Jun 12 07:54:19 2023] [::1]:59330 Accepted
[Mon Jun 12 07:54:19 2023] [::1]:59330 [200]: POST /receiver.php
[Mon Jun 12 07:54:19 2023] [::1]:59330 Closing
[Mon Jun 12 07:54:21 2023] [::1]:59334 Accepted
[Mon Jun 12 07:54:21 2023] [::1]:59334 [200]: POST /receiver.php
[Mon Jun 12 07:54:21 2023] [::1]:59334 Closing
[Mon Jun 12 07:54:23 2023] [::1]:59338 Accepted
[Mon Jun 12 07:54:23 2023] [::1]:59338 [200]: POST /receiver.php
[Mon Jun 12 07:54:23 2023] [::1]:59338 Closing
[Mon Jun 12 07:54:25 2023] [::1]:33144 Accepted
[Mon Jun 12 07:54:25 2023] [::1]:33144 [200]: POST /receiver.php
[Mon Jun 12 07:54:25 2023] [::1]:33144 Closing
[Mon Jun 12 07:54:27 2023] [::1]:33160 Accepted
[Mon Jun 12 07:54:27 2023] [::1]:33160 [200]: POST /receiver.php
[Mon Jun 12 07:54:27 2023] [::1]:33160 Closing
[Mon Jun 12 07:54:29 2023] [::1]:33166 Accepted
[Mon Jun 12 07:54:29 2023] [::1]:33166 [200]: POST /receiver.php
[Mon Jun 12 07:54:29 2023] [::1]:33166 Closing
[Mon Jun 12 07:54:31 2023] [::1]:33168 Accepted
[Mon Jun 12 07:54:31 2023] [::1]:33168 [200]: POST /receiver.php
[Mon Jun 12 07:54:31 2023] [::1]:33168 Closing
[Mon Jun 12 07:54:33 2023] [::1]:33178 Accepted
[Mon Jun 12 07:54:33 2023] [::1]:33178 [200]: POST /receiver.php
[Mon Jun 12 07:54:33 2023] [::1]:33178 Closing
[Mon Jun 12 07:54:35 2023] [::1]:46198 Accepted
[Mon Jun 12 07:54:35 2023] [::1]:46198 [200]: POST /receiver.php
[Mon Jun 12 07:54:35 2023] [::1]:46198 Closing
[Mon Jun 12 07:54:37 2023] [::1]:46212 Accepted
[Mon Jun 12 07:54:37 2023] [::1]:46212 [200]: POST /receiver.php
[Mon Jun 12 07:54:37 2023] [::1]:46212 Closing
[Mon Jun 12 07:54:39 2023] [::1]:46214 Accepted
[Mon Jun 12 07:54:39 2023] [::1]:46214 [200]: POST /receiver.php
[Mon Jun 12 07:54:39 2023] [::1]:46214 Closing
[Mon Jun 12 07:54:41 2023] [::1]:46230 Accepted
[Mon Jun 12 07:54:41 2023] [::1]:46230 [200]: POST /receiver.php
[Mon Jun 12 07:54:41 2023] [::1]:46230 Closing
[Mon Jun 12 07:54:43 2023] [::1]:46240 Accepted
[Mon Jun 12 07:54:43 2023] [::1]:46240 [200]: POST /receiver.php
[Mon Jun 12 07:54:43 2023] [::1]:46240 Closing
[Mon Jun 12 07:54:45 2023] [::1]:50770 Accepted
[Mon Jun 12 07:54:45 2023] [::1]:50770 [200]: POST /receiver.php
[Mon Jun 12 07:54:45 2023] [::1]:50770 Closing
[Mon Jun 12 07:54:47 2023] [::1]:50776 Accepted
[Mon Jun 12 07:54:47 2023] [::1]:50776 [200]: POST /receiver.php
[Mon Jun 12 07:54:47 2023] [::1]:50776 Closing
                                                                                                                                                                                                                                                                                                                                                                                                                                                                                                                                                                                                                                                                                                                                                                                                                                                                                                             