[Fri Jun 16 12:32:02 2023] PHP 8.2.2 Development Server (http://localhost:2525) started
[Fri Jun 16 12:33:40 2023] [::1]:36694 Accepted
[Fri Jun 16 12:33:40 2023] [::1]:36694 [302]: GET /
[Fri Jun 16 12:33:40 2023] [::1]:36694 Closing
[Fri Jun 16 12:33:40 2023] [::1]:36710 Accepted
[Fri Jun 16 12:33:40 2023] [::1]:36710 [200]: GET /login.php
[Fri Jun 16 12:33:40 2023] [::1]:36710 Closing
[Fri Jun 16 12:33:45 2023] [::1]:52424 Accepted
[Fri Jun 16 12:33:45 2023] [::1]:52424 [200]: GET /assets/css/bootstrap.min.css
[Fri Jun 16 12:33:45 2023] [::1]:52424 Closing
[Fri Jun 16 12:33:45 2023] [::1]:52440 Accepted
[Fri Jun 16 12:33:45 2023] [::1]:52440 [200]: GET /assets/css/style.css
[Fri Jun 16 12:33:45 2023] [::1]:52440 Closing
[Fri Jun 16 12:34:06 2023] [::1]:60956 Accepted
[Fri Jun 16 12:34:06 2023] [::1]:60956 [200]: POST /login.php
[Fri Jun 16 12:34:06 2023] [::1]:60956 Closing
[Fri Jun 16 12:34:12 2023] [::1]:60958 Accepted
[Fri Jun 16 12:34:12 2023] [::1]:60958 [200]: GET /assets/css/bootstrap.min.css
[Fri Jun 16 12:34:12 2023] [::1]:60958 Closing
[Fri Jun 16 12:34:12 2023] [::1]:60960 Accepted
[Fri Jun 16 12:34:12 2023] [::1]:60960 [200]: GET /assets/css/style.css
[Fri Jun 16 12:34:12 2023] [::1]:60960 Closing
[Fri Jun 16 12:34:16 2023] [::1]:34432 Accepted
[Fri Jun 16 12:34:16 2023] [::1]:34432 [200]: GET /panel.php
[Fri Jun 16 12:34:16 2023] [::1]:34432 Closing
[Fri Jun 16 12:34:21 2023] [::1]:34438 Accepted
[Fri Jun 16 12:34:21 2023] [::1]:34438 [200]: GET /assets/css/bootstrap.min.css
[Fri Jun 16 12:34:21 2023] [::1]:34438 Closing
[Fri Jun 16 12:34:21 2023] [::1]:34442 Accepted
[Fri Jun 16 12:34:21 2023] [::1]:34442 [200]: GET /assets/css/light-theme.min.css
[Fri Jun 16 12:34:21 2023] [::1]:34442 Closing
[Fri Jun 16 12:34:22 2023] [::1]:34450 Accepted
[Fri Jun 16 12:34:22 2023] [::1]:34456 Accepted
[Fri Jun 16 12:34:22 2023] [::1]:34450 [200]: GET /assets/js/script.js
[Fri Jun 16 12:34:22 2023] [::1]:34450 Closing
[Fri Jun 16 12:34:22 2023] [::1]:34456 [200]: GET /assets/js/jquery.min.js
[Fri Jun 16 12:34:22 2023] [::1]:34456 Closing
[Fri Jun 16 12:34:23 2023] [::1]:34466 Accepted
[Fri Jun 16 12:34:23 2023] [::1]:34466 [200]: GET /assets/js/sweetalert2.min.js
[Fri Jun 16 12:34:23 2023] [::1]:34466 Closing
[Fri Jun 16 12:34:24 2023] [::1]:43660 Accepted
[Fri Jun 16 12:34:24 2023] [::1]:43660 [200]: GET /assets/js/growl-notification.min.js
[Fri Jun 16 12:34:24 2023] [::1]:43660 Closing
[Fri Jun 16 12:34:30 2023] [::1]:43676 Accepted
[Fri Jun 16 12:34:30 2023] [::1]:43676 [200]: GET /Settings.json
[Fri Jun 16 12:34:30 2023] [::1]:43676 Closing
[Fri Jun 16 12:34:32 2023] [::1]:43692 Accepted
[Fri Jun 16 12:34:32 2023] [::1]:43692 [200]: POST /list_templates.php
[Fri Jun 16 12:34:32 2023] [::1]:43692 Closing
[Fri Jun 16 12:34:33 2023] [::1]:43706 Accepted
[Fri Jun 16 12:34:33 2023] [::1]:43706 [200]: POST /receiver.php
[Fri Jun 16 12:34:33 2023] [::1]:43706 Closing
[Fri Jun 16 12:34:35 2023] [::1]:46372 Accepted
[Fri Jun 16 12:34:35 2023] [::1]:46372 [200]: POST /receiver.php
[Fri Jun 16 12:34:35 2023] [::1]:46372 Closing
[Fri Jun 16 12:34:37 2023] [::1]:46376 Accepted
[Fri Jun 16 12:34:37 2023] [::1]:46376 [200]: POST /receiver.php
[Fri Jun 16 12:34:37 2023] [::1]:46376 Closing
[Fri Jun 16 12:34:39 2023] [::1]:46382 Accepted
[Fri Jun 16 12:34:39 2023] [::1]:46382 [200]: POST /receiver.php
[Fri Jun 16 12:34:39 2023] [::1]:46382 Closing
[Fri Jun 16 12:34:41 2023] [::1]:46390 Accepted
[Fri Jun 16 12:34:41 2023] [::1]:46390 [200]: POST /receiver.php
[Fri Jun 16 12:34:41 2023] [::1]:46390 Closing
[Fri Jun 16 12:34:43 2023] [::1]:46406 Accepted
[Fri Jun 16 12:34:43 2023] [::1]:46406 [200]: POST /receiver.php
[Fri Jun 16 12:34:43 2023] [::1]:46406 Closing
[Fri Jun 16 12:34:45 2023] [::1]:51270 Accepted
[Fri Jun 16 12:34:45 2023] [::1]:51270 [200]: POST /receiver.php
[Fri Jun 16 12:34:45 2023] [::1]:51270 Closing
[Fri Jun 16 12:34:47 2023] [::1]:51274 Accepted
[Fri Jun 16 12:34:47 2023] [::1]:51274 [200]: POST /receiver.php
[Fri Jun 16 12:34:47 2023] [::1]:51274 Closing
[Fri Jun 16 12:34:49 2023] [::1]:51284 Accepted
[Fri Jun 16 12:34:49 2023] [::1]:51284 [200]: POST /receiver.php
[Fri Jun 16 12:34:49 2023] [::1]:51284 Closing
[Fri Jun 16 12:34:51 2023] [::1]:51290 Accepted
[Fri Jun 16 12:34:51 2023] [::1]:51290 [200]: POST /receiver.php
[Fri Jun 16 12:34:51 2023] [::1]:51290 Closing
[Fri Jun 16 12:34:53 2023] [::1]:51298 Accepted
[Fri Jun 16 12:34:53 2023] [::1]:51298 [200]: POST /receiver.php
[Fri Jun 16 12:34:53 2023] [::1]:51298 Closing
[Fri Jun 16 12:34:55 2023] [::1]:39232 Accepted
[Fri Jun 16 12:34:55 2023] [::1]:39232 [200]: POST /receiver.php
[Fri Jun 16 12:34:55 2023] [::1]:39232 Closing
[Fri Jun 16 12:34:57 2023] [::1]:39240 Accepted
[Fri Jun 16 12:34:57 2023] [::1]:39240 [200]: POST /receiver.php
[Fri Jun 16 12:34:57 2023] [::1]:39240 Closing
[Fri Jun 16 12:34:59 2023] [::1]:39256 Accepted
[Fri Jun 16 12:34:59 2023] [::1]:39256 [200]: POST /receiver.php
[Fri Jun 16 12:34:59 2023] [::1]:39256 Closing
[Fri Jun 16 12:35:01 2023] [::1]:39260 Accepted
[Fri Jun 16 12:35:01 2023] [::1]:39260 [200]: POST /receiver.php
[Fri Jun 16 12:35:01 2023] [::1]:39260 Closing
[Fri Jun 16 12:35:03 2023] [::1]:39270 Accepted
[Fri Jun 16 12:35:03 2023] [::1]:39270 [200]: POST /receiver.php
[Fri Jun 16 12:35:03 2023] [::1]:39270 Closing
[Fri Jun 16 12:35:05 2023] [::1]:59468 Accepted
[Fri Jun 16 12:35:05 2023] [::1]:59468 [200]: POST /receiver.php
[Fri Jun 16 12:35:05 2023] [::1]:59468 Closing
[Fri Jun 16 12:35:07 2023] [::1]:59484 Accepted
[Fri Jun 16 12:35:07 2023] [::1]:59484 [200]: POST /receiver.php
[Fri Jun 16 12:35:07 2023] [::1]:59484 Closing
[Fri Jun 16 12:35:09 2023] [::1]:59490 Accepted
[Fri Jun 16 12:35:09 2023] [::1]:59490 [200]: POST /receiver.php
[Fri Jun 16 12:35:09 2023] [::1]:59490 Closing
[Fri Jun 16 12:35:11 2023] [::1]:59498 Accepted
[Fri Jun 16 12:35:11 2023] [::1]:59498 [200]: POST /receiver.php
[Fri Jun 16 12:35:11 2023] [::1]:59498 Closing
[Fri Jun 16 12:35:13 2023] [::1]:59504 Accepted
[Fri Jun 16 12:35:13 2023] [::1]:59504 [200]: POST /receiver.php
[Fri Jun 16 12:35:13 2023] [::1]:59504 Closing
[Fri Jun 16 12:35:15 2023] [::1]:39422 Accepted
[Fri Jun 16 12:35:15 2023] [::1]:39422 [200]: POST /receiver.php
[Fri Jun 16 12:35:15 2023] [::1]:39422 Closing
[Fri Jun 16 12:35:17 2023] [::1]:39426 Accepted
[Fri Jun 16 12:35:17 2023] [::1]:39426 [200]: POST /receiver.php
[Fri Jun 16 12:35:17 2023] [::1]:39426 Closing
[Fri Jun 16 12:35:19 2023] [::1]:39430 Accepted
[Fri Jun 16 12:35:19 2023] [::1]:39430 [200]: POST /receiver.php
[Fri Jun 16 12:35:19 2023] [::1]:39430 Closing
[Fri Jun 16 12:35:21 2023] [::1]:39444 Accepted
[Fri Jun 16 12:35:21 2023] [::1]:39444 [200]: POST /receiver.php
[Fri Jun 16 12:35:21 2023] [::1]:39444 Closing
[Fri Jun 16 12:35:23 2023] [::1]:39446 Accepted
[Fri Jun 16 12:35:23 2023] [::1]:39446 [200]: POST /receiver.php
[Fri Jun 16 12:35:23 2023] [::1]:39446 Closing
[Fri Jun 16 12:35:25 2023] [::1]:35468 Accepted
[Fri Jun 16 12:35:25 2023] [::1]:35468 [200]: POST /receiver.php
[Fri Jun 16 12:35:25 2023] [::1]:35468 Closing
[Fri Jun 16 12:35:27 2023] [::1]:35482 Accepted
[Fri Jun 16 12:35:27 2023] [::1]:35482 [200]: POST /receiver.php
[Fri Jun 16 12:35:27 2023] [::1]:35482 Closing
[Fri Jun 16 12:35:29 2023] [::1]:35494 Accepted
[Fri Jun 16 12:35:29 2023] [::1]:35494 [200]: POST /receiver.php
[Fri Jun 16 12:35:29 2023] [::1]:35494 Closing
[Fri Jun 16 12:35:31 2023] [::1]:35502 Accepted
[Fri Jun 16 12:35:31 2023] [::1]:35502 [200]: POST /receiver.php
[Fri Jun 16 12:35:31 2023] [::1]:35502 Closing
[Fri Jun 16 12:35:33 2023] [::1]:35518 Accepted
[Fri Jun 16 12:35:33 2023] [::1]:35518 [200]: POST /receiver.php
[Fri Jun 16 12:35:33 2023] [::1]:35518 Closing
[Fri Jun 16 12:35:35 2023] [::1]:59186 Accepted
[Fri Jun 16 12:35:35 2023] [::1]:59186 [200]: POST /receiver.php
[Fri Jun 16 12:35:35 2023] [::1]:59186 Closing
[Fri Jun 16 12:35:37 2023] [::1]:59190 Accepted
[Fri Jun 16 12:35:37 2023] [::1]:59190 [200]: POST /receiver.php
[Fri Jun 16 12:35:37 2023] [::1]:59190 Closing
[Fri Jun 16 12:35:39 2023] [::1]:59204 Accepted
[Fri Jun 16 12:35:39 2023] [::1]:59204 [200]: POST /receiver.php
[Fri Jun 16 12:35:39 2023] [::1]:59204 Closing
[Fri Jun 16 12:35:41 2023] [::1]:59208 Accepted
[Fri Jun 16 12:35:41 2023] [::1]:59208 [200]: POST /receiver.php
[Fri Jun 16 12:35:41 2023] [::1]:59208 Closing
[Fri Jun 16 12:35:43 2023] [::1]:59218 Accepted
[Fri Jun 16 12:35:43 2023] [::1]:59218 [200]: POST /receiver.php
[Fri Jun 16 12:35:43 2023] [::1]:59218 Closing
[Fri Jun 16 12:35:45 2023] [::1]:34000 Accepted
[Fri Jun 16 12:35:45 2023] [::1]:34000 [200]: POST /receiver.php
[Fri Jun 16 12:35:45 2023] [::1]:34000 Closing
[Fri Jun 16 12:35:47 2023] [::1]:34008 Accepted
[Fri Jun 16 12:35:47 2023] [::1]:34008 [200]: POST /receiver.php
[Fri Jun 16 12:35:47 2023] [::1]:34008 Closing
[Fri Jun 16 12:35:49 2023] [::1]:34010 Accepted
[Fri Jun 16 12:35:49 2023] [::1]:34010 [200]: POST /receiver.php
[Fri Jun 16 12:35:49 2023] [::1]:34010 Closing
[Fri Jun 16 12:35:51 2023] [::1]:34026 Accepted
[Fri Jun 16 12:35:51 2023] [::1]:34026 [200]: POST /receiver.php
[Fri Jun 16 12:35:51 2023] [::1]:34026 Closing
[Fri Jun 16 12:35:58 2023] [::1]:49148 Accepted
[Fri Jun 16 12:35:58 2023] [::1]:49148 [200]: POST /receiver.php
[Fri Jun 16 12:35:58 2023] [::1]:49148 Closing
[Fri Jun 16 12:35:59 2023] [::1]:49152 Accepted
[Fri Jun 16 12:35:59 2023] [::1]:49152 [200]: POST /receiver.php
[Fri Jun 16 12:35:59 2023] [::1]:49152 Closing
[Fri Jun 16 12:36:01 2023] [::1]:49166 Accepted
[Fri Jun 16 12:36:01 2023] [::1]:49166 [200]: POST /receiver.php
[Fri Jun 16 12:36:01 2023] [::1]:49166 Closing
[Fri Jun 16 12:36:03 2023] [::1]:49176 Accepted
[Fri Jun 16 12:36:03 2023] [::1]:49176 [302]: GET /
[Fri Jun 16 12:36:03 2023] [::1]:49176 Closing
[Fri Jun 16 12:36:04 2023] [::1]:39988 Accepted
[Fri Jun 16 12:36:04 2023] [::1]:39988 [200]: GET /panel.php
[Fri Jun 16 12:36:04 2023] [::1]:39988 Closing
[Fri Jun 16 12:36:10 2023] [::1]:40004 Accepted
[Fri Jun 16 12:36:10 2023] [::1]:40016 Accepted
[Fri Jun 16 12:36:10 2023] [::1]:40022 Accepted
[Fri Jun 16 12:36:10 2023] [::1]:40022 [200]: GET /assets/css/light-theme.min.css
[Fri Jun 16 12:36:10 2023] [::1]:40022 Closing
[Fri Jun 16 12:36:10 2023] [::1]:40004 [200]: GET /assets/css/bootstrap.min.css
[Fri Jun 16 12:36:10 2023] [::1]:40004 Closing
[Fri Jun 16 12:36:10 2023] [::1]:40016 [200]: GET /assets/js/jquery.min.js
[Fri Jun 16 12:36:10 2023] [::1]:40016 Closing
[Fri Jun 16 12:36:10 2023] [::1]:40036 Accepted
[Fri Jun 16 12:36:10 2023] [::1]:40044 Accepted
[Fri Jun 16 12:36:10 2023] [::1]:40050 Accepted
[Fri Jun 16 12:36:10 2023] [::1]:40052 Accepted
[Fri Jun 16 12:36:10 2023] [::1]:40036 [200]: GET /assets/js/sweetalert2.min.js
[Fri Jun 16 12:36:10 2023] [::1]:40050 [200]: GET /assets/js/script.js
[Fri Jun 16 12:36:10 2023] [::1]:40036 Closing
[Fri Jun 16 12:36:10 2023] [::1]:40050 Closing
[Fri Jun 16 12:36:10 2023] [::1]:40044 [200]: GET /assets/js/growl-notification.min.js
[Fri Jun 16 12:36:10 2023] [::1]:40044 Closing
[Fri Jun 16 12:36:10 2023] [::1]:40052 [200]: POST /receiver.php
[Fri Jun 16 12:36:10 2023] [::1]:40052 Closing
[Fri Jun 16 12:36:12 2023] [::1]:40056 Accepted
[Fri Jun 16 12:36:12 2023] [::1]:40056 [200]: POST /receiver.php
[Fri Jun 16 12:36:12 2023] [::1]:40056 Closing
[Fri Jun 16 12:36:19 2023] [::1]:55912 Accepted
[Fri Jun 16 12:36:19 2023] [::1]:55912 [200]: GET /Settings.json
[Fri Jun 16 12:36:19 2023] [::1]:55912 Closing
[Fri Jun 16 12:36:20 2023] [::1]:55924 Accepted
[Fri Jun 16 12:36:20 2023] [::1]:55924 [200]: POST /list_templates.php
[Fri Jun 16 12:36:20 2023] [::1]:55924 Closing
[Fri Jun 16 12:36:20 2023] [::1]:55934 Accepted
[Fri Jun 16 12:36:20 2023] [::1]:55934 [200]: POST /receiver.php
[Fri Jun 16 12:36:20 2023] [::1]:55934 Closing
[Fri Jun 16 12:36:20 2023] [::1]:55944 Accepted
[Fri Jun 16 12:36:20 2023] [::1]:55944 [200]: POST /receiver.php
[Fri Jun 16 12:36:20 2023] [::1]:55944 Closing
[Fri Jun 16 12:36:21 2023] [::1]:55956 Accepted
[Fri Jun 16 12:36:21 2023] [::1]:55956 [200]: POST /receiver.php
[Fri Jun 16 12:36:21 2023] [::1]:55956 Closing
[Fri Jun 16 12:36:21 2023] [::1]:55972 Accepted
[Fri Jun 16 12:36:21 2023] [::1]:55972 [200]: POST /receiver.php
[Fri Jun 16 12:36:21 2023] [::1]:55972 Closing
[Fri Jun 16 12:36:23 2023] [::1]:55984 Accepted
[Fri Jun 16 12:36:23 2023] [::1]:55984 [200]: POST /receiver.php
[Fri Jun 16 12:36:23 2023] [::1]:55984 Closing
[Fri Jun 16 12:36:25 2023] [::1]:39800 Accepted
[Fri Jun 16 12:36:25 2023] [::1]:39800 [200]: POST /receiver.php
[Fri Jun 16 12:36:25 2023] [::1]:39800 Closing
[Fri Jun 16 12:36:25 2023] [::1]:39804 Accepted
[Fri Jun 16 12:36:25 2023] [::1]:39812 Accepted
[Fri Jun 16 12:36:25 2023] [::1]:39812 [200]: POST /receiver.php
[Fri Jun 16 12:36:25 2023] [::1]:39812 Closing
[Fri Jun 16 12:36:25 2023] [::1]:39804 [200]: POST /receiver.php
[Fri Jun 16 12:36:25 2023] [::1]:39804 Closing
[Fri Jun 16 12:36:27 2023] [::1]:39818 Accepted
[Fri Jun 16 12:36:27 2023] [::1]:39818 [200]: POST /receiver.php
[Fri Jun 16 12:36:27 2023] [::1]:39818 Closing
[Fri Jun 16 12:36:27 2023] [::1]:39822 Accepted
[Fri Jun 16 12:36:27 2023] [::1]:39822 [200]: POST /receiver.php
[Fri Jun 16 12:36:27 2023] [::1]:39822 Closing
[Fri Jun 16 12:36:29 2023] [::1]:39826 Accepted
[Fri Jun 16 12:36:29 2023] [::1]:39826 [200]: POST /receiver.php
[Fri Jun 16 12:36:29 2023] [::1]:39826 Closing
[Fri Jun 16 12:36:29 2023] [::1]:39834 Accepted
[Fri Jun 16 12:36:29 2023] [::1]:39834 [200]: POST /receiver.php
[Fri Jun 16 12:36:29 2023] [::1]:39834 Closing
[Fri Jun 16 12:36:31 2023] [::1]:39850 Accepted
[Fri Jun 16 12:36:31 2023] [::1]:39866 Accepted
[Fri Jun 16 12:36:31 2023] [::1]:39850 [200]: POST /receiver.php
[Fri Jun 16 12:36:31 2023] [::1]:39850 Closing
[Fri Jun 16 12:36:31 2023] [::1]:39866 [200]: POST /receiver.php
[Fri Jun 16 12:36:31 2023] [::1]:39866 Closing
[Fri Jun 16 12:36:33 2023] [::1]:39880 Accepted
[Fri Jun 16 12:36:33 2023] [::1]:39880 [200]: POST /receiver.php
[Fri Jun 16 12:36:33 2023] [::1]:39880 Closing
[Fri Jun 16 12:36:35 2023] [::1]:34468 Accepted
[Fri Jun 16 12:36:35 2023] [::1]:34468 [200]: POST /receiver.php
[Fri Jun 16 12:36:35 2023] [::1]:34468 Closing
[Fri Jun 16 12:36:35 2023] [::1]:34470 Accepted
[Fri Jun 16 12:36:35 2023] [::1]:34470 [200]: POST /receiver.php
[Fri Jun 16 12:36:35 2023] [::1]:34470 Closing
[Fri Jun 16 12:36:37 2023] [::1]:34480 Accepted
[Fri Jun 16 12:36:37 2023] [::1]:34480 [200]: POST /receiver.php
[Fri Jun 16 12:36:37 2023] [::1]:34480 Closing
[Fri Jun 16 12:36:39 2023] [::1]:34496 Accepted
[Fri Jun 16 12:36:39 2023] [::1]:34496 [200]: POST /receiver.php
[Fri Jun 16 12:36:39 2023] [::1]:34496 Closing
[Fri Jun 16 12:36:40 2023] [::1]:34508 Accepted
[Fri Jun 16 12:36:40 2023] [::1]:34508 [200]: POST /receiver.php
[Fri Jun 16 12:36:40 2023] [::1]:34508 Closing
[Fri Jun 16 12:36:42 2023] [::1]:34522 Accepted
[Fri Jun 16 12:36:42 2023] [::1]:34522 [200]: POST /receiver.php
[Fri Jun 16 12:36:42 2023] [::1]:34522 Closing
[Fri Jun 16 12:36:44 2023] [::1]:56094 Accepted
[Fri Jun 16 12:36:44 2023] [::1]:56094 [200]: POST /receiver.php
[Fri Jun 16 12:36:44 2023] [::1]:56094 Closing
[Fri Jun 16 12:36:46 2023] [::1]:56108 Accepted
[Fri Jun 16 12:36:46 2023] [::1]:56108 [200]: POST /receiver.php
[Fri Jun 16 12:36:46 2023] [::1]:56108 Closing
[Fri Jun 16 12:36:48 2023] [::1]:56116 Accepted
[Fri Jun 16 12:36:48 2023] [::1]:56116 [200]: POST /receiver.php
[Fri Jun 16 12:36:48 2023] [::1]:56116 Closing
[Fri Jun 16 12:36:49 2023] [::1]:56120 Accepted
[Fri Jun 16 12:36:50 2023] [::1]:56120 [200]: POST /receiver.php
[Fri Jun 16 12:36:50 2023] [::1]:56120 Closing
[Fri Jun 16 12:36:52 2023] [::1]:56126 Accepted
[Fri Jun 16 12:36:52 2023] [::1]:56126 [200]: POST /receiver.php
[Fri Jun 16 12:36:52 2023] [::1]:56126 Closing
[Fri Jun 16 12:36:54 2023] [::1]:40002 Accepted
[Fri Jun 16 12:36:54 2023] [::1]:40002 [200]: POST /receiver.php
[Fri Jun 16 12:36:54 2023] [::1]:40002 Closing
[Fri Jun 16 12:36:56 2023] [::1]:40012 Accepted
[Fri Jun 16 12:36:56 2023] [::1]:40012 [200]: POST /receiver.php
[Fri Jun 16 12:36:56 2023] [::1]:40012 Closing
[Fri Jun 16 12:36:58 2023] [::1]:40024 Accepted
[Fri Jun 16 12:36:58 2023] [::1]:40024 [200]: POST /receiver.php
[Fri Jun 16 12:36:58 2023] [::1]:40024 Closing
[Fri Jun 16 12:37:00 2023] [::1]:40032 Accepted
[Fri Jun 16 12:37:00 2023] [::1]:40032 [200]: POST /receiver.php
[Fri Jun 16 12:37:00 2023] [::1]:40032 Closing
[Fri Jun 16 12:37:02 2023] [::1]:40040 Accepted
[Fri Jun 16 12:37:02 2023] [::1]:40040 [200]: POST /receiver.php
[Fri Jun 16 12:37:02 2023] [::1]:40040 Closing
[Fri Jun 16 12:37:04 2023] [::1]:40938 Accepted
[Fri Jun 16 12:37:04 2023] [::1]:40938 [200]: POST /receiver.php
[Fri Jun 16 12:37:04 2023] [::1]:40938 Closing
[Fri Jun 16 12:37:06 2023] [::1]:40940 Accepted
[Fri Jun 16 12:37:06 2023] [::1]:40940 [200]: POST /receiver.php
[Fri Jun 16 12:37:06 2023] [::1]:40940 Closing
[Fri Jun 16 12:37:08 2023] [::1]:40942 Accepted
[Fri Jun 16 12:37:08 2023] [::1]:40942 [200]: POST /receiver.php
[Fri Jun 16 12:37:08 2023] [::1]:40942 Closing
[Fri Jun 16 12:37:10 2023] [::1]:40944 Accepted
[Fri Jun 16 12:37:10 2023] [::1]:40944 [200]: POST /receiver.php
[Fri Jun 16 12:37:10 2023] [::1]:40944 Closing
[Fri Jun 16 12:37:12 2023] [::1]:40946 Accepted
[Fri Jun 16 12:37:12 2023] [::1]:40946 [200]: POST /receiver.php
[Fri Jun 16 12:37:12 2023] [::1]:40946 Closing
[Fri Jun 16 12:37:14 2023] [::1]:39748 Accepted
[Fri Jun 16 12:37:14 2023] [::1]:39748 [200]: POST /receiver.php
[Fri Jun 16 12:37:14 2023] [::1]:39748 Closing
[Fri Jun 16 12:37:16 2023] [::1]:39762 Accepted
[Fri Jun 16 12:37:16 2023] [::1]:39762 [200]: POST /receiver.php
[Fri Jun 16 12:37:16 2023] [::1]:39762 Closing
[Fri Jun 16 12:37:18 2023] [::1]:39778 Accepted
[Fri Jun 16 12:37:18 2023] [::1]:39778 [200]: POST /receiver.php
[Fri Jun 16 12:37:18 2023] [::1]:39778 Closing
[Fri Jun 16 12:37:20 2023] [::1]:39780 Accepted
[Fri Jun 16 12:37:20 2023] [::1]:39780 [200]: POST /receiver.php
[Fri Jun 16 12:37:20 2023] [::1]:39780 Closing
[Fri Jun 16 12:37:22 2023] [::1]:39782 Accepted
[Fri Jun 16 12:37:22 2023] [::1]:39782 [200]: POST /receiver.php
[Fri Jun 16 12:37:22 2023] [::1]:39782 Closing
[Fri Jun 16 12:37:24 2023] [::1]:44644 Accepted
[Fri Jun 16 12:37:24 2023] [::1]:44644 [200]: POST /receiver.php
[Fri Jun 16 12:37:24 2023] [::1]:44644 Closing
[Fri Jun 16 12:37:26 2023] [::1]:44652 Accepted
[Fri Jun 16 12:37:26 2023] [::1]:44652 [200]: POST /receiver.php
[Fri Jun 16 12:37:26 2023] [::1]:44652 Closing
[Fri Jun 16 12:37:28 2023] [::1]:44656 Accepted
[Fri Jun 16 12:37:28 2023] [::1]:44656 [200]: POST /receiver.php
[Fri Jun 16 12:37:28 2023] [::1]:44656 Closing
[Fri Jun 16 12:37:30 2023] [::1]:44662 Accepted
[Fri Jun 16 12:37:30 2023] [::1]:44662 [200]: POST /receiver.php
[Fri Jun 16 12:37:30 2023] [::1]:44662 Closing
[Fri Jun 16 12:37:32 2023] [::1]:44674 Accepted
[Fri Jun 16 12:37:32 2023] [::1]:44674 [200]: POST /receiver.php
[Fri Jun 16 12:37:32 2023] [::1]:44674 Closing
[Fri Jun 16 12:37:34 2023] [::1]:35430 Accepted
[Fri Jun 16 12:37:34 2023] [::1]:35430 [200]: POST /receiver.php
[Fri Jun 16 12:37:34 2023] [::1]:35430 Closing
[Fri Jun 16 12:37:36 2023] [::1]:35446 Accepted
[Fri Jun 16 12:37:36 2023] [::1]:35446 [200]: POST /receiver.php
[Fri Jun 16 12:37:36 2023] [::1]:35446 Closing
[Fri Jun 16 12:37:38 2023] [::1]:35462 Accepted
[Fri Jun 16 12:37:38 2023] [::1]:35462 [200]: POST /receiver.php
[Fri Jun 16 12:37:38 2023] [::1]:35462 Closing
[Fri Jun 16 12:37:40 2023] [::1]:35470 Accepted
[Fri Jun 16 12:37:40 2023] [::1]:35470 [200]: POST /receiver.php
[Fri Jun 16 12:37:40 2023] [::1]:35470 Closing
[Fri Jun 16 12:37:42 2023] [::1]:35476 Accepted
[Fri Jun 16 12:37:42 2023] [::1]:35476 [200]: POST /receiver.php
[Fri Jun 16 12:37:42 2023] [::1]:35476 Closing
[Fri Jun 16 12:37:44 2023] [::1]:48344 Accepted
[Fri Jun 16 12:37:44 2023] [::1]:48344 [200]: POST /receiver.php
[Fri Jun 16 12:37:44 2023] [::1]:48344 Closing
[Fri Jun 16 12:37:46 2023] [::1]:48352 Accepted
[Fri Jun 16 12:37:46 2023] [::1]:48352 [200]: POST /receiver.php
[Fri Jun 16 12:37:46 2023] [::1]:48352 Closing
[Fri Jun 16 12:37:48 2023] [::1]:48358 Accepted
[Fri Jun 16 12:37:48 2023] [::1]:48358 [200]: POST /receiver.php
[Fri Jun 16 12:37:48 2023] [::1]:48358 Closing
[Fri Jun 16 12:37:50 2023] [::1]:48364 Accepted
[Fri Jun 16 12:37:50 2023] [::1]:48364 [200]: POST /receiver.php
[Fri Jun 16 12:37:50 2023] [::1]:48364 Closing
[Fri Jun 16 12:37:52 2023] [::1]:48370 Accepted
[Fri Jun 16 12:37:52 2023] [::1]:48370 [200]: POST /receiver.php
[Fri Jun 16 12:37:52 2023] [::1]:48370 Closing
[Fri Jun 16 12:37:54 2023] [::1]:33124 Accepted
[Fri Jun 16 12:37:54 2023] [::1]:33124 [200]: POST /receiver.php
[Fri Jun 16 12:37:54 2023] [::1]:33124 Closing
[Fri Jun 16 12:37:56 2023] [::1]:33138 Accepted
[Fri Jun 16 12:37:56 2023] [::1]:33138 [200]: POST /receiver.php
[Fri Jun 16 12:37:56 2023] [::1]:33138 Closing
[Fri Jun 16 12:37:58 2023] [::1]:33144 Accepted
[Fri Jun 16 12:37:58 2023] [::1]:33144 [200]: POST /receiver.php
[Fri Jun 16 12:37:58 2023] [::1]:33144 Closing
[Fri Jun 16 12:38:00 2023] [::1]:33152 Accepted
[Fri Jun 16 12:38:00 2023] [::1]:33152 [200]: POST /receiver.php
[Fri Jun 16 12:38:00 2023] [::1]:33152 Closing
[Fri Jun 16 12:38:02 2023] [::1]:33168 Accepted
[Fri Jun 16 12:38:02 2023] [::1]:33168 [200]: POST /receiver.php
[Fri Jun 16 12:38:02 2023] [::1]:33168 Closing
[Fri Jun 16 12:38:04 2023] [::1]:58752 Accepted
[Fri Jun 16 12:38:04 2023] [::1]:58752 [200]: POST /receiver.php
[Fri Jun 16 12:38:04 2023] [::1]:58752 Closing
[Fri Jun 16 12:38:06 2023] [::1]:58754 Accepted
[Fri Jun 16 12:38:06 2023] [::1]:58754 [200]: POST /receiver.php
[Fri Jun 16 12:38:06 2023] [::1]:58754 Closing
[Fri Jun 16 12:38:08 2023] [::1]:58762 Accepted
[Fri Jun 16 12:38:08 2023] [::1]:58762 [200]: POST /receiver.php
[Fri Jun 16 12:38:08 2023] [::1]:58762 Closing
[Fri Jun 16 12:38:11 2023] [::1]:58770 Accepted
[Fri Jun 16 12:38:11 2023] [::1]:58770 [200]: POST /receiver.php
[Fri Jun 16 12:38:11 2023] [::1]:58770 Closing
[Fri Jun 16 12:38:13 2023] [::1]:38566 Accepted
[Fri Jun 16 12:38:13 2023] [::1]:38566 [200]: POST /receiver.php
[Fri Jun 16 12:38:14 2023] [::1]:38566 Closing
[Fri Jun 16 12:38:15 2023] [::1]:38572 Accepted
[Fri Jun 16 12:38:15 2023] [::1]:38572 [200]: POST /receiver.php
[Fri Jun 16 12:38:15 2023] [::1]:38572 Closing
[Fri Jun 16 12:38:19 2023] [::1]:38588 Accepted
[Fri Jun 16 12:38:19 2023] [::1]:38588 [200]: POST /receiver.php
[Fri Jun 16 12:38:19 2023] [::1]:38588 Closing
[Fri Jun 16 12:38:20 2023] [::1]:38604 Accepted
[Fri Jun 16 12:38:20 2023] [::1]:38604 [200]: POST /receiver.php
[Fri Jun 16 12:38:20 2023] [::1]:38604 Closing
[Fri Jun 16 12:38:23 2023] [::1]:38616 Accepted
[Fri Jun 16 12:38:23 2023] [::1]:38616 [200]: POST /receiver.php
[Fri Jun 16 12:38:23 2023] [::1]:38616 Closing
[Fri Jun 16 12:38:26 2023] [::1]:50162 Accepted
[Fri Jun 16 12:38:26 2023] [::1]:50162 [200]: POST /receiver.php
[Fri Jun 16 12:38:26 2023] [::1]:50162 Closing
[Fri Jun 16 12:38:33 2023] [::1]:50166 Accepted
[Fri Jun 16 12:38:33 2023] [::1]:50166 [200]: POST /receiver.php
[Fri Jun 16 12:38:33 2023] [::1]:50166 Closing
[Fri Jun 16 12:38:39 2023] [::1]:54376 Accepted
[Fri Jun 16 12:38:39 2023] [::1]:54376 [200]: POST /receiver.php
[Fri Jun 16 12:38:39 2023] [::1]:54376 Closing
[Fri Jun 16 12:38:46 2023] [::1]:33628 Accepted
[Fri Jun 16 12:38:46 2023] [::1]:33628 [200]: POST /receiver.php
[Fri Jun 16 12:38:46 2023] [::1]:33628 Closing
[Fri Jun 16 12:38:49 2023] [::1]:33632 Accepted
[Fri Jun 16 12:38:49 2023] [::1]:33632 [200]: POST /receiver.php
[Fri Jun 16 12:38:49 2023] [::1]:33632 Closing
[Fri Jun 16 12:38:52 2023] [::1]:33636 Accepted
[Fri Jun 16 12:38:52 2023] [::1]:33636 [200]: POST /receiver.php
[Fri Jun 16 12:38:52 2023] [::1]:33636 Closing
[Fri Jun 16 12:38:54 2023] [::1]:60678 Accepted
[Fri Jun 16 12:38:54 2023] [::1]:60678 [200]: POST /receiver.php
[Fri Jun 16 12:38:54 2023] [::1]:60678 Closing
[Fri Jun 16 12:38:56 2023] [::1]:60680 Accepted
[Fri Jun 16 12:38:56 2023] [::1]:60680 [200]: POST /receiver.php
[Fri Jun 16 12:38:56 2023] [::1]:60680 Closing
[Fri Jun 16 12:38:59 2023] [::1]:60692 Accepted
[Fri Jun 16 12:38:59 2023] [::1]:60692 [200]: POST /receiver.php
[Fri Jun 16 12:38:59 2023] [::1]:60692 Closing
[Fri Jun 16 12:39:00 2023] [::1]:60704 Accepted
[Fri Jun 16 12:39:00 2023] [::1]:60704 [200]: POST /receiver.php
[Fri Jun 16 12:39:00 2023] [::1]:60704 Closing
[Fri Jun 16 12:39:02 2023] [::1]:60706 Accepted
[Fri Jun 16 12:39:02 2023] [::1]:60706 [200]: POST /receiver.php
[Fri Jun 16 12:39:02 2023] [::1]:60706 Closing
[Fri Jun 16 12:39:05 2023] [::1]:46442 Accepted
[Fri Jun 16 12:39:05 2023] [::1]:46442 [200]: POST /receiver.php
[Fri Jun 16 12:39:05 2023] [::1]:46442 Closing
[Fri Jun 16 12:39:08 2023] [::1]:46454 Accepted
[Fri Jun 16 12:39:08 2023] [::1]:46454 [200]: POST /receiver.php
[Fri Jun 16 12:39:08 2023] [::1]:46454 Closing
[Fri Jun 16 12:39:10 2023] [::1]:46464 Accepted
[Fri Jun 16 12:39:10 2023] [::1]:46464 [200]: POST /receiver.php
[Fri Jun 16 12:39:10 2023] [::1]:46464 Closing
[Fri Jun 16 12:39:12 2023] [::1]:46474 Accepted
[Fri Jun 16 12:39:12 2023] [::1]:46474 [200]: POST /receiver.php
[Fri Jun 16 12:39:12 2023] [::1]:46474 Closing
[Fri Jun 16 12:39:14 2023] [::1]:37060 Accepted
[Fri Jun 16 12:39:14 2023] [::1]:37060 [200]: POST /receiver.php
[Fri Jun 16 12:39:14 2023] [::1]:37060 Closing
[Fri Jun 16 12:39:16 2023] [::1]:37064 Accepted
[Fri Jun 16 12:39:16 2023] [::1]:37064 [200]: POST /receiver.php
[Fri Jun 16 12:39:16 2023] [::1]:37064 Closing
[Fri Jun 16 12:39:18 2023] [::1]:37070 Accepted
[Fri Jun 16 12:39:18 2023] [::1]:37070 [200]: POST /receiver.php
[Fri Jun 16 12:39:18 2023] [::1]:37070 Closing
[Fri Jun 16 12:39:20 2023] [::1]:37076 Accepted
[Fri Jun 16 12:39:20 2023] [::1]:37076 [200]: POST /receiver.php
[Fri Jun 16 12:39:20 2023] [::1]:37076 Closing
[Fri Jun 16 12:39:22 2023] [::1]:37082 Accepted
[Fri Jun 16 12:39:22 2023] [::1]:37082 [200]: POST /receiver.php
[Fri Jun 16 12:39:22 2023] [::1]:37082 Closing
[Fri Jun 16 12:39:24 2023] [::1]:46682 Accepted
[Fri Jun 16 12:39:24 2023] [::1]:46682 [200]: POST /receiver.php
[Fri Jun 16 12:39:24 2023] [::1]:46682 Closing
[Fri Jun 16 12:39:26 2023] [::1]:46696 Accepted
[Fri Jun 16 12:39:26 2023] [::1]:46696 [200]: POST /receiver.php
[Fri Jun 16 12:39:26 2023] [::1]:46696 Closing
[Fri Jun 16 12:39:28 2023] [::1]:46700 Accepted
[Fri Jun 16 12:39:28 2023] [::1]:46700 [200]: POST /receiver.php
[Fri Jun 16 12:39:28 2023] [::1]:46700 Closing
[Fri Jun 16 12:39:30 2023] [::1]:46702 Accepted
[Fri Jun 16 12:39:30 2023] [::1]:46702 [200]: POST /receiver.php
[Fri Jun 16 12:39:31 2023] [::1]:46702 Closing
[Fri Jun 16 12:39:32 2023] [::1]:46706 Accepted
[Fri Jun 16 12:39:32 2023] [::1]:46706 [200]: POST /receiver.php
[Fri Jun 16 12:39:32 2023] [::1]:46706 Closing
[Fri Jun 16 12:39:34 2023] [::1]:60088 Accepted
[Fri Jun 16 12:39:34 2023] [::1]:60088 [200]: POST /receiver.php
[Fri Jun 16 12:39:34 2023] [::1]:60088 Closing
[Fri Jun 16 12:39:36 2023] [::1]:60092 Accepted
[Fri Jun 16 12:39:36 2023] [::1]:60092 [200]: POST /receiver.php
[Fri Jun 16 12:39:36 2023] [::1]:60092 Closing
[Fri Jun 16 12:39:38 2023] [::1]:60094 Accepted
[Fri Jun 16 12:39:38 2023] [::1]:60094 [200]: POST /receiver.php
[Fri Jun 16 12:39:38 2023] [::1]:60094 Closing
[Fri Jun 16 12:39:40 2023] [::1]:60110 Accepted
[Fri Jun 16 12:39:40 2023] [::1]:60110 [200]: POST /receiver.php
[Fri Jun 16 12:39:40 2023] [::1]:60110 Closing
[Fri Jun 16 12:39:42 2023] [::1]:60122 Accepted
[Fri Jun 16 12:39:42 2023] [::1]:60122 [200]: POST /receiver.php
[Fri Jun 16 12:39:42 2023] [::1]:60122 Closing
[Fri Jun 16 12:39:44 2023] [::1]:60586 Accepted
[Fri Jun 16 12:39:44 2023] [::1]:60586 [200]: POST /receiver.php
[Fri Jun 16 12:39:44 2023] [::1]:60586 Closing
[Fri Jun 16 12:39:46 2023] [::1]:60588 Accepted
[Fri Jun 16 12:39:46 2023] [::1]:60588 [200]: POST /receiver.php
[Fri Jun 16 12:39:46 2023] [::1]:60588 Closing
[Fri Jun 16 12:39:48 2023] [::1]:60594 Accepted
[Fri Jun 16 12:39:48 2023] [::1]:60594 [200]: POST /receiver.php
[Fri Jun 16 12:39:48 2023] [::1]:60594 Closing
[Fri Jun 16 12:39:50 2023] [::1]:60604 Accepted
[Fri Jun 16 12:39:50 2023] [::1]:60604 [200]: POST /receiver.php
[Fri Jun 16 12:39:50 2023] [::1]:60604 Closing
[Fri Jun 16 12:39:52 2023] [::1]:60620 Accepted
[Fri Jun 16 12:39:52 2023] [::1]:60620 [200]: POST /receiver.php
[Fri Jun 16 12:39:52 2023] [::1]:60620 Closing
[Fri Jun 16 12:39:55 2023] [::1]:56942 Accepted
[Fri Jun 16 12:39:55 2023] [::1]:56942 [200]: POST /receiver.php
[Fri Jun 16 12:39:55 2023] [::1]:56942 Closing
[Fri Jun 16 12:39:56 2023] [::1]:56946 Accepted
[Fri Jun 16 12:39:56 2023] [::1]:56946 [200]: POST /receiver.php
[Fri Jun 16 12:39:56 2023] [::1]:56946 Closing
[Fri Jun 16 12:39:58 2023] [::1]:56958 Accepted
[Fri Jun 16 12:39:58 2023] [::1]:56958 [200]: POST /receiver.php
[Fri Jun 16 12:39:58 2023] [::1]:56958 Closing
[Fri Jun 16 12:40:00 2023] [::1]:56962 Accepted
[Fri Jun 16 12:40:01 2023] [::1]:56962 [200]: POST /receiver.php
[Fri Jun 16 12:40:01 2023] [::1]:56962 Closing
[Fri Jun 16 12:40:02 2023] [::1]:56976 Accepted
[Fri Jun 16 12:40:02 2023] [::1]:56976 [200]: POST /receiver.php
[Fri Jun 16 12:40:02 2023] [::1]:56976 Closing
[Fri Jun 16 12:40:04 2023] [::1]:39652 Accepted
[Fri Jun 16 12:40:04 2023] [::1]:39652 [200]: POST /receiver.php
[Fri Jun 16 12:40:04 2023] [::1]:39652 Closing
[Fri Jun 16 12:40:06 2023] [::1]:39666 Accepted
[Fri Jun 16 12:40:06 2023] [::1]:39666 [200]: POST /receiver.php
[Fri Jun 16 12:40:06 2023] [::1]:39666 Closing
[Fri Jun 16 12:40:08 2023] [::1]:39672 Accepted
[Fri Jun 16 12:40:08 2023] [::1]:39672 [200]: POST /receiver.php
[Fri Jun 16 12:40:08 2023] [::1]:39672 Closing
[Fri Jun 16 12:40:11 2023] [::1]:39676 Accepted
[Fri Jun 16 12:40:11 2023] [::1]:39676 [200]: POST /receiver.php
[Fri Jun 16 12:40:11 2023] [::1]:39676 Closing
[Fri Jun 16 12:40:13 2023] [::1]:39692 Accepted
[Fri Jun 16 12:40:13 2023] [::1]:39692 [200]: POST /receiver.php
[Fri Jun 16 12:40:13 2023] [::1]:39692 Closing
[Fri Jun 16 12:40:16 2023] [::1]:41278 Accepted
[Fri Jun 16 12:40:16 2023] [::1]:41278 [200]: POST /receiver.php
[Fri Jun 16 12:40:16 2023] [::1]:41278 Closing
[Fri Jun 16 12:40:18 2023] [::1]:41280 Accepted
[Fri Jun 16 12:40:18 2023] [::1]:41280 [200]: POST /receiver.php
[Fri Jun 16 12:40:18 2023] [::1]:41280 Closing
[Fri Jun 16 12:40:20 2023] [::1]:41294 Accepted
[Fri Jun 16 12:40:20 2023] [::1]:41294 [200]: POST /receiver.php
[Fri Jun 16 12:40:20 2023] [::1]:41294 Closing
[Fri Jun 16 12:40:22 2023] [::1]:41306 Accepted
[Fri Jun 16 12:40:22 2023] [::1]:41306 [200]: POST /receiver.php
[Fri Jun 16 12:40:22 2023] [::1]:41306 Closing
[Fri Jun 16 12:40:24 2023] [::1]:53016 Accepted
[Fri Jun 16 12:40:24 2023] [::1]:53016 [200]: POST /receiver.php
[Fri Jun 16 12:40:24 2023] [::1]:53016 Closing
[Fri Jun 16 12:40:26 2023] [::1]:53022 Accepted
[Fri Jun 16 12:40:26 2023] [::1]:53022 [200]: POST /receiver.php
[Fri Jun 16 12:40:26 2023] [::1]:53022 Closing
[Fri Jun 16 12:40:28 2023] [::1]:53030 Accepted
[Fri Jun 16 12:40:28 2023] [::1]:53030 [200]: POST /receiver.php
[Fri Jun 16 12:40:28 2023] [::1]:53030 Closing
[Fri Jun 16 12:40:30 2023] [::1]:53046 Accepted
[Fri Jun 16 12:40:30 2023] [::1]:53046 [200]: POST /receiver.php
[Fri Jun 16 12:40:30 2023] [::1]:53046 Closing
[Fri Jun 16 12:40:32 2023] [::1]:53062 Accepted
[Fri Jun 16 12:40:32 2023] [::1]:53062 [200]: POST /receiver.php
[Fri Jun 16 12:40:32 2023] [::1]:53062 Closing
[Fri Jun 16 12:40:34 2023] [::1]:39022 Accepted
[Fri Jun 16 12:40:34 2023] [::1]:39022 [200]: POST /receiver.php
[Fri Jun 16 12:40:34 2023] [::1]:39022 Closing
[Fri Jun 16 12:40:36 2023] [::1]:39030 Accepted
[Fri Jun 16 12:40:36 2023] [::1]:39030 [200]: POST /receiver.php
[Fri Jun 16 12:40:36 2023] [::1]:39030 Closing
[Fri Jun 16 12:40:38 2023] [::1]:39034 Accepted
[Fri Jun 16 12:40:38 2023] [::1]:39034 [200]: POST /receiver.php
[Fri Jun 16 12:40:38 2023] [::1]:39034 Closing
[Fri Jun 16 12:40:40 2023] [::1]:39048 Accepted
[Fri Jun 16 12:40:40 2023] [::1]:39048 [200]: POST /receiver.php
[Fri Jun 16 12:40:40 2023] [::1]:39048 Closing
[Fri Jun 16 12:40:43 2023] [::1]:39062 Accepted
[Fri Jun 16 12:40:43 2023] [::1]:39062 [200]: POST /receiver.php
[Fri Jun 16 12:40:43 2023] [::1]:39062 Closing
[Fri Jun 16 12:40:45 2023] [::1]:36180 Accepted
[Fri Jun 16 12:40:45 2023] [::1]:36180 [200]: POST /receiver.php
[Fri Jun 16 12:40:45 2023] [::1]:36180 Closing
[Fri Jun 16 12:40:47 2023] [::1]:36194 Accepted
[Fri Jun 16 12:40:47 2023] [::1]:36194 [200]: POST /receiver.php
[Fri Jun 16 12:40:47 2023] [::1]:36194 Closing
[Fri Jun 16 12:40:49 2023] [::1]:36204 Accepted
[Fri Jun 16 12:40:49 2023] [::1]:36204 [200]: POST /receiver.php
[Fri Jun 16 12:40:49 2023] [::1]:36204 Closing
[Fri Jun 16 12:40:51 2023] [::1]:36208 Accepted
[Fri Jun 16 12:40:51 2023] [::1]:36208 [200]: POST /receiver.php
[Fri Jun 16 12:40:51 2023] [::1]:36208 Closing
[Fri Jun 16 12:40:53 2023] [::1]:36218 Accepted
[Fri Jun 16 12:40:53 2023] [::1]:36218 [200]: POST /receiver.php
[Fri Jun 16 12:40:53 2023] [::1]:36218 Closing
[Fri Jun 16 12:40:55 2023] [::1]:56050 Accepted
[Fri Jun 16 12:40:55 2023] [::1]:56050 [200]: POST /receiver.php
[Fri Jun 16 12:40:55 2023] [::1]:56050 Closing
[Fri Jun 16 12:40:57 2023] [::1]:56054 Accepted
[Fri Jun 16 12:40:57 2023] [::1]:56054 [200]: POST /receiver.php
[Fri Jun 16 12:40:57 2023] [::1]:56054 Closing
[Fri Jun 16 12:40:59 2023] [::1]:56064 Accepted
[Fri Jun 16 12:40:59 2023] [::1]:56064 [200]: POST /receiver.php
[Fri Jun 16 12:40:59 2023] [::1]:56064 Closing
[Fri Jun 16 12:41:01 2023] [::1]:56072 Accepted
[Fri Jun 16 12:41:01 2023] [::1]:56072 [200]: POST /receiver.php
[Fri Jun 16 12:41:01 2023] [::1]:56072 Closing
[Fri Jun 16 12:41:03 2023] [::1]:56088 Accepted
[Fri Jun 16 12:41:03 2023] [::1]:56088 [200]: POST /receiver.php
[Fri Jun 16 12:41:03 2023] [::1]:56088 Closing
[Fri Jun 16 12:41:06 2023] [::1]:38378 Accepted
[Fri Jun 16 12:41:06 2023] [::1]:38378 [200]: POST /receiver.php
[Fri Jun 16 12:41:06 2023] [::1]:38378 Closing
[Fri Jun 16 12:41:09 2023] [::1]:38384 Accepted
[Fri Jun 16 12:41:09 2023] [::1]:38384 [200]: POST /receiver.php
[Fri Jun 16 12:41:09 2023] [::1]:38384 Closing
[Fri Jun 16 12:41:12 2023] [::1]:38388 Accepted
[Fri Jun 16 12:41:12 2023] [::1]:38388 [200]: POST /receiver.php
[Fri Jun 16 12:41:12 2023] [::1]:38388 Closing
[Fri Jun 16 12:41:14 2023] [::1]:60826 Accepted
[Fri Jun 16 12:41:14 2023] [::1]:60826 [200]: POST /receiver.php
[Fri Jun 16 12:41:14 2023] [::1]:60826 Closing
[Fri Jun 16 12:41:16 2023] [::1]:60830 Accepted
[Fri Jun 16 12:41:17 2023] [::1]:60830 [200]: POST /receiver.php
[Fri Jun 16 12:41:17 2023] [::1]:60830 Closing
[Fri Jun 16 12:41:19 2023] [::1]:60836 Accepted
[Fri Jun 16 12:41:19 2023] [::1]:60836 [200]: POST /receiver.php
[Fri Jun 16 12:41:19 2023] [::1]:60836 Closing
[Fri Jun 16 12:41:21 2023] [::1]:60844 Accepted
[Fri Jun 16 12:41:21 2023] [::1]:60844 [200]: POST /receiver.php
[Fri Jun 16 12:41:22 2023] [::1]:60844 Closing
[Fri Jun 16 12:41:24 2023] [::1]:51030 Accepted
[Fri Jun 16 12:41:24 2023] [::1]:51030 [200]: POST /receiver.php
[Fri Jun 16 12:41:24 2023] [::1]:51030 Closing
[Fri Jun 16 12:41:27 2023] [::1]:51032 Accepted
[Fri Jun 16 12:41:27 2023] [::1]:51032 [200]: POST /receiver.php
[Fri Jun 16 12:41:27 2023] [::1]:51032 Closing
[Fri Jun 16 12:41:30 2023] [::1]:51040 Accepted
[Fri Jun 16 12:41:30 2023] [::1]:51040 [200]: POST /receiver.php
[Fri Jun 16 12:41:30 2023] [::1]:51040 Closing
[Fri Jun 16 12:41:31 2023] [::1]:51050 Accepted
[Fri Jun 16 12:41:31 2023] [::1]:51050 [200]: POST /receiver.php
[Fri Jun 16 12:41:31 2023] [::1]:51050 Closing
[Fri Jun 16 12:41:33 2023] [::1]:40884 Accepted
[Fri Jun 16 12:41:33 2023] [::1]:40884 [200]: POST /receiver.php
[Fri Jun 16 12:41:33 2023] [::1]:40884 Closing
[Fri Jun 16 12:41:35 2023] [::1]:40900 Accepted
[Fri Jun 16 12:41:35 2023] [::1]:40900 [200]: POST /receiver.php
[Fri Jun 16 12:41:35 2023] [::1]:40900 Closing
[Fri Jun 16 12:41:37 2023] [::1]:40912 Accepted
[Fri Jun 16 12:41:37 2023] [::1]:40912 [200]: POST /receiver.php
[Fri Jun 16 12:41:37 2023] [::1]:40912 Closing
[Fri Jun 16 12:41:39 2023] [::1]:40914 Accepted
[Fri Jun 16 12:41:39 2023] [::1]:40914 [200]: POST /receiver.php
[Fri Jun 16 12:41:39 2023] [::1]:40914 Closing
[Fri Jun 16 12:41:41 2023] [::1]:40922 Accepted
[Fri Jun 16 12:41:41 2023] [::1]:40922 [200]: POST /receiver.php
[Fri Jun 16 12:41:41 2023] [::1]:40922 Closing
[Fri Jun 16 12:41:43 2023] [::1]:40932 Accepted
[Fri Jun 16 12:41:43 2023] [::1]:40932 [200]: POST /receiver.php
[Fri Jun 16 12:41:43 2023] [::1]:40932 Closing
[Fri Jun 16 12:41:45 2023] [::1]:46242 Accepted
[Fri Jun 16 12:41:46 2023] [::1]:46242 [200]: POST /receiver.php
[Fri Jun 16 12:41:46 2023] [::1]:46242 Closing
[Fri Jun 16 12:41:47 2023] [::1]:46252 Accepted
[Fri Jun 16 12:41:47 2023] [::1]:46252 [200]: POST /receiver.php
[Fri Jun 16 12:41:47 2023] [::1]:46252 Closing
[Fri Jun 16 12:41:49 2023] [::1]:46264 Accepted
[Fri Jun 16 12:41:50 2023] [::1]:46264 [200]: POST /receiver.php
[Fri Jun 16 12:41:50 2023] [::1]:46264 Closing
[Fri Jun 16 12:41:51 2023] [::1]:46266 Accepted
[Fri Jun 16 12:41:51 2023] [::1]:46266 [200]: POST /receiver.php
[Fri Jun 16 12:41:51 2023] [::1]:46266 Closing
[Fri Jun 16 12:41:53 2023] [::1]:49676 Accepted
[Fri Jun 16 12:41:54 2023] [::1]:49676 [200]: POST /receiver.php
[Fri Jun 16 12:41:54 2023] [::1]:49676 Closing
[Fri Jun 16 12:41:55 2023] [::1]:49686 Accepted
[Fri Jun 16 12:41:55 2023] [::1]:49686 [200]: POST /receiver.php
[Fri Jun 16 12:41:55 2023] [::1]:49686 Closing
[Fri Jun 16 12:41:57 2023] [::1]:49688 Accepted
[Fri Jun 16 12:41:57 2023] [::1]:49688 [200]: POST /receiver.php
[Fri Jun 16 12:41:57 2023] [::1]:49688 Closing
[Fri Jun 16 12:41:59 2023] [::1]:49696 Accepted
[Fri Jun 16 12:42:00 2023] [::1]:49696 [200]: POST /receiver.php
[Fri Jun 16 12:42:00 2023] [::1]:49696 Closing
[Fri Jun 16 12:42:01 2023] [::1]:49702 Accepted
[Fri Jun 16 12:42:01 2023] [::1]:49702 [200]: POST /receiver.php
[Fri Jun 16 12:42:01 2023] [::1]:49702 Closing
[Fri Jun 16 12:42:03 2023] [::1]:49712 Accepted
[Fri Jun 16 12:42:03 2023] [::1]:49712 [200]: POST /receiver.php
[Fri Jun 16 12:42:03 2023] [::1]:49712 Closing
[Fri Jun 16 12:42:05 2023] [::1]:38866 Accepted
[Fri Jun 16 12:42:05 2023] [::1]:38866 [200]: POST /receiver.php
[Fri Jun 16 12:42:05 2023] [::1]:38866 Closing
[Fri Jun 16 12:42:07 2023] [::1]:38874 Accepted
[Fri Jun 16 12:42:07 2023] [::1]:38874 [200]: POST /receiver.php
[Fri Jun 16 12:42:07 2023] [::1]:38874 Closing
[Fri Jun 16 12:42:09 2023] [::1]:38878 Accepted
[Fri Jun 16 12:42:10 2023] [::1]:38878 [200]: POST /receiver.php
[Fri Jun 16 12:42:10 2023] [::1]:38878 Closing
[Fri Jun 16 12:42:11 2023] [::1]:38886 Accepted
[Fri Jun 16 12:42:12 2023] [::1]:38886 [200]: POST /receiver.php
[Fri Jun 16 12:42:12 2023] [::1]:38886 Closing
[Fri Jun 16 12:42:13 2023] [::1]:38892 Accepted
[Fri Jun 16 12:42:13 2023] [::1]:38892 [200]: POST /receiver.php
[Fri Jun 16 12:42:13 2023] [::1]:38892 Closing
[Fri Jun 16 12:42:15 2023] [::1]:55860 Accepted
[Fri Jun 16 12:42:15 2023] [::1]:55860 [200]: POST /receiver.php
[Fri Jun 16 12:42:15 2023] [::1]:55860 Closing
[Fri Jun 16 12:42:17 2023] [::1]:55874 Accepted
[Fri Jun 16 12:42:17 2023] [::1]:55874 [200]: POST /receiver.php
[Fri Jun 16 12:42:17 2023] [::1]:55874 Closing
[Fri Jun 16 12:42:19 2023] [::1]:55876 Accepted
[Fri Jun 16 12:42:19 2023] [::1]:55876 [200]: POST /receiver.php
[Fri Jun 16 12:42:19 2023] [::1]:55876 Closing
[Fri Jun 16 12:42:21 2023] [::1]:55890 Accepted
[Fri Jun 16 12:42:21 2023] [::1]:55890 [200]: POST /receiver.php
[Fri Jun 16 12:42:21 2023] [::1]:55890 Closing
[Fri Jun 16 12:42:24 2023] [::1]:39146 Accepted
[Fri Jun 16 12:42:24 2023] [::1]:39146 [200]: POST /receiver.php
[Fri Jun 16 12:42:24 2023] [::1]:39146 Closing
[Fri Jun 16 12:42:26 2023] [::1]:39152 Accepted
[Fri Jun 16 12:42:26 2023] [::1]:39152 [200]: POST /receiver.php
[Fri Jun 16 12:42:26 2023] [::1]:39152 Closing
[Fri Jun 16 12:42:27 2023] [::1]:39162 Accepted
[Fri Jun 16 12:42:27 2023] [::1]:39162 [200]: POST /receiver.php
[Fri Jun 16 12:42:27 2023] [::1]:39162 Closing
[Fri Jun 16 12:42:30 2023] [::1]:39170 Accepted
[Fri Jun 16 12:42:30 2023] [::1]:39170 [200]: POST /receiver.php
[Fri Jun 16 12:42:30 2023] [::1]:39170 Closing
[Fri Jun 16 12:42:31 2023] [::1]:39176 Accepted
[Fri Jun 16 12:42:31 2023] [::1]:39176 [200]: POST /receiver.php
[Fri Jun 16 12:42:31 2023] [::1]:39176 Closing
[Fri Jun 16 12:42:33 2023] [::1]:41888 Accepted
[Fri Jun 16 12:42:33 2023] [::1]:41888 [200]: POST /receiver.php
[Fri Jun 16 12:42:34 2023] [::1]:41888 Closing
[Fri Jun 16 12:42:35 2023] [::1]:41902 Accepted
[Fri Jun 16 12:42:36 2023] [::1]:41902 [200]: POST /receiver.php
[Fri Jun 16 12:42:36 2023] [::1]:41902 Closing
[Fri Jun 16 12:42:37 2023] [::1]:41916 Accepted
[Fri Jun 16 12:42:37 2023] [::1]:41916 [200]: POST /receiver.php
[Fri Jun 16 12:42:37 2023] [::1]:41916 Closing
[Fri Jun 16 12:42:39 2023] [::1]:41930 Accepted
[Fri Jun 16 12:42:39 2023] [::1]:41930 [200]: POST /receiver.php
[Fri Jun 16 12:42:39 2023] [::1]:41930 Closing
[Fri Jun 16 12:42:41 2023] [::1]:41938 Accepted
[Fri Jun 16 12:42:41 2023] [::1]:41938 [200]: POST /receiver.php
[Fri Jun 16 12:42:41 2023] [::1]:41938 Closing
[Fri Jun 16 12:42:43 2023] [::1]:46582 Accepted
[Fri Jun 16 12:42:44 2023] [::1]:46582 [200]: POST /receiver.php
[Fri Jun 16 12:42:44 2023] [::1]:46582 Closing
[Fri Jun 16 12:42:46 2023] [::1]:46596 Accepted
[Fri Jun 16 12:42:46 2023] [::1]:46596 [200]: POST /receiver.php
[Fri Jun 16 12:42:46 2023] [::1]:46596 Closing
[Fri Jun 16 12:42:48 2023] [::1]:46608 Accepted
[Fri Jun 16 12:42:48 2023] [::1]:46608 [200]: POST /receiver.php
[Fri Jun 16 12:42:48 2023] [::1]:46608 Closing
[Fri Jun 16 12:42:49 2023] [::1]:46624 Accepted
[Fri Jun 16 12:42:49 2023] [::1]:46624 [200]: POST /receiver.php
[Fri Jun 16 12:42:49 2023] [::1]:46624 Closing
[Fri Jun 16 12:42:55 2023] [::1]:56256 Accepted
[Fri Jun 16 12:42:55 2023] [::1]:56272 Accepted
[Fri Jun 16 12:42:55 2023] [::1]:56256 [200]: POST /receiver.php
[Fri Jun 16 12:42:55 2023] [::1]:56256 Closing
[Fri Jun 16 12:42:55 2023] [::1]:56272 [200]: POST /receiver.php
[Fri Jun 16 12:42:55 2023] [::1]:56272 Closing
[Fri Jun 16 12:42:56 2023] [::1]:56282 Accepted
[Fri Jun 16 12:42:56 2023] [::1]:56282 [200]: POST /receiver.php
[Fri Jun 16 12:42:56 2023] [::1]:56282 Closing
[Fri Jun 16 12:42:57 2023] [::1]:56288 Accepted
[Fri Jun 16 12:42:58 2023] [::1]:56288 [200]: POST /receiver.php
[Fri Jun 16 12:42:58 2023] [::1]:56288 Closing
[Fri Jun 16 12:43:00 2023] [::1]:56292 Accepted
[Fri Jun 16 12:43:00 2023] [::1]:56292 [200]: POST /receiver.php
[Fri Jun 16 12:43:00 2023] [::1]:56292 Closing
[Fri Jun 16 12:43:02 2023] [::1]:56300 Accepted
[Fri Jun 16 12:43:02 2023] [::1]:56300 [200]: POST /receiver.php
[Fri Jun 16 12:43:02 2023] [::1]:56300 Closing
[Fri Jun 16 12:43:04 2023] [::1]:44750 Accepted
[Fri Jun 16 12:43:04 2023] [::1]:44750 [200]: POST /receiver.php
[Fri Jun 16 12:43:04 2023] [::1]:44750 Closing
[Fri Jun 16 12:43:06 2023] [::1]:44758 Accepted
[Fri Jun 16 12:43:06 2023] [::1]:44758 [200]: POST /receiver.php
[Fri Jun 16 12:43:06 2023] [::1]:44758 Closing
[Fri Jun 16 12:43:13 2023] [::1]:44768 Accepted
[Fri Jun 16 12:43:13 2023] [::1]:44768 [200]: POST /receiver.php
[Fri Jun 16 12:43:13 2023] [::1]:44768 Closing
[Fri Jun 16 12:43:13 2023] [::1]:44776 Accepted
[Fri Jun 16 12:43:13 2023] [::1]:44776 [200]: POST /receiver.php
[Fri Jun 16 12:43:13 2023] [::1]:44776 Closing
[Fri Jun 16 12:43:13 2023] [::1]:44782 Accepted
[Fri Jun 16 12:43:13 2023] [::1]:44782 [200]: POST /receiver.php
[Fri Jun 16 12:43:13 2023] [::1]:44782 Closing
[Fri Jun 16 12:43:14 2023] [::1]:45548 Accepted
[Fri Jun 16 12:43:14 2023] [::1]:45548 [200]: POST /receiver.php
[Fri Jun 16 12:43:14 2023] [::1]:45548 Closing
[Fri Jun 16 12:43:16 2023] [::1]:45554 Accepted
[Fri Jun 16 12:43:16 2023] [::1]:45554 [200]: POST /receiver.php
[Fri Jun 16 12:43:16 2023] [::1]:45554 Closing
[Fri Jun 16 12:43:18 2023] [::1]:45558 Accepted
[Fri Jun 16 12:43:18 2023] [::1]:45558 [200]: POST /receiver.php
[Fri Jun 16 12:43:18 2023] [::1]:45558 Closing
[Fri Jun 16 12:43:20 2023] [::1]:45568 Accepted
[Fri Jun 16 12:43:20 2023] [::1]:45568 [200]: POST /receiver.php
[Fri Jun 16 12:43:20 2023] [::1]:45568 Closing
[Fri Jun 16 12:43:23 2023] [::1]:45584 Accepted
[Fri Jun 16 12:43:23 2023] [::1]:45584 [200]: POST /receiver.php
[Fri Jun 16 12:43:23 2023] [::1]:45584 Closing
[Fri Jun 16 12:43:26 2023] [::1]:40354 Accepted
[Fri Jun 16 12:43:26 2023] [::1]:40354 [200]: POST /receiver.php
[Fri Jun 16 12:43:26 2023] [::1]:40354 Closing
[Fri Jun 16 12:43:33 2023] [::1]:40358 Accepted
[Fri Jun 16 12:43:33 2023] [::1]:40358 [200]: POST /receiver.php
[Fri Jun 16 12:43:33 2023] [::1]:40358 Closing
[Fri Jun 16 12:43:36 2023] [::1]:34244 Accepted
[Fri Jun 16 12:43:36 2023] [::1]:34244 [200]: POST /receiver.php
[Fri Jun 16 12:43:36 2023] [::1]:34244 Closing
[Fri Jun 16 12:43:41 2023] [::1]:34252 Accepted
[Fri Jun 16 12:43:41 2023] [::1]:34252 [200]: POST /receiver.php
[Fri Jun 16 12:43:41 2023] [::1]:34252 Closing
[Fri Jun 16 12:43:44 2023] [::1]:35710 Accepted
[Fri Jun 16 12:43:44 2023] [::1]:35710 [200]: POST /receiver.php
[Fri Jun 16 12:43:44 2023] [::1]:35710 Closing
[Fri Jun 16 12:43:47 2023] [::1]:35714 Accepted
[Fri Jun 16 12:43:47 2023] [::1]:35714 [200]: POST /receiver.php
[Fri Jun 16 12:43:47 2023] [::1]:35714 Closing
[Fri Jun 16 12:43:50 2023] [::1]:35724 Accepted
[Fri Jun 16 12:43:50 2023] [::1]:35724 [200]: POST /receiver.php
[Fri Jun 16 12:43:50 2023] [::1]:35724 Closing
[Fri Jun 16 12:43:53 2023] [::1]:35726 Accepted
[Fri Jun 16 12:43:53 2023] [::1]:35726 [200]: POST /receiver.php
[Fri Jun 16 12:43:53 2023] [::1]:35726 Closing
[Fri Jun 16 12:43:57 2023] [::1]:46800 Accepted
[Fri Jun 16 12:43:57 2023] [::1]:46800 [200]: POST /receiver.php
[Fri Jun 16 12:43:57 2023] [::1]:46800 Closing
[Fri Jun 16 12:44:02 2023] [::1]:46816 Accepted
[Fri Jun 16 12:44:02 2023] [::1]:46816 [200]: POST /receiver.php
[Fri Jun 16 12:44:02 2023] [::1]:46816 Closing
[Fri Jun 16 12:44:05 2023] [::1]:47902 Accepted
[Fri Jun 16 12:44:05 2023] [::1]:47902 [200]: POST /receiver.php
[Fri Jun 16 12:44:05 2023] [::1]:47902 Closing
[Fri Jun 16 12:44:08 2023] [::1]:47912 Accepted
[Fri Jun 16 12:44:08 2023] [::1]:47912 [200]: POST /receiver.php
[Fri Jun 16 12:44:08 2023] [::1]:47912 Closing
[Fri Jun 16 12:44:10 2023] [::1]:47928 Accepted
[Fri Jun 16 12:44:10 2023] [::1]:47928 [200]: POST /receiver.php
[Fri Jun 16 12:44:10 2023] [::1]:47928 Closing
[Fri Jun 16 12:44:13 2023] [::1]:47944 Accepted
[Fri Jun 16 12:44:13 2023] [::1]:47944 [200]: POST /receiver.php
[Fri Jun 16 12:44:13 2023] [::1]:47944 Closing
[Fri Jun 16 12:44:16 2023] [::1]:49560 Accepted
[Fri Jun 16 12:44:16 2023] [::1]:49560 [200]: POST /receiver.php
[Fri Jun 16 12:44:16 2023] [::1]:49560 Closing
[Fri Jun 16 12:44:19 2023] [::1]:49564 Accepted
[Fri Jun 16 12:44:19 2023] [::1]:49564 [200]: POST /receiver.php
[Fri Jun 16 12:44:19 2023] [::1]:49564 Closing
[Fri Jun 16 12:44:24 2023] [::1]:46834 Accepted
[Fri Jun 16 12:44:24 2023] [::1]:46834 [200]: POST /receiver.php
[Fri Jun 16 12:44:24 2023] [::1]:46834 Closing
[Fri Jun 16 12:44:27 2023] [::1]:46846 Accepted
[Fri Jun 16 12:44:27 2023] [::1]:46846 [200]: POST /receiver.php
[Fri Jun 16 12:44:27 2023] [::1]:46846 Closing
[Fri Jun 16 12:44:30 2023] [::1]:46858 Accepted
[Fri Jun 16 12:44:30 2023] [::1]:46858 [200]: POST /receiver.php
[Fri Jun 16 12:44:30 2023] [::1]:46858 Closing
[Fri Jun 16 12:44:33 2023] [::1]:46868 Accepted
[Fri Jun 16 12:44:33 2023] [::1]:46868 [200]: POST /receiver.php
[Fri Jun 16 12:44:33 2023] [::1]:46868 Closing
[Fri Jun 16 12:44:36 2023] [::1]:38226 Accepted
[Fri Jun 16 12:44:36 2023] [::1]:38226 [200]: POST /receiver.php
[Fri Jun 16 12:44:36 2023] [::1]:38226 Closing
[Fri Jun 16 12:44:39 2023] [::1]:38240 Accepted
[Fri Jun 16 12:44:39 2023] [::1]:38240 [200]: POST /receiver.php
[Fri Jun 16 12:44:39 2023] [::1]:38240 Closing
[Fri Jun 16 12:44:41 2023] [::1]:38248 Accepted
[Fri Jun 16 12:44:41 2023] [::1]:38248 [200]: POST /receiver.php
[Fri Jun 16 12:44:41 2023] [::1]:38248 Closing
[Fri Jun 16 12:44:43 2023] [::1]:38250 Accepted
[Fri Jun 16 12:44:43 2023] [::1]:38250 [200]: POST /receiver.php
[Fri Jun 16 12:44:43 2023] [::1]:38250 Closing
[Fri Jun 16 12:44:45 2023] [::1]:50658 Accepted
[Fri Jun 16 12:44:45 2023] [::1]:50658 [200]: POST /receiver.php
[Fri Jun 16 12:44:45 2023] [::1]:50658 Closing
[Fri Jun 16 12:44:47 2023] [::1]:50668 Accepted
[Fri Jun 16 12:44:47 2023] [::1]:50668 [200]: POST /receiver.php
[Fri Jun 16 12:44:47 2023] [::1]:50668 Closing
[Fri Jun 16 12:44:49 2023] [::1]:50674 Accepted
[Fri Jun 16 12:44:49 2023] [::1]:50674 [200]: POST /receiver.php
[Fri Jun 16 12:44:49 2023] [::1]:50674 Closing
[Fri Jun 16 12:44:51 2023] [::1]:50686 Accepted
[Fri Jun 16 12:44:51 2023] [::1]:50686 [200]: POST /receiver.php
[Fri Jun 16 12:44:51 2023] [::1]:50686 Closing
[Fri Jun 16 12:44:53 2023] [::1]:50690 Accepted
[Fri Jun 16 12:44:53 2023] [::1]:50690 [200]: POST /receiver.php
[Fri Jun 16 12:44:53 2023] [::1]:50690 Closing
[Fri Jun 16 12:44:55 2023] [::1]:57224 Accepted
[Fri Jun 16 12:44:55 2023] [::1]:57224 [200]: POST /receiver.php
[Fri Jun 16 12:44:55 2023] [::1]:57224 Closing
[Fri Jun 16 12:44:57 2023] [::1]:57236 Accepted
[Fri Jun 16 12:44:57 2023] [::1]:57236 [200]: POST /receiver.php
[Fri Jun 16 12:44:57 2023] [::1]:57236 Closing
[Fri Jun 16 12:44:59 2023] [::1]:57240 Accepted
[Fri Jun 16 12:44:59 2023] [::1]:57240 [200]: POST /receiver.php
[Fri Jun 16 12:44:59 2023] [::1]:57240 Closing
[Fri Jun 16 12:45:01 2023] [::1]:57244 Accepted
[Fri Jun 16 12:45:01 2023] [::1]:57244 [200]: POST /receiver.php
[Fri Jun 16 12:45:01 2023] [::1]:57244 Closing
[Fri Jun 16 12:45:03 2023] [::1]:57260 Accepted
[Fri Jun 16 12:45:03 2023] [::1]:57260 [200]: POST /receiver.php
[Fri Jun 16 12:45:03 2023] [::1]:57260 Closing
[Fri Jun 16 12:45:05 2023] [::1]:38722 Accepted
[Fri Jun 16 12:45:05 2023] [::1]:38722 [200]: POST /receiver.php
[Fri Jun 16 12:45:05 2023] [::1]:38722 Closing
[Fri Jun 16 12:45:07 2023] [::1]:38726 Accepted
[Fri Jun 16 12:45:07 2023] [::1]:38726 [200]: POST /receiver.php
[Fri Jun 16 12:45:07 2023] [::1]:38726 Closing
[Fri Jun 16 12:45:09 2023] [::1]:38730 Accepted
[Fri Jun 16 12:45:09 2023] [::1]:38730 [200]: POST /receiver.php
[Fri Jun 16 12:45:09 2023] [::1]:38730 Closing
[Fri Jun 16 12:45:11 2023] [::1]:38742 Accepted
[Fri Jun 16 12:45:11 2023] [::1]:38742 [200]: POST /receiver.php
[Fri Jun 16 12:45:11 2023] [::1]:38742 Closing
[Fri Jun 16 12:45:13 2023] [::1]:38746 Accepted
[Fri Jun 16 12:45:13 2023] [::1]:38746 [200]: POST /receiver.php
[Fri Jun 16 12:45:13 2023] [::1]:38746 Closing
[Fri Jun 16 12:45:15 2023] [::1]:48726 Accepted
[Fri Jun 16 12:45:15 2023] [::1]:48726 [200]: POST /receiver.php
[Fri Jun 16 12:45:15 2023] [::1]:48726 Closing
[Fri Jun 16 12:45:17 2023] [::1]:48736 Accepted
[Fri Jun 16 12:45:17 2023] [::1]:48736 [200]: POST /receiver.php
[Fri Jun 16 12:45:17 2023] [::1]:48736 Closing
[Fri Jun 16 12:45:19 2023] [::1]:48748 Accepted
[Fri Jun 16 12:45:19 2023] [::1]:48748 [200]: POST /receiver.php
[Fri Jun 16 12:45:19 2023] [::1]:48748 Closing
[Fri Jun 16 12:45:21 2023] [::1]:48762 Accepted
[Fri Jun 16 12:45:21 2023] [::1]:48762 [200]: POST /receiver.php
[Fri Jun 16 12:45:21 2023] [::1]:48762 Closing
[Fri Jun 16 12:45:23 2023] [::1]:48778 Accepted
[Fri Jun 16 12:45:23 2023] [::1]:48778 [200]: POST /receiver.php
[Fri Jun 16 12:45:23 2023] [::1]:48778 Closing
[Fri Jun 16 12:45:25 2023] [::1]:40734 Accepted
[Fri Jun 16 12:45:25 2023] [::1]:40734 [200]: POST /receiver.php
[Fri Jun 16 12:45:25 2023] [::1]:40734 Closing
[Fri Jun 16 12:45:27 2023] [::1]:40736 Accepted
[Fri Jun 16 12:45:27 2023] [::1]:40736 [200]: POST /receiver.php
[Fri Jun 16 12:45:27 2023] [::1]:40736 Closing
[Fri Jun 16 12:45:29 2023] [::1]:40744 Accepted
[Fri Jun 16 12:45:29 2023] [::1]:40744 [200]: POST /receiver.php
[Fri Jun 16 12:45:29 2023] [::1]:40744 Closing
[Fri Jun 16 12:45:31 2023] [::1]:40746 Accepted
[Fri Jun 16 12:45:31 2023] [::1]:40746 [200]: POST /receiver.php
[Fri Jun 16 12:45:31 2023] [::1]:40746 Closing
[Fri Jun 16 12:45:33 2023] [::1]:40756 Accepted
[Fri Jun 16 12:45:33 2023] [::1]:40756 [200]: POST /receiver.php
[Fri Jun 16 12:45:33 2023] [::1]:40756 Closing
[Fri Jun 16 12:45:35 2023] [::1]:52328 Accepted
[Fri Jun 16 12:45:35 2023] [::1]:52328 [200]: POST /receiver.php
[Fri Jun 16 12:45:35 2023] [::1]:52328 Closing
[Fri Jun 16 12:45:37 2023] [::1]:52338 Accepted
[Fri Jun 16 12:45:37 2023] [::1]:52338 [200]: POST /receiver.php
[Fri Jun 16 12:45:37 2023] [::1]:52338 Closing
[Fri Jun 16 12:45:39 2023] [::1]:52340 Accepted
[Fri Jun 16 12:45:39 2023] [::1]:52340 [200]: POST /receiver.php
[Fri Jun 16 12:45:39 2023] [::1]:52340 Closing
[Fri Jun 16 12:45:41 2023] [::1]:52350 Accepted
[Fri Jun 16 12:45:41 2023] [::1]:52350 [200]: POST /receiver.php
[Fri Jun 16 12:45:41 2023] [::1]:52350 Closing
[Fri Jun 16 12:45:43 2023] [::1]:52366 Accepted
[Fri Jun 16 12:45:43 2023] [::1]:52366 [200]: POST /receiver.php
[Fri Jun 16 12:45:43 2023] [::1]:52366 Closing
[Fri Jun 16 12:45:45 2023] [::1]:55784 Accepted
[Fri Jun 16 12:45:45 2023] [::1]:55784 [200]: POST /receiver.php
[Fri Jun 16 12:45:45 2023] [::1]:55784 Closing
[Fri Jun 16 12:45:47 2023] [::1]:55786 Accepted
[Fri Jun 16 12:45:47 2023] [::1]:55786 [200]: POST /receiver.php
[Fri Jun 16 12:45:47 2023] [::1]:55786 Closing
[Fri Jun 16 12:45:49 2023] [::1]:55792 Accepted
[Fri Jun 16 12:45:49 2023] [::1]:55792 [200]: POST /receiver.php
[Fri Jun 16 12:45:49 2023] [::1]:55792 Closing
[Fri Jun 16 12:45:51 2023] [::1]:55806 Accepted
[Fri Jun 16 12:45:51 2023] [::1]:55806 [200]: POST /receiver.php
[Fri Jun 16 12:45:51 2023] [::1]:55806 Closing
[Fri Jun 16 12:45:53 2023] [::1]:55816 Accepted
[Fri Jun 16 12:45:53 2023] [::1]:55816 [200]: POST /receiver.php
[Fri Jun 16 12:45:53 2023] [::1]:55816 Closing
[Fri Jun 16 12:45:55 2023] [::1]:33130 Accepted
[Fri Jun 16 12:45:55 2023] [::1]:33130 [200]: POST /receiver.php
[Fri Jun 16 12:45:55 2023] [::1]:33130 Closing
[Fri Jun 16 12:45:57 2023] [::1]:33132 Accepted
[Fri Jun 16 12:45:57 2023] [::1]:33132 [200]: POST /receiver.php
[Fri Jun 16 12:45:57 2023] [::1]:33132 Closing
[Fri Jun 16 12:45:59 2023] [::1]:33142 Accepted
[Fri Jun 16 12:45:59 2023] [::1]:33142 [200]: POST /receiver.php
[Fri Jun 16 12:45:59 2023] [::1]:33142 Closing
[Fri Jun 16 12:46:01 2023] [::1]:33148 Accepted
[Fri Jun 16 12:46:01 2023] [::1]:33148 [200]: POST /receiver.php
[Fri Jun 16 12:46:01 2023] [::1]:33148 Closing
[Fri Jun 16 12:46:03 2023] [::1]:33162 Accepted
[Fri Jun 16 12:46:03 2023] [::1]:33162 [200]: POST /receiver.php
[Fri Jun 16 12:46:03 2023] [::1]:33162 Closing
[Fri Jun 16 12:46:05 2023] [::1]:60974 Accepted
[Fri Jun 16 12:46:05 2023] [::1]:60974 [200]: POST /receiver.php
[Fri Jun 16 12:46:05 2023] [::1]:60974 Closing
[Fri Jun 16 12:46:07 2023] [::1]:60984 Accepted
[Fri Jun 16 12:46:07 2023] [::1]:60984 [200]: POST /receiver.php
[Fri Jun 16 12:46:07 2023] [::1]:60984 Closing
[Fri Jun 16 12:46:10 2023] [::1]:60998 Accepted
[Fri Jun 16 12:46:10 2023] [::1]:60998 [200]: POST /receiver.php
[Fri Jun 16 12:46:10 2023] [::1]:60998 Closing
[Fri Jun 16 12:46:13 2023] [::1]:32770 Accepted
[Fri Jun 16 12:46:13 2023] [::1]:32770 [200]: POST /receiver.php
[Fri Jun 16 12:46:13 2023] [::1]:32770 Closing
[Fri Jun 16 12:46:15 2023] [::1]:50088 Accepted
[Fri Jun 16 12:46:15 2023] [::1]:50088 [200]: POST /receiver.php
[Fri Jun 16 12:46:15 2023] [::1]:50088 Closing
[Fri Jun 16 12:46:16 2023] [::1]:50090 Accepted
[Fri Jun 16 12:46:16 2023] [::1]:50090 [200]: POST /receiver.php
[Fri Jun 16 12:46:16 2023] [::1]:50090 Closing
[Fri Jun 16 12:46:18 2023] [::1]:50094 Accepted
[Fri Jun 16 12:46:18 2023] [::1]:50094 [200]: POST /receiver.php
[Fri Jun 16 12:46:18 2023] [::1]:50094 Closing
[Fri Jun 16 12:46:20 2023] [::1]:50104 Accepted
[Fri Jun 16 12:46:20 2023] [::1]:50104 [200]: POST /receiver.php
[Fri Jun 16 12:46:20 2023] [::1]:50104 Closing
[Fri Jun 16 12:46:22 2023] [::1]:50114 Accepted
[Fri Jun 16 12:46:22 2023] [::1]:50114 [200]: POST /receiver.php
[Fri Jun 16 12:46:22 2023] [::1]:50114 Closing
[Fri Jun 16 12:46:24 2023] [::1]:46158 Accepted
[Fri Jun 16 12:46:24 2023] [::1]:46158 [200]: POST /receiver.php
[Fri Jun 16 12:46:24 2023] [::1]:46158 Closing
[Fri Jun 16 12:46:26 2023] [::1]:46170 Accepted
[Fri Jun 16 12:46:26 2023] [::1]:46170 [200]: POST /receiver.php
[Fri Jun 16 12:46:26 2023] [::1]:46170 Closing
[Fri Jun 16 12:46:28 2023] [::1]:46180 Accepted
[Fri Jun 16 12:46:28 2023] [::1]:46180 [200]: POST /receiver.php
[Fri Jun 16 12:46:28 2023] [::1]:46180 Closing
[Fri Jun 16 12:46:30 2023] [::1]:46194 Accepted
[Fri Jun 16 12:46:30 2023] [::1]:46194 [200]: POST /receiver.php
[Fri Jun 16 12:46:30 2023] [::1]:46194 Closing
[Fri Jun 16 12:46:32 2023] [::1]:46200 Accepted
[Fri Jun 16 12:46:32 2023] [::1]:46200 [200]: POST /receiver.php
[Fri Jun 16 12:46:32 2023] [::1]:46200 Closing
[Fri Jun 16 12:46:34 2023] [::1]:43628 Accepted
[Fri Jun 16 12:46:34 2023] [::1]:43628 [200]: POST /receiver.php
[Fri Jun 16 12:46:34 2023] [::1]:43628 Closing
[Fri Jun 16 12:46:36 2023] [::1]:43644 Accepted
[Fri Jun 16 12:46:36 2023] [::1]:43644 [200]: POST /receiver.php
[Fri Jun 16 12:46:36 2023] [::1]:43644 Closing
[Fri Jun 16 12:46:38 2023] [::1]:43652 Accepted
[Fri Jun 16 12:46:38 2023] [::1]:43652 [200]: POST /receiver.php
[Fri Jun 16 12:46:38 2023] [::1]:43652 Closing
[Fri Jun 16 12:46:40 2023] [::1]:43656 Accepted
[Fri Jun 16 12:46:40 2023] [::1]:43656 [200]: POST /receiver.php
[Fri Jun 16 12:46:40 2023] [::1]:43656 Closing
[Fri Jun 16 12:46:42 2023] [::1]:43666 Accepted
[Fri Jun 16 12:46:42 2023] [::1]:43666 [200]: POST /receiver.php
[Fri Jun 16 12:46:42 2023] [::1]:43666 Closing
[Fri Jun 16 12:46:44 2023] [::1]:54956 Accepted
[Fri Jun 16 12:46:44 2023] [::1]:54956 [200]: POST /receiver.php
[Fri Jun 16 12:46:44 2023] [::1]:54956 Closing
[Fri Jun 16 12:46:46 2023] [::1]:54970 Accepted
[Fri Jun 16 12:46:46 2023] [::1]:54970 [200]: POST /receiver.php
[Fri Jun 16 12:46:46 2023] [::1]:54970 Closing
[Fri Jun 16 12:46:48 2023] [::1]:54978 Accepted
[Fri Jun 16 12:46:48 2023] [::1]:54978 [200]: POST /receiver.php
[Fri Jun 16 12:46:48 2023] [::1]:54978 Closing
[Fri Jun 16 12:46:50 2023] [::1]:54990 Accepted
[Fri Jun 16 12:46:50 2023] [::1]:54990 [200]: POST /receiver.php
[Fri Jun 16 12:46:50 2023] [::1]:54990 Closing
[Fri Jun 16 12:46:52 2023] [::1]:54998 Accepted
[Fri Jun 16 12:46:52 2023] [::1]:54998 [200]: POST /receiver.php
[Fri Jun 16 12:46:52 2023] [::1]:54998 Closing
[Fri Jun 16 12:46:54 2023] [::1]:46946 Accepted
[Fri Jun 16 12:46:54 2023] [::1]:46946 [200]: POST /receiver.php
[Fri Jun 16 12:46:54 2023] [::1]:46946 Closing
[Fri Jun 16 12:46:56 2023] [::1]:46960 Accepted
[Fri Jun 16 12:46:56 2023] [::1]:46960 [200]: POST /receiver.php
[Fri Jun 16 12:46:56 2023] [::1]:46960 Closing
[Fri Jun 16 12:46:58 2023] [::1]:46968 Accepted
[Fri Jun 16 12:46:58 2023] [::1]:46968 [200]: POST /receiver.php
[Fri Jun 16 12:46:58 2023] [::1]:46968 Closing
[Fri Jun 16 12:47:00 2023] [::1]:46980 Accepted
[Fri Jun 16 12:47:00 2023] [::1]:46980 [200]: POST /receiver.php
[Fri Jun 16 12:47:00 2023] [::1]:46980 Closing
[Fri Jun 16 12:47:02 2023] [::1]:46994 Accepted
[Fri Jun 16 12:47:02 2023] [::1]:46994 [200]: POST /receiver.php
[Fri Jun 16 12:47:02 2023] [::1]:46994 Closing
[Fri Jun 16 12:47:04 2023] [::1]:50800 Accepted
[Fri Jun 16 12:47:04 2023] [::1]:50800 [200]: POST /receiver.php
[Fri Jun 16 12:47:04 2023] [::1]:50800 Closing
[Fri Jun 16 12:47:06 2023] [::1]:50810 Accepted
[Fri Jun 16 12:47:06 2023] [::1]:50810 [200]: POST /receiver.php
[Fri Jun 16 12:47:06 2023] [::1]:50810 Closing
[Fri Jun 16 12:47:08 2023] [::1]:50824 Accepted
[Fri Jun 16 12:47:08 2023] [::1]:50824 [200]: POST /receiver.php
[Fri Jun 16 12:47:08 2023] [::1]:50824 Closing
[Fri Jun 16 12:47:10 2023] [::1]:50828 Accepted
[Fri Jun 16 12:47:10 2023] [::1]:50828 [200]: POST /receiver.php
[Fri Jun 16 12:47:10 2023] [::1]:50828 Closing
[Fri Jun 16 12:47:12 2023] [::1]:50842 Accepted
[Fri Jun 16 12:47:12 2023] [::1]:50842 [200]: POST /receiver.php
[Fri Jun 16 12:47:12 2023] [::1]:50842 Closing
[Fri Jun 16 12:47:14 2023] [::1]:59688 Accepted
[Fri Jun 16 12:47:14 2023] [::1]:59688 [200]: POST /receiver.php
[Fri Jun 16 12:47:14 2023] [::1]:59688 Closing
[Fri Jun 16 12:47:16 2023] [::1]:59700 Accepted
[Fri Jun 16 12:47:16 2023] [::1]:59700 [200]: POST /receiver.php
[Fri Jun 16 12:47:16 2023] [::1]:59700 Closing
[Fri Jun 16 12:47:18 2023] [::1]:59712 Accepted
[Fri Jun 16 12:47:18 2023] [::1]:59712 [200]: POST /receiver.php
[Fri Jun 16 12:47:18 2023] [::1]:59712 Closing
[Fri Jun 16 12:47:20 2023] [::1]:59726 Accepted
[Fri Jun 16 12:47:20 2023] [::1]:59726 [200]: POST /receiver.php
[Fri Jun 16 12:47:20 2023] [::1]:59726 Closing
[Fri Jun 16 12:47:22 2023] [::1]:59742 Accepted
[Fri Jun 16 12:47:22 2023] [::1]:59742 [302]: GET /
[Fri Jun 16 12:47:22 2023] [::1]:59742 Closing
[Fri Jun 16 12:47:22 2023] [::1]:59748 Accepted
[Fri Jun 16 12:47:22 2023] [::1]:59748 [200]: POST /receiver.php
[Fri Jun 16 12:47:22 2023] [::1]:59748 Closing
[Fri Jun 16 12:47:22 2023] [::1]:59754 Accepted
[Fri Jun 16 12:47:22 2023] [::1]:59754 [200]: GET /login.php
[Fri Jun 16 12:47:22 2023] [::1]:59754 Closing
[Fri Jun 16 12:47:23 2023] [::1]:59764 Accepted
[Fri Jun 16 12:47:23 2023] [::1]:59764 [200]: GET /assets/css/bootstrap.min.css
[Fri Jun 16 12:47:23 2023] [::1]:59764 Closing
[Fri Jun 16 12:47:23 2023] [::1]:59774 Accepted
[Fri Jun 16 12:47:23 2023] [::1]:59774 [200]: GET /assets/css/style.css
[Fri Jun 16 12:47:23 2023] [::1]:59774 Closing
[Fri Jun 16 12:47:24 2023] [::1]:49240 Accepted
[Fri Jun 16 12:47:24 2023] [::1]:49240 [404]: GET /favicon.ico - No such file or directory
[Fri Jun 16 12:47:24 2023] [::1]:49240 Closing
[Fri Jun 16 12:47:24 2023] [::1]:49256 Accepted
[Fri Jun 16 12:47:24 2023] [::1]:49256 [200]: POST /receiver.php
[Fri Jun 16 12:47:24 2023] [::1]:49256 Closing
[Fri Jun 16 12:47:26 2023] [::1]:49266 Accepted
[Fri Jun 16 12:47:26 2023] [::1]:49266 [200]: POST /receiver.php
[Fri Jun 16 12:47:26 2023] [::1]:49266 Closing
[Fri Jun 16 12:47:28 2023] [::1]:49282 Accepted
[Fri Jun 16 12:47:28 2023] [::1]:49282 [200]: POST /receiver.php
[Fri Jun 16 12:47:28 2023] [::1]:49282 Closing
[Fri Jun 16 12:47:30 2023] [::1]:49296 Accepted
[Fri Jun 16 12:47:30 2023] [::1]:49296 [200]: POST /receiver.php
[Fri Jun 16 12:47:30 2023] [::1]:49296 Closing
[Fri Jun 16 12:47:32 2023] [::1]:49308 Accepted
[Fri Jun 16 12:47:32 2023] [::1]:49308 [200]: POST /receiver.php
[Fri Jun 16 12:47:32 2023] [::1]:49308 Closing
[Fri Jun 16 12:47:34 2023] [::1]:46370 Accepted
[Fri Jun 16 12:47:34 2023] [::1]:46370 [200]: POST /receiver.php
[Fri Jun 16 12:47:34 2023] [::1]:46370 Closing
[Fri Jun 16 12:47:35 2023] [::1]:46376 Accepted
[Fri Jun 16 12:47:35 2023] [::1]:46376 [200]: POST /login.php
[Fri Jun 16 12:47:35 2023] [::1]:46376 Closing
[Fri Jun 16 12:47:36 2023] [::1]:46382 Accepted
[Fri Jun 16 12:47:36 2023] [::1]:46384 Accepted
[Fri Jun 16 12:47:36 2023] [::1]:46384 [200]: GET /assets/css/style.css
[Fri Jun 16 12:47:36 2023] [::1]:46382 [200]: GET /assets/css/bootstrap.min.css
[Fri Jun 16 12:47:36 2023] [::1]:46384 Closing
[Fri Jun 16 12:47:36 2023] [::1]:46382 Closing
[Fri Jun 16 12:47:36 2023] [::1]:46402 Accepted
[Fri Jun 16 12:47:36 2023] [::1]:46402 [200]: POST /receiver.php
[Fri Jun 16 12:47:36 2023] [::1]:46402 Closing
[Fri Jun 16 12:47:37 2023] [::1]:46416 Accepted
[Fri Jun 16 12:47:37 2023] [::1]:46416 [200]: GET /panel.php
[Fri Jun 16 12:47:37 2023] [::1]:46416 Closing
[Fri Jun 16 12:47:37 2023] [::1]:46422 Accepted
[Fri Jun 16 12:47:37 2023] [::1]:46422 [200]: GET /assets/css/bootstrap.min.css
[Fri Jun 16 12:47:37 2023] [::1]:46428 Accepted
[Fri Jun 16 12:47:37 2023] [::1]:46422 Closing
[Fri Jun 16 12:47:37 2023] [::1]:46436 Accepted
[Fri Jun 16 12:47:37 2023] [::1]:46450 Accepted
[Fri Jun 16 12:47:37 2023] [::1]:46428 [200]: GET /assets/css/light-theme.min.css
[Fri Jun 16 12:47:37 2023] [::1]:46428 Closing
[Fri Jun 16 12:47:37 2023] [::1]:46464 Accepted
[Fri Jun 16 12:47:37 2023] [::1]:46436 [200]: GET /assets/js/sweetalert2.min.js
[Fri Jun 16 12:47:37 2023] [::1]:46450 [200]: GET /assets/js/growl-notification.min.js
[Fri Jun 16 12:47:37 2023] [::1]:46478 Accepted
[Fri Jun 16 12:47:37 2023] [::1]:46464 [200]: GET /assets/js/script.js
[Fri Jun 16 12:47:37 2023] [::1]:46478 [200]: GET /assets/js/jquery.min.js
[Fri Jun 16 12:47:37 2023] [::1]:46436 Closing
[Fri Jun 16 12:47:37 2023] [::1]:46450 Closing
[Fri Jun 16 12:47:37 2023] [::1]:46464 Closing
[Fri Jun 16 12:47:37 2023] [::1]:46478 Closing
[Fri Jun 16 12:47:38 2023] [::1]:46494 Accepted
[Fri Jun 16 12:47:38 2023] [::1]:46494 [200]: POST /receiver.php
[Fri Jun 16 12:47:38 2023] [::1]:46494 Closing
[Fri Jun 16 12:47:39 2023] [::1]:46506 Accepted
[Fri Jun 16 12:47:39 2023] [::1]:46506 [200]: GET /Settings.json
[Fri Jun 16 12:47:39 2023] [::1]:46506 Closing
[Fri Jun 16 12:47:39 2023] [::1]:46522 Accepted
[Fri Jun 16 12:47:39 2023] [::1]:46522 [200]: POST /list_templates.php
[Fri Jun 16 12:47:39 2023] [::1]:46522 Closing
[Fri Jun 16 12:47:40 2023] [::1]:46528 Accepted
[Fri Jun 16 12:47:40 2023] [::1]:46528 [200]: POST /receiver.php
[Fri Jun 16 12:47:40 2023] [::1]:46528 Closing
[Fri Jun 16 12:47:42 2023] [::1]:46542 Accepted
[Fri Jun 16 12:47:42 2023] [::1]:46542 [200]: POST /receiver.php
[Fri Jun 16 12:47:42 2023] [::1]:46542 Closing
[Fri Jun 16 12:47:42 2023] [::1]:46558 Accepted
[Fri Jun 16 12:47:42 2023] [::1]:46558 [200]: POST /receiver.php
[Fri Jun 16 12:47:42 2023] [::1]:46558 Closing
[Fri Jun 16 12:47:44 2023] [::1]:38620 Accepted
[Fri Jun 16 12:47:44 2023] [::1]:38620 [200]: POST /receiver.php
[Fri Jun 16 12:47:44 2023] [::1]:38620 Closing
[Fri Jun 16 12:47:44 2023] [::1]:38626 Accepted
[Fri Jun 16 12:47:44 2023] [::1]:38626 [200]: POST /receiver.php
[Fri Jun 16 12:47:44 2023] [::1]:38626 Closing
[Fri Jun 16 12:47:46 2023] [::1]:38640 Accepted
[Fri Jun 16 12:47:46 2023] [::1]:38640 [200]: POST /receiver.php
[Fri Jun 16 12:47:46 2023] [::1]:38640 Closing
[Fri Jun 16 12:47:46 2023] [::1]:38648 Accepted
[Fri Jun 16 12:47:46 2023] [::1]:38648 [200]: POST /receiver.php
[Fri Jun 16 12:47:46 2023] [::1]:38648 Closing
[Fri Jun 16 12:47:48 2023] [::1]:38656 Accepted
[Fri Jun 16 12:47:48 2023] [::1]:38656 [200]: POST /receiver.php
[Fri Jun 16 12:47:48 2023] [::1]:38656 Closing
[Fri Jun 16 12:47:48 2023] [::1]:38660 Accepted
[Fri Jun 16 12:47:48 2023] [::1]:38660 [200]: POST /receiver.php
[Fri Jun 16 12:47:48 2023] [::1]:38660 Closing
[Fri Jun 16 12:47:50 2023] [::1]:38664 Accepted
[Fri Jun 16 12:47:50 2023] [::1]:38664 [200]: POST /receiver.php
[Fri Jun 16 12:47:50 2023] [::1]:38664 Closing
[Fri Jun 16 12:47:50 2023] [::1]:38676 Accepted
[Fri Jun 16 12:47:50 2023] [::1]:38676 [200]: POST /receiver.php
[Fri Jun 16 12:47:50 2023] [::1]:38676 Closing
[Fri Jun 16 12:47:52 2023] [::1]:38682 Accepted
[Fri Jun 16 12:47:52 2023] [::1]:38682 [200]: POST /receiver.php
[Fri Jun 16 12:47:52 2023] [::1]:38682 Closing
[Fri Jun 16 12:47:52 2023] [::1]:38692 Accepted
[Fri Jun 16 12:47:52 2023] [::1]:38692 [200]: POST /receiver.php
[Fri Jun 16 12:47:52 2023] [::1]:38692 Closing
[Fri Jun 16 12:47:53 2023] [::1]:38708 Accepted
[Fri Jun 16 12:47:53 2023] [::1]:38708 [200]: GET /templates/camera_temp/index.html
[Fri Jun 16 12:47:53 2023] [::1]:38708 Closing
[Fri Jun 16 12:47:53 2023] [::1]:38718 Accepted
[Fri Jun 16 12:47:53 2023] [::1]:38720 Accepted
[Fri Jun 16 12:47:53 2023] [::1]:38738 Accepted
[Fri Jun 16 12:47:53 2023] [::1]:38746 Accepted
[Fri Jun 16 12:47:53 2023] [::1]:38748 Accepted
[Fri Jun 16 12:47:53 2023] [::1]:38718 [200]: GET /assets/js/jquery.min.js
[Fri Jun 16 12:47:53 2023] [::1]:38720 [200]: GET /assets/js/loc.js
[Fri Jun 16 12:47:53 2023] [::1]:38748 [200]: GET /assets/js/client.min.js
[Fri Jun 16 12:47:53 2023] [::1]:38718 Closing
[Fri Jun 16 12:47:53 2023] [::1]:38720 Closing
[Fri Jun 16 12:47:53 2023] [::1]:38738 [200]: GET /templates/camera_temp/all.css
[Fri Jun 16 12:47:53 2023] [::1]:38746 [200]: GET /templates/camera_temp/style.css
[Fri Jun 16 12:47:53 2023] [::1]:38748 Closing
[Fri Jun 16 12:47:53 2023] [::1]:38738 Closing
[Fri Jun 16 12:47:53 2023] [::1]:38746 Closing
[Fri Jun 16 12:47:54 2023] [::1]:36286 Accepted
[Fri Jun 16 12:47:54 2023] [::1]:36286 [200]: POST /receiver.php
[Fri Jun 16 12:47:54 2023] [::1]:36286 Closing
[Fri Jun 16 12:47:54 2023] [::1]:36292 Accepted
[Fri Jun 16 12:47:54 2023] [::1]:36292 [404]: GET /templates/webfonts/fa-solid-900.woff2 - No such file or directory
[Fri Jun 16 12:47:54 2023] [::1]:36292 Closing
[Fri Jun 16 12:47:55 2023] [::1]:36296 Accepted
[Fri Jun 16 12:47:55 2023] [::1]:36296 [404]: GET /templates/webfonts/fa-solid-900.woff - No such file or directory
[Fri Jun 16 12:47:55 2023] [::1]:36296 Closing
[Fri Jun 16 12:47:55 2023] [::1]:36310 Accepted
[Fri Jun 16 12:47:55 2023] [::1]:36310 [404]: GET /templates/webfonts/fa-solid-900.ttf - No such file or directory
[Fri Jun 16 12:47:55 2023] [::1]:36310 Closing
[Fri Jun 16 12:47:56 2023] [::1]:36312 Accepted
[Fri Jun 16 12:47:56 2023] [::1]:36312 [200]: POST /receiver.php
[Fri Jun 16 12:47:56 2023] [::1]:36312 Closing
[Fri Jun 16 12:47:58 2023] [::1]:36320 Accepted
[Fri Jun 16 12:47:58 2023] [::1]:36320 [200]: POST /templates/camera_temp/handler.php
[Fri Jun 16 12:47:58 2023] [::1]:36320 Closing
[Fri Jun 16 12:47:58 2023] [::1]:36332 Accepted
[Fri Jun 16 12:47:58 2023] [::1]:36332 [200]: POST /receiver.php
[Fri Jun 16 12:47:58 2023] [::1]:36332 Closing
[Fri Jun 16 12:48:03 2023] [::1]:36338 Accepted
[Fri Jun 16 12:48:03 2023] [::1]:36338 [200]: GET /panel.php
[Fri Jun 16 12:48:03 2023] [::1]:36338 Closing
[Fri Jun 16 12:48:04 2023] [::1]:34686 Accepted
[Fri Jun 16 12:48:04 2023] [::1]:34686 [200]: POST /receiver.php
[Fri Jun 16 12:48:04 2023] [::1]:34686 Closing
[Fri Jun 16 12:48:06 2023] [::1]:34688 Accepted
[Fri Jun 16 12:48:06 2023] [::1]:34692 Accepted
[Fri Jun 16 12:48:06 2023] [::1]:34708 Accepted
[Fri Jun 16 12:48:06 2023] [::1]:34692 [200]: GET /assets/js/growl-notification.min.js
[Fri Jun 16 12:48:06 2023] [::1]:34710 Accepted
[Fri Jun 16 12:48:06 2023] [::1]:34738 Accepted
[Fri Jun 16 12:48:06 2023] [::1]:34746 Accepted
[Fri Jun 16 12:48:06 2023] [::1]:34692 Closing
[Fri Jun 16 12:48:06 2023] [::1]:34688 [200]: GET /assets/js/script.js
[Fri Jun 16 12:48:06 2023] [::1]:34708 [200]: GET /assets/css/light-theme.min.css
[Fri Jun 16 12:48:06 2023] [::1]:34710 [200]: GET /assets/js/jquery.min.js
[Fri Jun 16 12:48:06 2023] [::1]:34738 [200]: GET /assets/css/bootstrap.min.css
[Fri Jun 16 12:48:06 2023] [::1]:34746 [200]: GET /assets/js/sweetalert2.min.js
[Fri Jun 16 12:48:06 2023] [::1]:34688 Closing
[Fri Jun 16 12:48:06 2023] [::1]:34708 Closing
[Fri Jun 16 12:48:06 2023] [::1]:34710 Closing
[Fri Jun 16 12:48:06 2023] [::1]:34746 Closing
[Fri Jun 16 12:48:06 2023] [::1]:34738 Closing
[Fri Jun 16 12:48:11 2023] [::1]:34758 Accepted
[Fri Jun 16 12:48:11 2023] [::1]:34758 [200]: GET /Settings.json
[Fri Jun 16 12:48:11 2023] [::1]:34758 Closing
[Fri Jun 16 12:48:11 2023] [::1]:34770 Accepted
[Fri Jun 16 12:48:11 2023] [::1]:34770 [200]: POST /list_templates.php
[Fri Jun 16 12:48:11 2023] [::1]:34770 Closing
[Fri Jun 16 12:48:13 2023] [::1]:34784 Accepted
[Fri Jun 16 12:48:14 2023] [::1]:34784 [200]: POST /receiver.php
[Fri Jun 16 12:48:14 2023] [::1]:34784 Closing
[Fri Jun 16 12:48:15 2023] [::1]:41666 Accepted
[Fri Jun 16 12:48:15 2023] [::1]:41666 [200]: POST /receiver.php
[Fri Jun 16 12:48:15 2023] [::1]:41666 Closing
[Fri Jun 16 12:48:18 2023] [::1]:41676 Accepted
[Fri Jun 16 12:48:18 2023] [::1]:41676 [200]: POST /receiver.php
[Fri Jun 16 12:48:18 2023] [::1]:41676 Closing
[Fri Jun 16 12:48:19 2023] [::1]:41686 Accepted
[Fri Jun 16 12:48:19 2023] [::1]:41686 [200]: POST /receiver.php
[Fri Jun 16 12:48:19 2023] [::1]:41686 Closing
[Fri Jun 16 12:48:21 2023] [::1]:41688 Accepted
[Fri Jun 16 12:48:21 2023] [::1]:41688 [200]: POST /receiver.php
[Fri Jun 16 12:48:21 2023] [::1]:41688 Closing
[Fri Jun 16 12:48:23 2023] [::1]:41704 Accepted
[Fri Jun 16 12:48:23 2023] [::1]:41704 [200]: POST /receiver.php
[Fri Jun 16 12:48:23 2023] [::1]:41704 Closing
[Fri Jun 16 12:48:25 2023] [::1]:52790 Accepted
[Fri Jun 16 12:48:25 2023] [::1]:52790 [200]: POST /receiver.php
[Fri Jun 16 12:48:25 2023] [::1]:52790 Closing
[Fri Jun 16 12:48:28 2023] [::1]:52804 Accepted
[Fri Jun 16 12:48:28 2023] [::1]:52804 [200]: GET /panel.php
[Fri Jun 16 12:48:28 2023] [::1]:52804 Closing
[Fri Jun 16 12:48:30 2023] [::1]:52812 Accepted
[Fri Jun 16 12:48:30 2023] [::1]:52812 [200]: POST /receiver.php
[Fri Jun 16 12:48:30 2023] [::1]:52812 Closing
[Fri Jun 16 12:48:30 2023] [::1]:52816 Accepted
[Fri Jun 16 12:48:36 2023] [::1]:52472 Accepted
[Fri Jun 16 12:48:36 2023] [::1]:52472 [200]: GET /assets/css/light-theme.min.css
[Fri Jun 16 12:48:36 2023] [::1]:52472 Closing
[Fri Jun 16 12:48:36 2023] [::1]:52480 Accepted
[Fri Jun 16 12:48:36 2023] [::1]:52482 Accepted
[Fri Jun 16 12:48:36 2023] [::1]:52482 [200]: GET /assets/js/script.js
[Fri Jun 16 12:48:36 2023] [::1]:52482 Closing
[Fri Jun 16 12:48:36 2023] [::1]:52480 [200]: GET /assets/js/jquery.min.js
[Fri Jun 16 12:48:36 2023] [::1]:52480 Closing
[Fri Jun 16 12:48:36 2023] [::1]:52490 Accepted
[Fri Jun 16 12:48:36 2023] [::1]:52490 [200]: GET /assets/js/sweetalert2.min.js
[Fri Jun 16 12:48:36 2023] [::1]:52490 Closing
[Fri Jun 16 12:48:36 2023] [::1]:52498 Accepted
[Fri Jun 16 12:48:36 2023] [::1]:52506 Accepted
[Fri Jun 16 12:48:36 2023] [::1]:52506 [200]: GET /assets/css/bootstrap.min.css
[Fri Jun 16 12:48:36 2023] [::1]:52506 Closing
[Fri Jun 16 12:48:36 2023] [::1]:52498 [200]: GET /assets/js/growl-notification.min.js
[Fri Jun 16 12:48:36 2023] [::1]:52498 Closing
[Fri Jun 16 12:48:39 2023] [::1]:52816 [200]: POST /templates/camera_temp/post.php
[Fri Jun 16 12:48:39 2023] [::1]:52816 Closing
[Fri Jun 16 12:48:39 2023] [::1]:52518 Accepted
[Fri Jun 16 12:48:44 2023] [::1]:52518 [200]: POST /templates/camera_temp/post.php
[Fri Jun 16 12:48:44 2023] [::1]:52518 Closing
[Fri Jun 16 12:48:46 2023] [::1]:53034 Accepted
[Fri Jun 16 12:48:46 2023] [::1]:53034 [200]: GET /Settings.json
[Fri Jun 16 12:48:46 2023] [::1]:53034 Closing
[Fri Jun 16 12:48:47 2023] [::1]:53046 Accepted
[Fri Jun 16 12:48:47 2023] [::1]:53046 [200]: POST /list_templates.php
[Fri Jun 16 12:48:47 2023] [::1]:53046 Closing
[Fri Jun 16 12:48:48 2023] [::1]:53054 Accepted
[Fri Jun 16 12:48:50 2023] [::1]:53062 Accepted
[Fri Jun 16 12:48:50 2023] [::1]:53062 [200]: POST /receiver.php
[Fri Jun 16 12:48:50 2023] [::1]:53062 Closing
[Fri Jun 16 12:48:51 2023] [::1]:53054 [200]: POST /templates/camera_temp/post.php
[Fri Jun 16 12:48:51 2023] [::1]:53054 Closing
[Fri Jun 16 12:48:52 2023] [::1]:53066 Accepted
[Fri Jun 16 12:48:52 2023] [::1]:53066 [200]: POST /receiver.php
[Fri Jun 16 12:48:52 2023] [::1]:53066 Closing
[Fri Jun 16 12:48:53 2023] [::1]:53080 Accepted
[Fri Jun 16 12:48:53 2023] [::1]:53080 [200]: POST /receiver.php
[Fri Jun 16 12:48:53 2023] [::1]:53080 Closing
[Fri Jun 16 12:48:55 2023] [::1]:47112 Accepted
[Fri Jun 16 12:48:55 2023] [::1]:47112 [200]: POST /receiver.php
[Fri Jun 16 12:48:55 2023] [::1]:47112 Closing
[Fri Jun 16 12:48:58 2023] [::1]:47122 Accepted
[Fri Jun 16 12:49:00 2023] [::1]:47138 Accepted
[Fri Jun 16 12:49:00 2023] [::1]:47138 [200]: POST /receiver.php
[Fri Jun 16 12:49:00 2023] [::1]:47138 Closing
[Fri Jun 16 12:49:01 2023] [::1]:47142 Accepted
[Fri Jun 16 12:49:01 2023] [::1]:47142 [200]: POST /receiver.php
[Fri Jun 16 12:49:01 2023] [::1]:47142 Closing
[Fri Jun 16 12:49:03 2023] [::1]:47154 Accepted
[Fri Jun 16 12:49:03 2023] [::1]:47154 [200]: POST /receiver.php
[Fri Jun 16 12:49:03 2023] [::1]:47154 Closing
[Fri Jun 16 12:49:03 2023] [::1]:47164 Accepted
[Fri Jun 16 12:49:03 2023] [::1]:47164 [200]: POST /receiver.php
[Fri Jun 16 12:49:03 2023] [::1]:47164 Closing
[Fri Jun 16 12:49:04 2023] [::1]:47122 [200]: POST /templates/camera_temp/post.php
[Fri Jun 16 12:49:04 2023] [::1]:47122 Closing
[Fri Jun 16 12:49:05 2023] [::1]:55374 Accepted
[Fri Jun 16 12:49:05 2023] [::1]:55374 [200]: POST /receiver.php
[Fri Jun 16 12:49:05 2023] [::1]:55374 Closing
[Fri Jun 16 12:49:06 2023] [::1]:55388 Accepted
[Fri Jun 16 12:49:09 2023] [::1]:55400 Accepted
[Fri Jun 16 12:49:09 2023] [::1]:55400 [200]: POST /receiver.php
[Fri Jun 16 12:49:09 2023] [::1]:55400 Closing
[Fri Jun 16 12:49:11 2023] [::1]:55408 Accepted
[Fri Jun 16 12:49:11 2023] [::1]:55408 [200]: POST /receiver.php
[Fri Jun 16 12:49:11 2023] [::1]:55408 Closing
[Fri Jun 16 12:49:12 2023] [::1]:55420 Accepted
[Fri Jun 16 12:49:12 2023] [::1]:55388 [200]: POST /templates/camera_temp/post.php
[Fri Jun 16 12:49:12 2023] [::1]:55388 Closing
[Fri Jun 16 12:49:12 2023] [::1]:55420 [200]: POST /receiver.php
[Fri Jun 16 12:49:12 2023] [::1]:55420 Closing
[Fri Jun 16 12:49:14 2023] [::1]:36808 Accepted
[Fri Jun 16 12:49:14 2023] [::1]:36808 [200]: POST /receiver.php
[Fri Jun 16 12:49:14 2023] [::1]:36808 Closing
[Fri Jun 16 12:49:15 2023] [::1]:36818 Accepted
[Fri Jun 16 12:49:17 2023] [::1]:36826 Accepted
[Fri Jun 16 12:49:17 2023] [::1]:36826 [200]: POST /receiver.php
[Fri Jun 16 12:49:17 2023] [::1]:36826 Closing
[Fri Jun 16 12:49:20 2023] [::1]:36818 [200]: POST /templates/camera_temp/post.php
[Fri Jun 16 12:49:20 2023] [::1]:36818 Closing
[Fri Jun 16 12:49:24 2023] [::1]:48254 Accepted
[Fri Jun 16 12:49:28 2023] [::1]:48254 [200]: POST /templates/camera_temp/post.php
[Fri Jun 16 12:49:28 2023] [::1]:48254 Closing
[Fri Jun 16 12:49:33 2023] [::1]:48270 Accepted
[Fri Jun 16 12:49:39 2023] [::1]:48270 [200]: POST /templates/camera_temp/post.php
[Fri Jun 16 12:49:39 2023] [::1]:48270 Closing
[Fri Jun 16 12:49:42 2023] [::1]:34248 Accepted
[Fri Jun 16 12:49:54 2023] [::1]:34248 [200]: POST /templates/camera_temp/post.php
[Fri Jun 16 12:49:54 2023] [::1]:34248 Closing
[Fri Jun 16 12:49:55 2023] [::1]:46194 Accepted
[Fri Jun 16 12:50:03 2023] [::1]:46194 [200]: POST /templates/camera_temp/post.php
[Fri Jun 16 12:50:03 2023] [::1]:46194 Closing
[Fri Jun 16 12:50:04 2023] [::1]:42760 Accepted
[Fri Jun 16 12:50:09 2023] [::1]:42760 [200]: POST /templates/camera_temp/post.php
[Fri Jun 16 12:50:09 2023] [::1]:42760 Closing
[Fri Jun 16 12:50:09 2023] [::1]:42764 Accepted
[Fri Jun 16 12:50:14 2023] [::1]:42764 [200]: POST /templates/camera_temp/post.php
[Fri Jun 16 12:50:14 2023] [::1]:42764 Closing
