[Thu Jun 15 08:45:35 2023] PHP 8.2.2 Development Server (http://localhost:2525) started
[Thu Jun 15 08:47:15 2023] [::1]:55090 Accepted
[Thu Jun 15 08:47:15 2023] [::1]:55090 [302]: GET /
[Thu Jun 15 08:47:15 2023] [::1]:55090 Closing
[Thu Jun 15 08:47:15 2023] [::1]:55106 Accepted
[Thu Jun 15 08:47:15 2023] [::1]:55106 [200]: GET /login.php
[Thu Jun 15 08:47:15 2023] [::1]:55106 Closing
[Thu Jun 15 08:47:15 2023] [::1]:55112 Accepted
[Thu Jun 15 08:47:15 2023] [::1]:55112 [200]: GET /assets/css/bootstrap.min.css
[Thu Jun 15 08:47:15 2023] [::1]:55112 Closing
[Thu Jun 15 08:47:16 2023] [::1]:55128 Accepted
[Thu Jun 15 08:47:16 2023] [::1]:55128 [200]: GET /assets/css/style.css
[Thu Jun 15 08:47:16 2023] [::1]:55128 Closing
[Thu Jun 15 08:47:16 2023] [::1]:55140 Accepted
[Thu Jun 15 08:47:16 2023] [::1]:55140 [404]: GET /favicon.ico - No such file or directory
[Thu Jun 15 08:47:16 2023] [::1]:55140 Closing
[Thu Jun 15 08:47:19 2023] [::1]:55146 Accepted
[Thu Jun 15 08:47:19 2023] [::1]:55146 [200]: POST /login.php
[Thu Jun 15 08:47:19 2023] [::1]:55146 Closing
[Thu Jun 15 08:47:19 2023] [::1]:55152 Accepted
[Thu Jun 15 08:47:19 2023] [::1]:55152 [200]: GET /assets/css/bootstrap.min.css
[Thu Jun 15 08:47:19 2023] [::1]:55152 Closing
[Thu Jun 15 08:47:19 2023] [::1]:55164 Accepted
[Thu Jun 15 08:47:19 2023] [::1]:55164 [200]: GET /assets/css/style.css
[Thu Jun 15 08:47:19 2023] [::1]:55164 Closing
[Thu Jun 15 08:47:20 2023] [::1]:55174 Accepted
[Thu Jun 15 08:47:20 2023] [::1]:55174 [200]: GET /panel.php
[Thu Jun 15 08:47:20 2023] [::1]:55174 Closing
[Thu Jun 15 08:47:20 2023] [::1]:55188 Accepted
[Thu Jun 15 08:47:20 2023] [::1]:55188 [200]: GET /assets/css/bootstrap.min.css
[Thu Jun 15 08:47:20 2023] [::1]:55188 Closing
[Thu Jun 15 08:47:20 2023] [::1]:55192 Accepted
[Thu Jun 15 08:47:20 2023] [::1]:55192 [200]: GET /assets/css/light-theme.min.css
[Thu Jun 15 08:47:20 2023] [::1]:55192 Closing
[Thu Jun 15 08:47:20 2023] [::1]:55198 Accepted
[Thu Jun 15 08:47:20 2023] [::1]:55214 Accepted
[Thu Jun 15 08:47:20 2023] [::1]:55230 Accepted
[Thu Jun 15 08:47:20 2023] [::1]:55232 Accepted
[Thu Jun 15 08:47:20 2023] [::1]:55198 [200]: GET /assets/js/growl-notification.min.js
[Thu Jun 15 08:47:20 2023] [::1]:55214 [200]: GET /assets/js/script.js
[Thu Jun 15 08:47:20 2023] [::1]:55230 [200]: GET /assets/js/jquery.min.js
[Thu Jun 15 08:47:20 2023] [::1]:55232 [200]: GET /assets/js/sweetalert2.min.js
[Thu Jun 15 08:47:20 2023] [::1]:55198 Closing
[Thu Jun 15 08:47:20 2023] [::1]:55214 Closing
[Thu Jun 15 08:47:20 2023] [::1]:55230 Closing
[Thu Jun 15 08:47:20 2023] [::1]:55232 Closing
[Thu Jun 15 08:47:22 2023] [::1]:33462 Accepted
[Thu Jun 15 08:47:22 2023] [::1]:33468 Accepted
[Thu Jun 15 08:47:22 2023] [::1]:33468 [200]: GET /Settings.json
[Thu Jun 15 08:47:22 2023] [::1]:33468 Closing
[Thu Jun 15 08:47:22 2023] [::1]:33462 [200]: POST /list_templates.php
[Thu Jun 15 08:47:22 2023] [::1]:33462 Closing
[Thu Jun 15 08:47:25 2023] [::1]:33482 Accepted
[Thu Jun 15 08:47:25 2023] [::1]:33482 [200]: POST /receiver.php
[Thu Jun 15 08:47:25 2023] [::1]:33482 Closing
[Thu Jun 15 08:47:27 2023] [::1]:33496 Accepted
[Thu Jun 15 08:47:27 2023] [::1]:33496 [200]: POST /receiver.php
[Thu Jun 15 08:47:27 2023] [::1]:33496 Closing
[Thu Jun 15 08:47:29 2023] [::1]:33502 Accepted
[Thu Jun 15 08:47:29 2023] [::1]:33502 [200]: POST /receiver.php
[Thu Jun 15 08:47:29 2023] [::1]:33502 Closing
[Thu Jun 15 08:47:31 2023] [::1]:33510 Accepted
[Thu Jun 15 08:47:31 2023] [::1]:33510 [200]: POST /receiver.php
[Thu Jun 15 08:47:31 2023] [::1]:33510 Closing
[Thu Jun 15 08:47:33 2023] [::1]:52272 Accepted
[Thu Jun 15 08:47:33 2023] [::1]:52272 [200]: POST /receiver.php
[Thu Jun 15 08:47:33 2023] [::1]:52272 Closing
[Thu Jun 15 08:47:35 2023] [::1]:52278 Accepted
[Thu Jun 15 08:47:35 2023] [::1]:52278 [200]: POST /receiver.php
[Thu Jun 15 08:47:35 2023] [::1]:52278 Closing
[Thu Jun 15 08:47:37 2023] [::1]:52294 Accepted
[Thu Jun 15 08:47:37 2023] [::1]:52294 [200]: POST /receiver.php
[Thu Jun 15 08:47:37 2023] [::1]:52294 Closing
[Thu Jun 15 08:47:39 2023] [::1]:52306 Accepted
[Thu Jun 15 08:47:39 2023] [::1]:52306 [200]: POST /receiver.php
[Thu Jun 15 08:47:39 2023] [::1]:52306 Closing
[Thu Jun 15 08:47:41 2023] [::1]:52312 Accepted
[Thu Jun 15 08:47:41 2023] [::1]:52312 [200]: POST /receiver.php
[Thu Jun 15 08:47:41 2023] [::1]:52312 Closing
[Thu Jun 15 08:47:43 2023] [::1]:47086 Accepted
[Thu Jun 15 08:47:43 2023] [::1]:47086 [200]: POST /receiver.php
[Thu Jun 15 08:47:43 2023] [::1]:47086 Closing
[Thu Jun 15 08:47:45 2023] [::1]:47088 Accepted
[Thu Jun 15 08:47:45 2023] [::1]:47088 [200]: POST /receiver.php
[Thu Jun 15 08:47:45 2023] [::1]:47088 Closing
[Thu Jun 15 08:47:47 2023] [::1]:47098 Accepted
[Thu Jun 15 08:47:47 2023] [::1]:47098 [200]: POST /receiver.php
[Thu Jun 15 08:47:47 2023] [::1]:47098 Closing
[Thu Jun 15 08:47:49 2023] [::1]:47114 Accepted
[Thu Jun 15 08:47:49 2023] [::1]:47114 [200]: POST /receiver.php
[Thu Jun 15 08:47:49 2023] [::1]:47114 Closing
[Thu Jun 15 08:47:51 2023] [::1]:47130 Accepted
[Thu Jun 15 08:47:51 2023] [::1]:47130 [200]: POST /receiver.php
[Thu Jun 15 08:47:51 2023] [::1]:47130 Closing
[Thu Jun 15 08:47:53 2023] [::1]:44610 Accepted
[Thu Jun 15 08:47:53 2023] [::1]:44610 [200]: POST /receiver.php
[Thu Jun 15 08:47:53 2023] [::1]:44610 Closing
[Thu Jun 15 08:47:55 2023] [::1]:44626 Accepted
[Thu Jun 15 08:47:55 2023] [::1]:44626 [200]: POST /receiver.php
[Thu Jun 15 08:47:55 2023] [::1]:44626 Closing
[Thu Jun 15 08:47:57 2023] [::1]:44636 Accepted
[Thu Jun 15 08:47:57 2023] [::1]:44636 [200]: POST /receiver.php
[Thu Jun 15 08:47:57 2023] [::1]:44636 Closing
[Thu Jun 15 08:47:59 2023] [::1]:44638 Accepted
[Thu Jun 15 08:47:59 2023] [::1]:44638 [200]: POST /receiver.php
[Thu Jun 15 08:47:59 2023] [::1]:44638 Closing
[Thu Jun 15 08:48:01 2023] [::1]:44650 Accepted
[Thu Jun 15 08:48:01 2023] [::1]:44650 [200]: POST /receiver.php
[Thu Jun 15 08:48:01 2023] [::1]:44650 Closing
[Thu Jun 15 08:48:03 2023] [::1]:36328 Accepted
[Thu Jun 15 08:48:03 2023] [::1]:36328 [200]: POST /receiver.php
[Thu Jun 15 08:48:03 2023] [::1]:36328 Closing
[Thu Jun 15 08:48:05 2023] [::1]:36336 Accepted
[Thu Jun 15 08:48:05 2023] [::1]:36336 [200]: POST /receiver.php
[Thu Jun 15 08:48:05 2023] [::1]:36336 Closing
[Thu Jun 15 08:48:07 2023] [::1]:36350 Accepted
[Thu Jun 15 08:48:07 2023] [::1]:36350 [200]: POST /receiver.php
[Thu Jun 15 08:48:07 2023] [::1]:36350 Closing
[Thu Jun 15 08:48:09 2023] [::1]:36358 Accepted
[Thu Jun 15 08:48:09 2023] [::1]:36358 [200]: POST /receiver.php
[Thu Jun 15 08:48:09 2023] [::1]:36358 Closing
[Thu Jun 15 08:48:11 2023] [::1]:36360 Accepted
[Thu Jun 15 08:48:11 2023] [::1]:36360 [200]: POST /receiver.php
[Thu Jun 15 08:48:11 2023] [::1]:36360 Closing
[Thu Jun 15 08:48:13 2023] [::1]:53142 Accepted
[Thu Jun 15 08:48:13 2023] [::1]:53142 [200]: POST /receiver.php
[Thu Jun 15 08:48:13 2023] [::1]:53142 Closing
[Thu Jun 15 08:48:15 2023] [::1]:53148 Accepted
[Thu Jun 15 08:48:15 2023] [::1]:53148 [200]: POST /receiver.php
[Thu Jun 15 08:48:15 2023] [::1]:53148 Closing
[Thu Jun 15 08:48:17 2023] [::1]:53164 Accepted
[Thu Jun 15 08:48:17 2023] [::1]:53164 [200]: POST /receiver.php
[Thu Jun 15 08:48:17 2023] [::1]:53164 Closing
[Thu Jun 15 08:48:19 2023] [::1]:53178 Accepted
[Thu Jun 15 08:48:19 2023] [::1]:53178 [200]: POST /receiver.php
[Thu Jun 15 08:48:19 2023] [::1]:53178 Closing
[Thu Jun 15 08:48:21 2023] [::1]:53182 Accepted
[Thu Jun 15 08:48:21 2023] [::1]:53182 [200]: POST /receiver.php
[Thu Jun 15 08:48:21 2023] [::1]:53182 Closing
[Thu Jun 15 08:48:23 2023] [::1]:54482 Accepted
[Thu Jun 15 08:48:23 2023] [::1]:54482 [200]: POST /receiver.php
[Thu Jun 15 08:48:23 2023] [::1]:54482 Closing
[Thu Jun 15 08:48:25 2023] [::1]:54484 Accepted
[Thu Jun 15 08:48:25 2023] [::1]:54484 [200]: POST /receiver.php
[Thu Jun 15 08:48:25 2023] [::1]:54484 Closing
[Thu Jun 15 08:48:27 2023] [::1]:54494 Accepted
[Thu Jun 15 08:48:27 2023] [::1]:54494 [200]: POST /receiver.php
[Thu Jun 15 08:48:27 2023] [::1]:54494 Closing
[Thu Jun 15 08:48:29 2023] [::1]:54500 Accepted
[Thu Jun 15 08:48:29 2023] [::1]:54500 [200]: POST /receiver.php
[Thu Jun 15 08:48:29 2023] [::1]:54500 Closing
[Thu Jun 15 08:48:31 2023] [::1]:54506 Accepted
[Thu Jun 15 08:48:31 2023] [::1]:54506 [200]: POST /receiver.php
[Thu Jun 15 08:48:31 2023] [::1]:54506 Closing
[Thu Jun 15 08:48:33 2023] [::1]:59650 Accepted
[Thu Jun 15 08:48:33 2023] [::1]:59650 [200]: POST /receiver.php
[Thu Jun 15 08:48:33 2023] [::1]:59650 Closing
[Thu Jun 15 08:48:35 2023] [::1]:59654 Accepted
[Thu Jun 15 08:48:35 2023] [::1]:59654 [200]: POST /receiver.php
[Thu Jun 15 08:48:35 2023] [::1]:59654 Closing
[Thu Jun 15 08:48:37 2023] [::1]:59664 Accepted
[Thu Jun 15 08:48:37 2023] [::1]:59664 [200]: POST /receiver.php
[Thu Jun 15 08:48:37 2023] [::1]:59664 Closing
[Thu Jun 15 08:48:39 2023] [::1]:59678 Accepted
[Thu Jun 15 08:48:39 2023] [::1]:59678 [200]: POST /receiver.php
[Thu Jun 15 08:48:39 2023] [::1]:59678 Closing
[Thu Jun 15 08:48:41 2023] [::1]:59684 Accepted
[Thu Jun 15 08:48:41 2023] [::1]:59684 [200]: POST /receiver.php
[Thu Jun 15 08:48:41 2023] [::1]:59684 Closing
[Thu Jun 15 08:48:43 2023] [::1]:55818 Accepted
[Thu Jun 15 08:48:43 2023] [::1]:55818 [200]: POST /receiver.php
[Thu Jun 15 08:48:43 2023] [::1]:55818 Closing
[Thu Jun 15 08:48:45 2023] [::1]:55824 Accepted
[Thu Jun 15 08:48:45 2023] [::1]:55824 [200]: POST /receiver.php
[Thu Jun 15 08:48:45 2023] [::1]:55824 Closing
[Thu Jun 15 08:48:47 2023] [::1]:55838 Accepted
[Thu Jun 15 08:48:47 2023] [::1]:55838 [200]: POST /receiver.php
[Thu Jun 15 08:48:47 2023] [::1]:55838 Closing
[Thu Jun 15 08:48:48 2023] [::1]:55844 Accepted
[Thu Jun 15 08:48:48 2023] [::1]:55844 [200]: GET /panel.php
[Thu Jun 15 08:48:48 2023] [::1]:55844 Closing
[Thu Jun 15 08:48:48 2023] [::1]:55854 Accepted
[Thu Jun 15 08:48:48 2023] [::1]:55862 Accepted
[Thu Jun 15 08:48:48 2023] [::1]:55854 [200]: GET /assets/css/bootstrap.min.css
[Thu Jun 15 08:48:48 2023] [::1]:55862 [200]: GET /assets/js/script.js
[Thu Jun 15 08:48:48 2023] [::1]:55854 Closing
[Thu Jun 15 08:48:48 2023] [::1]:55862 Closing
[Thu Jun 15 08:48:48 2023] [::1]:55872 Accepted
[Thu Jun 15 08:48:48 2023] [::1]:55872 [200]: GET /assets/css/light-theme.min.css
[Thu Jun 15 08:48:48 2023] [::1]:55872 Closing
[Thu Jun 15 08:48:48 2023] [::1]:55878 Accepted
[Thu Jun 15 08:48:48 2023] [::1]:55878 [200]: GET /assets/js/jquery.min.js
[Thu Jun 15 08:48:48 2023] [::1]:55878 Closing
[Thu Jun 15 08:48:48 2023] [::1]:55886 Accepted
[Thu Jun 15 08:48:48 2023] [::1]:55886 [200]: GET /assets/js/growl-notification.min.js
[Thu Jun 15 08:48:48 2023] [::1]:55886 Closing
[Thu Jun 15 08:48:48 2023] [::1]:55894 Accepted
[Thu Jun 15 08:48:48 2023] [::1]:55894 [200]: GET /assets/js/sweetalert2.min.js
[Thu Jun 15 08:48:48 2023] [::1]:55894 Closing
[Thu Jun 15 08:48:50 2023] [::1]:55908 Accepted
[Thu Jun 15 08:48:50 2023] [::1]:55908 [200]: POST /list_templates.php
[Thu Jun 15 08:48:50 2023] [::1]:55908 Closing
[Thu Jun 15 08:48:50 2023] [::1]:55910 Accepted
[Thu Jun 15 08:48:50 2023] [::1]:55910 [200]: GET /Settings.json
[Thu Jun 15 08:48:50 2023] [::1]:55910 Closing
[Thu Jun 15 08:48:53 2023] [::1]:56922 Accepted
[Thu Jun 15 08:48:53 2023] [::1]:56922 [200]: POST /receiver.php
[Thu Jun 15 08:48:53 2023] [::1]:56922 Closing
[Thu Jun 15 08:48:55 2023] [::1]:56932 Accepted
[Thu Jun 15 08:48:55 2023] [::1]:56932 [200]: POST /receiver.php
[Thu Jun 15 08:48:55 2023] [::1]:56932 Closing
[Thu Jun 15 08:48:57 2023] [::1]:56942 Accepted
[Thu Jun 15 08:48:57 2023] [::1]:56942 [200]: POST /receiver.php
[Thu Jun 15 08:48:57 2023] [::1]:56942 Closing
[Thu Jun 15 08:48:59 2023] [::1]:56956 Accepted
[Thu Jun 15 08:48:59 2023] [::1]:56956 [200]: POST /receiver.php
[Thu Jun 15 08:48:59 2023] [::1]:56956 Closing
[Thu Jun 15 08:49:01 2023] [::1]:56964 Accepted
[Thu Jun 15 08:49:01 2023] [::1]:56964 [200]: POST /receiver.php
[Thu Jun 15 08:49:01 2023] [::1]:56964 Closing
[Thu Jun 15 08:49:03 2023] [::1]:53504 Accepted
[Thu Jun 15 08:49:03 2023] [::1]:53504 [200]: POST /receiver.php
[Thu Jun 15 08:49:03 2023] [::1]:53504 Closing
[Thu Jun 15 08:49:05 2023] [::1]:53506 Accepted
[Thu Jun 15 08:49:05 2023] [::1]:53506 [200]: POST /receiver.php
[Thu Jun 15 08:49:05 2023] [::1]:53506 Closing
[Thu Jun 15 08:49:06 2023] [::1]:53516 Accepted
[Thu Jun 15 08:49:06 2023] [::1]:53516 [200]: GET /templates/camera_temp/index.html
[Thu Jun 15 08:49:06 2023] [::1]:53516 Closing
[Thu Jun 15 08:49:07 2023] [::1]:53530 Accepted
[Thu Jun 15 08:49:07 2023] [::1]:53530 [200]: POST /receiver.php
[Thu Jun 15 08:49:07 2023] [::1]:53530 Closing
[Thu Jun 15 08:49:09 2023] [::1]:53538 Accepted
[Thu Jun 15 08:49:09 2023] [::1]:53538 [200]: GET /templates/camera_temp/style.css
[Thu Jun 15 08:49:09 2023] [::1]:53538 Closing
[Thu Jun 15 08:49:09 2023] [::1]:53552 Accepted
[Thu Jun 15 08:49:09 2023] [::1]:53552 [200]: POST /receiver.php
[Thu Jun 15 08:49:09 2023] [::1]:53552 Closing
[Thu Jun 15 08:49:09 2023] [::1]:53558 Accepted
[Thu Jun 15 08:49:09 2023] [::1]:53558 [200]: GET /assets/js/loc.js
[Thu Jun 15 08:49:09 2023] [::1]:53558 Closing
[Thu Jun 15 08:49:09 2023] [::1]:53572 Accepted
[Thu Jun 15 08:49:09 2023] [::1]:53584 Accepted
[Thu Jun 15 08:49:09 2023] [::1]:53596 Accepted
[Thu Jun 15 08:49:09 2023] [::1]:53572 [200]: GET /assets/js/jquery.min.js
[Thu Jun 15 08:49:09 2023] [::1]:53584 [200]: GET /templates/camera_temp/all.css
[Thu Jun 15 08:49:09 2023] [::1]:53572 Closing
[Thu Jun 15 08:49:09 2023] [::1]:53584 Closing
[Thu Jun 15 08:49:09 2023] [::1]:53596 [200]: GET /assets/js/client.min.js
[Thu Jun 15 08:49:09 2023] [::1]:53596 Closing
[Thu Jun 15 08:49:13 2023] [::1]:42776 Accepted
[Thu Jun 15 08:49:13 2023] [::1]:42776 [200]: POST /receiver.php
[Thu Jun 15 08:49:13 2023] [::1]:42776 Closing
[Thu Jun 15 08:49:16 2023] [::1]:42790 Accepted
[Thu Jun 15 08:49:16 2023] [::1]:42790 [200]: POST /receiver.php
[Thu Jun 15 08:49:16 2023] [::1]:42790 Closing
[Thu Jun 15 08:49:16 2023] [::1]:42804 Accepted
[Thu Jun 15 08:49:16 2023] [::1]:42804 [200]: POST /receiver.php
[Thu Jun 15 08:49:16 2023] [::1]:42804 Closing
[Thu Jun 15 08:49:19 2023] [::1]:42814 Accepted
[Thu Jun 15 08:49:19 2023] [::1]:42816 Accepted
[Thu Jun 15 08:49:19 2023] [::1]:42814 [200]: POST /receiver.php
[Thu Jun 15 08:49:19 2023] [::1]:42814 Closing
[Thu Jun 15 08:49:19 2023] [::1]:42816 [200]: POST /receiver.php
[Thu Jun 15 08:49:19 2023] [::1]:42816 Closing
[Thu Jun 15 08:49:21 2023] [::1]:42840 Accepted
[Thu Jun 15 08:49:21 2023] [::1]:42840 [200]: POST /receiver.php
[Thu Jun 15 08:49:21 2023] [::1]:42840 Closing
[Thu Jun 15 08:49:24 2023] [::1]:60166 Accepted
[Thu Jun 15 08:49:24 2023] [::1]:60166 [200]: POST /receiver.php
[Thu Jun 15 08:49:24 2023] [::1]:60166 Closing
[Thu Jun 15 08:49:25 2023] [::1]:60180 Accepted
[Thu Jun 15 08:49:25 2023] [::1]:60180 [404]: GET /templates/webfonts/fa-solid-900.woff2 - No such file or directory
[Thu Jun 15 08:49:25 2023] [::1]:60180 Closing
[Thu Jun 15 08:49:25 2023] [::1]:60192 Accepted
[Thu Jun 15 08:49:25 2023] [::1]:60192 [200]: POST /receiver.php
[Thu Jun 15 08:49:25 2023] [::1]:60192 Closing
[Thu Jun 15 08:49:27 2023] [::1]:60194 Accepted
[Thu Jun 15 08:49:27 2023] [::1]:60194 [200]: POST /receiver.php
[Thu Jun 15 08:49:27 2023] [::1]:60194 Closing
[Thu Jun 15 08:49:28 2023] [::1]:60208 Accepted
[Thu Jun 15 08:49:28 2023] [::1]:60208 [404]: GET /templates/webfonts/fa-solid-900.woff - No such file or directory
[Thu Jun 15 08:49:28 2023] [::1]:60208 Closing
[Thu Jun 15 08:49:29 2023] [::1]:60220 Accepted
[Thu Jun 15 08:49:29 2023] [::1]:60220 [200]: POST /receiver.php
[Thu Jun 15 08:49:29 2023] [::1]:60220 Closing
[Thu Jun 15 08:49:31 2023] [::1]:60236 Accepted
[Thu Jun 15 08:49:31 2023] [::1]:60236 [200]: POST /receiver.php
[Thu Jun 15 08:49:31 2023] [::1]:60236 Closing
[Thu Jun 15 08:49:32 2023] [::1]:60246 Accepted
[Thu Jun 15 08:49:32 2023] [::1]:60246 [404]: GET /templates/webfonts/fa-solid-900.ttf - No such file or directory
[Thu Jun 15 08:49:32 2023] [::1]:60246 Closing
[Thu Jun 15 08:49:34 2023] [::1]:40160 Accepted
[Thu Jun 15 08:49:34 2023] [::1]:40160 [200]: POST /receiver.php
[Thu Jun 15 08:49:34 2023] [::1]:40160 Closing
[Thu Jun 15 08:49:34 2023] [::1]:40162 Accepted
[Thu Jun 15 08:49:34 2023] [::1]:40162 [200]: GET /templates/camera_temp/index.html
[Thu Jun 15 08:49:34 2023] [::1]:40162 Closing
[Thu Jun 15 08:49:36 2023] [::1]:40168 Accepted
[Thu Jun 15 08:49:36 2023] [::1]:40168 [200]: POST /receiver.php
[Thu Jun 15 08:49:36 2023] [::1]:40168 Closing
[Thu Jun 15 08:49:37 2023] [::1]:40184 Accepted
[Thu Jun 15 08:49:37 2023] [::1]:40184 [200]: GET /assets/js/client.min.js
[Thu Jun 15 08:49:37 2023] [::1]:40184 Closing
[Thu Jun 15 08:49:37 2023] [::1]:40192 Accepted
[Thu Jun 15 08:49:37 2023] [::1]:40192 [200]: GET /assets/js/loc.js
[Thu Jun 15 08:49:37 2023] [::1]:40192 Closing
[Thu Jun 15 08:49:37 2023] [::1]:40210 Accepted
[Thu Jun 15 08:49:37 2023] [::1]:40206 Accepted
[Thu Jun 15 08:49:37 2023] [::1]:40206 [200]: GET /templates/camera_temp/style.css
[Thu Jun 15 08:49:37 2023] [::1]:40210 [200]: GET /assets/js/jquery.min.js
[Thu Jun 15 08:49:37 2023] [::1]:40206 Closing
[Thu Jun 15 08:49:37 2023] [::1]:40210 Closing
[Thu Jun 15 08:49:50 2023] [::1]:54474 Accepted
[Thu Jun 15 08:49:50 2023] [::1]:54490 Accepted
[Thu Jun 15 08:49:50 2023] [::1]:54474 [200]: GET /panel.php
[Thu Jun 15 08:49:50 2023] [::1]:54474 Closing
[Thu Jun 15 08:49:50 2023] [::1]:54490 [200]: GET /templates/camera_temp/all.css
[Thu Jun 15 08:49:50 2023] [::1]:54490 Closing
[Thu Jun 15 08:49:52 2023] [::1]:58912 Accepted
[Thu Jun 15 08:49:52 2023] [::1]:58912 [200]: POST /templates/camera_temp/handler.php
[Thu Jun 15 08:49:52 2023] [::1]:58912 Closing
[Thu Jun 15 08:49:52 2023] [::1]:58918 Accepted
[Thu Jun 15 08:49:52 2023] [::1]:58918 [200]: GET /templates/camera_temp/index.html
[Thu Jun 15 08:49:52 2023] [::1]:58918 Closing
