[Tue Jun 13 12:43:36 2023] PHP 8.2.2 Development Server (http://localhost:2525) started
[Tue Jun 13 12:45:11 2023] [::1]:50824 Accepted
[Tue Jun 13 12:45:11 2023] [::1]:50824 [302]: GET /
[Tue Jun 13 12:45:11 2023] [::1]:50824 Closing
[Tue Jun 13 12:45:13 2023] [::1]:56320 Accepted
[Tue Jun 13 12:45:13 2023] [::1]:56320 [200]: GET /login.php
[Tue Jun 13 12:45:13 2023] [::1]:56320 Closing
[Tue Jun 13 12:45:14 2023] [::1]:56336 Accepted
[Tue Jun 13 12:45:14 2023] [::1]:56336 [200]: GET /assets/css/bootstrap.min.css
[Tue Jun 13 12:45:14 2023] [::1]:56336 Closing
[Tue Jun 13 12:45:14 2023] [::1]:56346 Accepted
[Tue Jun 13 12:45:14 2023] [::1]:56346 [200]: GET /assets/css/style.css
[Tue Jun 13 12:45:14 2023] [::1]:56346 Closing
[Tue Jun 13 12:45:14 2023] [::1]:56350 Accepted
[Tue Jun 13 12:45:14 2023] [::1]:56350 [404]: GET /favicon.ico - No such file or directory
[Tue Jun 13 12:45:14 2023] [::1]:56350 Closing
[Tue Jun 13 12:45:18 2023] [::1]:56358 Accepted
[Tue Jun 13 12:45:18 2023] [::1]:56358 [200]: POST /login.php
[Tue Jun 13 12:45:18 2023] [::1]:56358 Closing
[Tue Jun 13 12:45:19 2023] [::1]:56360 Accepted
[Tue Jun 13 12:45:19 2023] [::1]:56368 Accepted
[Tue Jun 13 12:45:19 2023] [::1]:56360 [200]: GET /assets/css/style.css
[Tue Jun 13 12:45:19 2023] [::1]:56368 [200]: GET /assets/css/bootstrap.min.css
[Tue Jun 13 12:45:19 2023] [::1]:56360 Closing
[Tue Jun 13 12:45:19 2023] [::1]:56368 Closing
[Tue Jun 13 12:45:20 2023] [::1]:56376 Accepted
[Tue Jun 13 12:45:20 2023] [::1]:56376 [200]: GET /panel.php
[Tue Jun 13 12:45:20 2023] [::1]:56376 Closing
[Tue Jun 13 12:45:21 2023] [::1]:56378 Accepted
[Tue Jun 13 12:45:21 2023] [::1]:56378 [200]: GET /assets/css/bootstrap.min.css
[Tue Jun 13 12:45:21 2023] [::1]:56384 Accepted
[Tue Jun 13 12:45:21 2023] [::1]:56378 Closing
[Tue Jun 13 12:45:21 2023] [::1]:56386 Accepted
[Tue Jun 13 12:45:21 2023] [::1]:56394 Accepted
[Tue Jun 13 12:45:21 2023] [::1]:56386 [200]: GET /assets/js/script.js
[Tue Jun 13 12:45:21 2023] [::1]:56404 Accepted
[Tue Jun 13 12:45:21 2023] [::1]:56384 [200]: GET /assets/js/jquery.min.js
[Tue Jun 13 12:45:21 2023] [::1]:56386 Closing
[Tue Jun 13 12:45:21 2023] [::1]:56394 [200]: GET /assets/js/sweetalert2.min.js
[Tue Jun 13 12:45:21 2023] [::1]:56408 Accepted
[Tue Jun 13 12:45:21 2023] [::1]:56384 Closing
[Tue Jun 13 12:45:21 2023] [::1]:56408 [200]: GET /assets/js/growl-notification.min.js
[Tue Jun 13 12:45:21 2023] [::1]:56394 Closing
[Tue Jun 13 12:45:21 2023] [::1]:56408 Closing
[Tue Jun 13 12:45:21 2023] [::1]:56404 [200]: GET /assets/css/light-theme.min.css
[Tue Jun 13 12:45:21 2023] [::1]:56404 Closing
[Tue Jun 13 12:45:24 2023] [::1]:43494 Accepted
[Tue Jun 13 12:45:24 2023] [::1]:43494 [200]: POST /list_templates.php
[Tue Jun 13 12:45:24 2023] [::1]:43494 Closing
[Tue Jun 13 12:45:24 2023] [::1]:43504 Accepted
[Tue Jun 13 12:45:24 2023] [::1]:43504 [200]: GET /Settings.json
[Tue Jun 13 12:45:24 2023] [::1]:43504 Closing
[Tue Jun 13 12:45:27 2023] [::1]:43516 Accepted
[Tue Jun 13 12:45:27 2023] [::1]:43516 [200]: POST /receiver.php
[Tue Jun 13 12:45:27 2023] [::1]:43516 Closing
[Tue Jun 13 12:45:29 2023] [::1]:43530 Accepted
[Tue Jun 13 12:45:29 2023] [::1]:43530 [200]: POST /receiver.php
[Tue Jun 13 12:45:29 2023] [::1]:43530 Closing
[Tue Jun 13 12:45:31 2023] [::1]:43532 Accepted
[Tue Jun 13 12:45:31 2023] [::1]:43532 [200]: POST /receiver.php
[Tue Jun 13 12:45:31 2023] [::1]:43532 Closing
[Tue Jun 13 12:45:33 2023] [::1]:43544 Accepted
[Tue Jun 13 12:45:33 2023] [::1]:43544 [200]: POST /receiver.php
[Tue Jun 13 12:45:33 2023] [::1]:43544 Closing
[Tue Jun 13 12:45:35 2023] [::1]:37090 Accepted
[Tue Jun 13 12:45:35 2023] [::1]:37090 [200]: POST /receiver.php
[Tue Jun 13 12:45:35 2023] [::1]:37090 Closing
[Tue Jun 13 12:45:37 2023] [::1]:37106 Accepted
[Tue Jun 13 12:45:37 2023] [::1]:37106 [302]: GET /login.php
[Tue Jun 13 12:45:37 2023] [::1]:37106 Closing
[Tue Jun 13 12:45:37 2023] [::1]:37108 Accepted
[Tue Jun 13 12:45:37 2023] [::1]:37108 [200]: GET /panel.php
[Tue Jun 13 12:45:37 2023] [::1]:37108 Closing
[Tue Jun 13 12:45:37 2023] [::1]:37110 Accepted
[Tue Jun 13 12:45:37 2023] [::1]:37110 [200]: POST /receiver.php
[Tue Jun 13 12:45:37 2023] [::1]:37110 Closing
[Tue Jun 13 12:45:37 2023] [::1]:37122 Accepted
[Tue Jun 13 12:45:37 2023] [::1]:37130 Accepted
[Tue Jun 13 12:45:37 2023] [::1]:37130 [200]: GET /Settings.json
[Tue Jun 13 12:45:37 2023] [::1]:37122 [200]: POST /list_templates.php
[Tue Jun 13 12:45:37 2023] [::1]:37122 Closing
[Tue Jun 13 12:45:37 2023] [::1]:37130 Closing
[Tue Jun 13 12:45:40 2023] [::1]:37146 Accepted
[Tue Jun 13 12:45:40 2023] [::1]:37146 [200]: POST /receiver.php
[Tue Jun 13 12:45:40 2023] [::1]:37146 Closing
[Tue Jun 13 12:49:25 2023] [::1]:57828 Accepted
[Tue Jun 13 12:49:25 2023] [::1]:57828 [200]: GET /login.php
[Tue Jun 13 12:49:25 2023] [::1]:57828 Closing
[Tue Jun 13 12:49:26 2023] [::1]:57834 Accepted
[Tue Jun 13 12:49:26 2023] [::1]:57834 [200]: GET /assets/css/bootstrap.min.css
[Tue Jun 13 12:49:26 2023] [::1]:57834 Closing
[Tue Jun 13 12:49:26 2023] [::1]:57842 Accepted
[Tue Jun 13 12:49:26 2023] [::1]:57842 [200]: GET /assets/css/style.css
[Tue Jun 13 12:49:26 2023] [::1]:57842 Closing
[Tue Jun 13 13:05:28 2023] [::1]:39282 Accepted
[Tue Jun 13 13:05:28 2023] [::1]:39282 [302]: GET /
[Tue Jun 13 13:05:28 2023] [::1]:39282 Closing
[Tue Jun 13 13:05:28 2023] [::1]:39284 Accepted
[Tue Jun 13 13:05:28 2023] [::1]:39284 [200]: GET /login.php
[Tue Jun 13 13:05:28 2023] [::1]:39284 Closing
[Tue Jun 13 13:05:28 2023] [::1]:39286 Accepted
[Tue Jun 13 13:05:28 2023] [::1]:39286 [200]: GET /assets/css/bootstrap.min.css
[Tue Jun 13 13:05:28 2023] [::1]:39286 Closing
[Tue Jun 13 13:05:28 2023] [::1]:39302 Accepted
[Tue Jun 13 13:05:28 2023] [::1]:39302 [200]: GET /assets/css/style.css
[Tue Jun 13 13:05:28 2023] [::1]:39302 Closing
[Tue Jun 13 13:05:31 2023] [::1]:39318 Accepted
[Tue Jun 13 13:05:31 2023] [::1]:39318 [404]: GET /favicon.ico - No such file or directory
[Tue Jun 13 13:05:31 2023] [::1]:39318 Closing
[Tue Jun 13 13:05:42 2023] [::1]:53190 Accepted
[Tue Jun 13 13:05:42 2023] [::1]:53190 [200]: POST /login.php
[Tue Jun 13 13:05:42 2023] [::1]:53190 Closing
[Tue Jun 13 13:05:43 2023] [::1]:53196 Accepted
[Tue Jun 13 13:05:43 2023] [::1]:53196 [200]: GET /assets/css/bootstrap.min.css
[Tue Jun 13 13:05:43 2023] [::1]:53196 Closing
[Tue Jun 13 13:05:43 2023] [::1]:53198 Accepted
[Tue Jun 13 13:05:43 2023] [::1]:53198 [200]: GET /assets/css/style.css
[Tue Jun 13 13:05:43 2023] [::1]:53198 Closing
[Tue Jun 13 13:05:45 2023] [::1]:38756 Accepted
[Tue Jun 13 13:05:45 2023] [::1]:38756 [200]: GET /panel.php
[Tue Jun 13 13:05:45 2023] [::1]:38756 Closing
[Tue Jun 13 13:05:45 2023] [::1]:38764 Accepted
[Tue Jun 13 13:05:45 2023] [::1]:38764 [200]: GET /assets/css/bootstrap.min.css
[Tue Jun 13 13:05:45 2023] [::1]:38764 Closing
[Tue Jun 13 13:05:45 2023] [::1]:38788 Accepted
[Tue Jun 13 13:05:45 2023] [::1]:38780 Accepted
[Tue Jun 13 13:05:45 2023] [::1]:38788 [200]: GET /assets/css/light-theme.min.css
[Tue Jun 13 13:05:45 2023] [::1]:38788 Closing
[Tue Jun 13 13:05:45 2023] [::1]:38780 [200]: GET /assets/js/jquery.min.js
[Tue Jun 13 13:05:45 2023] [::1]:38780 Closing
[Tue Jun 13 13:05:45 2023] [::1]:38790 Accepted
[Tue Jun 13 13:05:45 2023] [::1]:38794 Accepted
[Tue Jun 13 13:05:45 2023] [::1]:38790 [200]: GET /assets/js/sweetalert2.min.js
[Tue Jun 13 13:05:45 2023] [::1]:38790 Closing
[Tue Jun 13 13:05:45 2023] [::1]:38794 [200]: GET /assets/js/script.js
[Tue Jun 13 13:05:45 2023] [::1]:38794 Closing
[Tue Jun 13 13:05:45 2023] [::1]:38808 Accepted
[Tue Jun 13 13:05:45 2023] [::1]:38808 [200]: GET /assets/js/growl-notification.min.js
[Tue Jun 13 13:05:45 2023] [::1]:38808 Closing
[Tue Jun 13 13:05:48 2023] [::1]:38812 Accepted
[Tue Jun 13 13:05:48 2023] [::1]:38812 [200]: POST /list_templates.php
[Tue Jun 13 13:05:48 2023] [::1]:38812 Closing
[Tue Jun 13 13:05:48 2023] [::1]:38824 Accepted
[Tue Jun 13 13:05:48 2023] [::1]:38824 [200]: GET /Settings.json
[Tue Jun 13 13:05:48 2023] [::1]:38824 Closing
[Tue Jun 13 13:05:51 2023] [::1]:38834 Accepted
[Tue Jun 13 13:05:51 2023] [::1]:38834 [200]: POST /receiver.php
[Tue Jun 13 13:05:51 2023] [::1]:38834 Closing
[Tue Jun 13 13:05:53 2023] [::1]:38850 Accepted
[Tue Jun 13 13:05:53 2023] [::1]:38850 [200]: POST /receiver.php
[Tue Jun 13 13:05:53 2023] [::1]:38850 Closing
[Tue Jun 13 13:05:55 2023] [::1]:43924 Accepted
[Tue Jun 13 13:05:55 2023] [::1]:43924 [200]: POST /receiver.php
[Tue Jun 13 13:05:55 2023] [::1]:43924 Closing
[Tue Jun 13 13:05:57 2023] [::1]:43934 Accepted
[Tue Jun 13 13:05:57 2023] [::1]:43934 [200]: POST /receiver.php
[Tue Jun 13 13:05:57 2023] [::1]:43934 Closing
[Tue Jun 13 13:05:59 2023] [::1]:43944 Accepted
[Tue Jun 13 13:05:59 2023] [::1]:43944 [200]: POST /receiver.php
[Tue Jun 13 13:05:59 2023] [::1]:43944 Closing
[Tue Jun 13 13:06:01 2023] [::1]:43956 Accepted
[Tue Jun 13 13:06:01 2023] [::1]:43956 [200]: POST /receiver.php
[Tue Jun 13 13:06:01 2023] [::1]:43956 Closing
[Tue Jun 13 13:06:01 2023] [::1]:43958 Accepted
[Tue Jun 13 13:06:01 2023] [::1]:43958 [200]: GET /panel.php
[Tue Jun 13 13:06:01 2023] [::1]:43958 Closing
[Tue Jun 13 13:06:01 2023] [::1]:43974 Accepted
[Tue Jun 13 13:06:01 2023] [::1]:43974 [200]: GET /assets/css/bootstrap.min.css
[Tue Jun 13 13:06:01 2023] [::1]:43974 Closing
[Tue Jun 13 13:06:01 2023] [::1]:43976 Accepted
[Tue Jun 13 13:06:01 2023] [::1]:43976 [200]: GET /assets/css/light-theme.min.css
[Tue Jun 13 13:06:01 2023] [::1]:43976 Closing
[Tue Jun 13 13:06:01 2023] [::1]:43986 Accepted
[Tue Jun 13 13:06:01 2023] [::1]:43986 [200]: GET /assets/js/jquery.min.js
[Tue Jun 13 13:06:01 2023] [::1]:43986 Closing
[Tue Jun 13 13:06:01 2023] [::1]:44002 Accepted
[Tue Jun 13 13:06:01 2023] [::1]:44002 [200]: GET /assets/js/script.js
[Tue Jun 13 13:06:01 2023] [::1]:44002 Closing
[Tue Jun 13 13:06:01 2023] [::1]:44004 Accepted
[Tue Jun 13 13:06:01 2023] [::1]:44004 [200]: GET /assets/js/sweetalert2.min.js
[Tue Jun 13 13:06:01 2023] [::1]:44004 Closing
[Tue Jun 13 13:06:01 2023] [::1]:44018 Accepted
[Tue Jun 13 13:06:01 2023] [::1]:44018 [200]: GET /assets/js/growl-notification.min.js
[Tue Jun 13 13:06:01 2023] [::1]:44018 Closing
[Tue Jun 13 13:06:04 2023] [::1]:36412 Accepted
[Tue Jun 13 13:06:04 2023] [::1]:36428 Accepted
[Tue Jun 13 13:06:04 2023] [::1]:36412 [200]: GET /Settings.json
[Tue Jun 13 13:06:04 2023] [::1]:36428 [200]: POST /list_templates.php
[Tue Jun 13 13:06:04 2023] [::1]:36428 Closing
[Tue Jun 13 13:06:04 2023] [::1]:36412 Closing
[Tue Jun 13 13:06:06 2023] [::1]:36440 Accepted
[Tue Jun 13 13:06:06 2023] [::1]:36440 [200]: POST /receiver.php
[Tue Jun 13 13:06:06 2023] [::1]:36440 Closing
[Tue Jun 13 13:06:08 2023] [::1]:36442 Accepted
[Tue Jun 13 13:06:08 2023] [::1]:36442 [200]: POST /receiver.php
[Tue Jun 13 13:06:08 2023] [::1]:36442 Closing
[Tue Jun 13 13:06:10 2023] [::1]:36444 Accepted
[Tue Jun 13 13:06:10 2023] [::1]:36444 [200]: POST /receiver.php
[Tue Jun 13 13:06:10 2023] [::1]:36444 Closing
[Tue Jun 13 13:06:12 2023] [::1]:36458 Accepted
[Tue Jun 13 13:06:12 2023] [::1]:36458 [200]: POST /receiver.php
[Tue Jun 13 13:06:12 2023] [::1]:36458 Closing
[Tue Jun 13 13:06:14 2023] [::1]:60140 Accepted
[Tue Jun 13 13:06:14 2023] [::1]:60140 [200]: POST /receiver.php
[Tue Jun 13 13:06:14 2023] [::1]:60140 Closing
[Tue Jun 13 13:06:16 2023] [::1]:60152 Accepted
[Tue Jun 13 13:06:16 2023] [::1]:60152 [200]: POST /receiver.php
[Tue Jun 13 13:06:16 2023] [::1]:60152 Closing
[Tue Jun 13 13:06:18 2023] [::1]:60160 Accepted
[Tue Jun 13 13:06:18 2023] [::1]:60160 [200]: POST /receiver.php
[Tue Jun 13 13:06:18 2023] [::1]:60160 Closing
[Tue Jun 13 13:06:20 2023] [::1]:60170 Accepted
[Tue Jun 13 13:06:20 2023] [::1]:60170 [200]: POST /receiver.php
[Tue Jun 13 13:06:20 2023] [::1]:60170 Closing
[Tue Jun 13 13:06:22 2023] [::1]:60172 Accepted
[Tue Jun 13 13:06:22 2023] [::1]:60172 [200]: POST /receiver.php
[Tue Jun 13 13:06:22 2023] [::1]:60172 Closing
[Tue Jun 13 13:06:24 2023] [::1]:50118 Accepted
[Tue Jun 13 13:06:24 2023] [::1]:50118 [200]: POST /receiver.php
[Tue Jun 13 13:06:24 2023] [::1]:50118 Closing
[Tue Jun 13 13:06:26 2023] [::1]:50130 Accepted
[Tue Jun 13 13:06:26 2023] [::1]:50130 [200]: POST /receiver.php
[Tue Jun 13 13:06:26 2023] [::1]:50130 Closing
[Tue Jun 13 13:06:28 2023] [::1]:50144 Accepted
[Tue Jun 13 13:06:28 2023] [::1]:50144 [200]: POST /receiver.php
[Tue Jun 13 13:06:28 2023] [::1]:50144 Closing
[Tue Jun 13 13:06:30 2023] [::1]:50152 Accepted
[Tue Jun 13 13:06:30 2023] [::1]:50152 [200]: POST /receiver.php
[Tue Jun 13 13:06:30 2023] [::1]:50152 Closing
[Tue Jun 13 13:06:32 2023] [::1]:50162 Accepted
[Tue Jun 13 13:06:32 2023] [::1]:50162 [200]: POST /receiver.php
[Tue Jun 13 13:06:32 2023] [::1]:50162 Closing
[Tue Jun 13 13:06:35 2023] [::1]:33248 Accepted
[Tue Jun 13 13:06:35 2023] [::1]:33248 [200]: POST /receiver.php
[Tue Jun 13 13:06:35 2023] [::1]:33248 Closing
[Tue Jun 13 13:06:36 2023] [::1]:33262 Accepted
[Tue Jun 13 13:06:36 2023] [::1]:33262 [200]: POST /receiver.php
[Tue Jun 13 13:06:36 2023] [::1]:33262 Closing
[Tue Jun 13 13:06:38 2023] [::1]:33272 Accepted
[Tue Jun 13 13:06:38 2023] [::1]:33272 [200]: POST /receiver.php
[Tue Jun 13 13:06:38 2023] [::1]:33272 Closing
[Tue Jun 13 13:06:40 2023] [::1]:33288 Accepted
[Tue Jun 13 13:06:40 2023] [::1]:33288 [200]: POST /receiver.php
[Tue Jun 13 13:06:40 2023] [::1]:33288 Closing
[Tue Jun 13 13:06:43 2023] [::1]:42970 Accepted
[Tue Jun 13 13:06:43 2023] [::1]:42970 [200]: POST /receiver.php
[Tue Jun 13 13:06:43 2023] [::1]:42970 Closing
[Tue Jun 13 13:06:45 2023] [::1]:42978 Accepted
[Tue Jun 13 13:06:45 2023] [::1]:42978 [200]: POST /receiver.php
[Tue Jun 13 13:06:45 2023] [::1]:42978 Closing
[Tue Jun 13 13:06:47 2023] [::1]:42990 Accepted
[Tue Jun 13 13:06:47 2023] [::1]:42990 [200]: POST /receiver.php
[Tue Jun 13 13:06:47 2023] [::1]:42990 Closing
[Tue Jun 13 13:06:49 2023] [::1]:43002 Accepted
[Tue Jun 13 13:06:49 2023] [::1]:43002 [200]: POST /receiver.php
[Tue Jun 13 13:06:49 2023] [::1]:43002 Closing
[Tue Jun 13 13:06:51 2023] [::1]:43010 Accepted
[Tue Jun 13 13:06:51 2023] [::1]:43010 [200]: POST /receiver.php
[Tue Jun 13 13:06:51 2023] [::1]:43010 Closing
[Tue Jun 13 13:06:53 2023] [::1]:58744 Accepted
[Tue Jun 13 13:06:53 2023] [::1]:58744 [200]: POST /receiver.php
[Tue Jun 13 13:06:53 2023] [::1]:58744 Closing
[Tue Jun 13 13:06:55 2023] [::1]:58760 Accepted
[Tue Jun 13 13:06:55 2023] [::1]:58760 [200]: POST /receiver.php
[Tue Jun 13 13:06:55 2023] [::1]:58760 Closing
[Tue Jun 13 13:06:57 2023] [::1]:58762 Accepted
[Tue Jun 13 13:06:57 2023] [::1]:58762 [200]: POST /receiver.php
[Tue Jun 13 13:06:57 2023] [::1]:58762 Closing
[Tue Jun 13 13:06:59 2023] [::1]:58776 Accepted
[Tue Jun 13 13:06:59 2023] [::1]:58776 [200]: POST /receiver.php
[Tue Jun 13 13:06:59 2023] [::1]:58776 Closing
[Tue Jun 13 13:07:01 2023] [::1]:58782 Accepted
[Tue Jun 13 13:07:01 2023] [::1]:58782 [200]: POST /receiver.php
[Tue Jun 13 13:07:01 2023] [::1]:58782 Closing
[Tue Jun 13 13:07:03 2023] [::1]:58792 Accepted
[Tue Jun 13 13:07:03 2023] [::1]:58792 [200]: POST /receiver.php
[Tue Jun 13 13:07:03 2023] [::1]:58792 Closing
[Tue Jun 13 13:07:06 2023] [::1]:59926 Accepted
[Tue Jun 13 13:07:06 2023] [::1]:59926 [200]: POST /receiver.php
[Tue Jun 13 13:07:06 2023] [::1]:59926 Closing
[Tue Jun 13 13:07:07 2023] [::1]:59928 Accepted
[Tue Jun 13 13:07:07 2023] [::1]:59928 [200]: POST /receiver.php
[Tue Jun 13 13:07:07 2023] [::1]:59928 Closing
[Tue Jun 13 13:07:09 2023] [::1]:59936 Accepted
[Tue Jun 13 13:07:09 2023] [::1]:59936 [200]: POST /receiver.php
[Tue Jun 13 13:07:09 2023] [::1]:59936 Closing
[Tue Jun 13 13:07:11 2023] [::1]:59944 Accepted
[Tue Jun 13 13:07:11 2023] [::1]:59944 [200]: POST /receiver.php
[Tue Jun 13 13:07:11 2023] [::1]:59944 Closing
[Tue Jun 13 13:07:13 2023] [::1]:60294 Accepted
[Tue Jun 13 13:07:13 2023] [::1]:60294 [200]: POST /receiver.php
[Tue Jun 13 13:07:13 2023] [::1]:60294 Closing
[Tue Jun 13 13:07:15 2023] [::1]:60296 Accepted
[Tue Jun 13 13:07:15 2023] [::1]:60296 [200]: POST /receiver.php
[Tue Jun 13 13:07:15 2023] [::1]:60296 Closing
[Tue Jun 13 13:07:17 2023] [::1]:60304 Accepted
[Tue Jun 13 13:07:17 2023] [::1]:60304 [200]: POST /receiver.php
[Tue Jun 13 13:07:17 2023] [::1]:60304 Closing
[Tue Jun 13 13:07:19 2023] [::1]:60318 Accepted
[Tue Jun 13 13:07:19 2023] [::1]:60318 [200]: POST /receiver.php
[Tue Jun 13 13:07:19 2023] [::1]:60318 Closing
[Tue Jun 13 13:07:21 2023] [::1]:60326 Accepted
[Tue Jun 13 13:07:21 2023] [::1]:60326 [200]: POST /receiver.php
[Tue Jun 13 13:07:21 2023] [::1]:60326 Closing
[Tue Jun 13 13:07:23 2023] [::1]:43064 Accepted
[Tue Jun 13 13:07:23 2023] [::1]:43064 [200]: POST /receiver.php
[Tue Jun 13 13:07:23 2023] [::1]:43064 Closing
[Tue Jun 13 13:07:25 2023] [::1]:43068 Accepted
[Tue Jun 13 13:07:25 2023] [::1]:43068 [200]: POST /receiver.php
[Tue Jun 13 13:07:25 2023] [::1]:43068 Closing
[Tue Jun 13 13:07:27 2023] [::1]:43072 Accepted
[Tue Jun 13 13:07:27 2023] [::1]:43072 [200]: POST /receiver.php
[Tue Jun 13 13:07:27 2023] [::1]:43072 Closing
[Tue Jun 13 13:07:29 2023] [::1]:43074 Accepted
[Tue Jun 13 13:07:29 2023] [::1]:43074 [200]: POST /receiver.php
[Tue Jun 13 13:07:29 2023] [::1]:43074 Closing
[Tue Jun 13 13:07:31 2023] [::1]:43078 Accepted
[Tue Jun 13 13:07:31 2023] [::1]:43078 [200]: POST /receiver.php
[Tue Jun 13 13:07:31 2023] [::1]:43078 Closing
[Tue Jun 13 13:07:33 2023] [::1]:43090 Accepted
[Tue Jun 13 13:07:33 2023] [::1]:43090 [200]: POST /receiver.php
[Tue Jun 13 13:07:33 2023] [::1]:43090 Closing
[Tue Jun 13 13:07:35 2023] [::1]:57636 Accepted
[Tue Jun 13 13:07:35 2023] [::1]:57636 [200]: POST /receiver.php
[Tue Jun 13 13:07:35 2023] [::1]:57636 Closing
[Tue Jun 13 13:07:37 2023] [::1]:57646 Accepted
[Tue Jun 13 13:07:38 2023] [::1]:57646 [200]: POST /receiver.php
[Tue Jun 13 13:07:38 2023] [::1]:57646 Closing
[Tue Jun 13 13:07:39 2023] [::1]:57648 Accepted
[Tue Jun 13 13:07:39 2023] [::1]:57648 [200]: POST /receiver.php
[Tue Jun 13 13:07:39 2023] [::1]:57648 Closing
[Tue Jun 13 13:07:54 2023] [::1]:53182 Accepted
[Tue Jun 13 13:07:54 2023] [::1]:53182 [200]: POST /receiver.php
[Tue Jun 13 13:07:54 2023] [::1]:53182 Closing
[Tue Jun 13 13:08:50 2023] [::1]:42370 Accepted
[Tue Jun 13 13:08:50 2023] [::1]:42370 [200]: POST /receiver.php
[Tue Jun 13 13:08:50 2023] [::1]:42370 Closing
[Tue Jun 13 13:08:50 2023] [::1]:42378 Accepted
[Tue Jun 13 13:08:50 2023] [::1]:42378 [200]: POST /receiver.php
[Tue Jun 13 13:08:50 2023] [::1]:42378 Closing
[Tue Jun 13 13:08:52 2023] [::1]:42380 Accepted
[Tue Jun 13 13:08:52 2023] [::1]:42380 [200]: POST /receiver.php
[Tue Jun 13 13:08:52 2023] [::1]:42380 Closing
[Tue Jun 13 13:08:54 2023] [::1]:46084 Accepted
[Tue Jun 13 13:08:54 2023] [::1]:46084 [200]: POST /receiver.php
[Tue Jun 13 13:08:54 2023] [::1]:46084 Closing
[Tue Jun 13 13:08:56 2023] [::1]:46094 Accepted
[Tue Jun 13 13:08:56 2023] [::1]:46094 [200]: POST /receiver.php
[Tue Jun 13 13:08:56 2023] [::1]:46094 Closing
[Tue Jun 13 13:08:58 2023] [::1]:46104 Accepted
[Tue Jun 13 13:08:58 2023] [::1]:46104 [200]: POST /receiver.php
[Tue Jun 13 13:08:58 2023] [::1]:46104 Closing
[Tue Jun 13 13:09:00 2023] [::1]:46112 Accepted
[Tue Jun 13 13:09:00 2023] [::1]:46112 [200]: POST /receiver.php
[Tue Jun 13 13:09:00 2023] [::1]:46112 Closing
[Tue Jun 13 13:09:02 2023] [::1]:46120 Accepted
[Tue Jun 13 13:09:02 2023] [::1]:46120 [200]: POST /receiver.php
[Tue Jun 13 13:09:02 2023] [::1]:46120 Closing
[Tue Jun 13 13:09:05 2023] [::1]:35948 Accepted
[Tue Jun 13 13:09:05 2023] [::1]:35948 [200]: POST /receiver.php
[Tue Jun 13 13:09:05 2023] [::1]:35948 Closing
[Tue Jun 13 13:09:06 2023] [::1]:35962 Accepted
[Tue Jun 13 13:09:06 2023] [::1]:35962 [200]: POST /receiver.php
[Tue Jun 13 13:09:06 2023] [::1]:35962 Closing
[Tue Jun 13 13:09:09 2023] [::1]:35976 Accepted
[Tue Jun 13 13:09:09 2023] [::1]:35976 [200]: POST /receiver.php
[Tue Jun 13 13:09:09 2023] [::1]:35976 Closing
[Tue Jun 13 13:09:11 2023] [::1]:35982 Accepted
[Tue Jun 13 13:09:11 2023] [::1]:35982 [200]: POST /receiver.php
[Tue Jun 13 13:09:11 2023] [::1]:35982 Closing
[Tue Jun 13 13:09:13 2023] [::1]:35988 Accepted
[Tue Jun 13 13:09:13 2023] [::1]:35988 [200]: POST /receiver.php
[Tue Jun 13 13:09:13 2023] [::1]:35988 Closing
[Tue Jun 13 13:09:14 2023] [::1]:46754 Accepted
[Tue Jun 13 13:09:14 2023] [::1]:46754 [200]: GET /templates/camera_temp/index.html
[Tue Jun 13 13:09:14 2023] [::1]:46754 Closing
[Tue Jun 13 13:09:15 2023] [::1]:46764 Accepted
[Tue Jun 13 13:09:15 2023] [::1]:46764 [200]: POST /receiver.php
[Tue Jun 13 13:09:15 2023] [::1]:46764 Closing
[Tue Jun 13 13:09:16 2023] [::1]:46772 Accepted
[Tue Jun 13 13:09:16 2023] [::1]:46772 [200]: GET /templates/camera_temp/index.html
[Tue Jun 13 13:09:16 2023] [::1]:46772 Closing
[Tue Jun 13 13:09:17 2023] [::1]:46786 Accepted
[Tue Jun 13 13:09:17 2023] [::1]:46786 [200]: POST /receiver.php
[Tue Jun 13 13:09:17 2023] [::1]:46786 Closing
[Tue Jun 13 13:09:19 2023] [::1]:46798 Accepted
[Tue Jun 13 13:09:19 2023] [::1]:46798 [200]: POST /receiver.php
[Tue Jun 13 13:09:19 2023] [::1]:46798 Closing
[Tue Jun 13 13:09:21 2023] [::1]:46808 Accepted
[Tue Jun 13 13:09:21 2023] [::1]:46808 [200]: POST /receiver.php
[Tue Jun 13 13:09:21 2023] [::1]:46808 Closing
[Tue Jun 13 13:09:23 2023] [::1]:46814 Accepted
[Tue Jun 13 13:09:23 2023] [::1]:46814 [200]: POST /receiver.php
[Tue Jun 13 13:09:23 2023] [::1]:46814 Closing
[Tue Jun 13 13:09:25 2023] [::1]:44502 Accepted
[Tue Jun 13 13:09:25 2023] [::1]:44502 [200]: POST /receiver.php
[Tue Jun 13 13:09:25 2023] [::1]:44502 Closing
[Tue Jun 13 13:09:27 2023] [::1]:44506 Accepted
[Tue Jun 13 13:09:27 2023] [::1]:44506 [200]: POST /receiver.php
[Tue Jun 13 13:09:27 2023] [::1]:44506 Closing
[Tue Jun 13 13:09:29 2023] [::1]:44516 Accepted
[Tue Jun 13 13:09:29 2023] [::1]:44516 [200]: POST /receiver.php
[Tue Jun 13 13:09:29 2023] [::1]:44516 Closing
[Tue Jun 13 13:09:31 2023] [::1]:44528 Accepted
[Tue Jun 13 13:09:31 2023] [::1]:44528 [200]: POST /receiver.php
[Tue Jun 13 13:09:31 2023] [::1]:44528 Closing
